<?xml version="1.0" encoding="UTF-8"?>
<coverage generated="1545940963331" clover="3.2.0">
  <project timestamp="1545940963331" name="All files">
    <metrics statements="485" coveredstatements="364" conditionals="139" coveredconditionals="80" methods="157" coveredmethods="93" elements="781" coveredelements="537" complexity="0" loc="485" ncloc="485" packages="21" files="45" classes="45">
      <package name="WebUI-project">
        <metrics statements="7" coveredstatements="6" conditionals="0" coveredconditionals="0" methods="3" coveredmethods="0"/>
        <file name="App.js" path="C:\Users\nicolas.manzato\webUI-bootcamp\WebUI-project\App.js">
          <metrics statements="1" coveredstatements="0" conditionals="0" coveredconditionals="0" methods="1" coveredmethods="0"/>
          <line num="11" count="0" type="stmt"/>
        </file>
        <file name="ReactotronConfig.js" path="C:\Users\nicolas.manzato\webUI-bootcamp\WebUI-project\ReactotronConfig.js">
          <metrics statements="1" coveredstatements="1" conditionals="0" coveredconditionals="0" methods="0" coveredmethods="0"/>
          <line num="5" count="6" type="stmt"/>
        </file>
        <file name="jest.setup.js" path="C:\Users\nicolas.manzato\webUI-bootcamp\WebUI-project\jest.setup.js">
          <metrics statements="5" coveredstatements="5" conditionals="0" coveredconditionals="0" methods="2" coveredmethods="0"/>
          <line num="3" count="30" type="stmt"/>
          <line num="5" count="30" type="stmt"/>
          <line num="10" count="30" type="stmt"/>
          <line num="16" count="30" type="stmt"/>
          <line num="17" count="30" type="stmt"/>
        </file>
      </package>
      <package name="WebUI-project.app">
        <metrics statements="4" coveredstatements="4" conditionals="0" coveredconditionals="0" methods="0" coveredmethods="0"/>
        <file name="store.js" path="C:\Users\nicolas.manzato\webUI-bootcamp\WebUI-project\app\store.js">
          <metrics statements="4" coveredstatements="4" conditionals="0" coveredconditionals="0" methods="0" coveredmethods="0"/>
          <line num="7" count="6" type="stmt"/>
          <line num="10" count="6" type="stmt"/>
          <line num="12" count="6" type="stmt"/>
          <line num="14" count="6" type="stmt"/>
        </file>
      </package>
      <package name="WebUI-project.app.components">
        <metrics statements="27" coveredstatements="9" conditionals="13" coveredconditionals="2" methods="6" coveredmethods="0"/>
        <file name="AppNavigator.js" path="C:\Users\nicolas.manzato\webUI-bootcamp\WebUI-project\app\components\AppNavigator.js">
          <metrics statements="27" coveredstatements="9" conditionals="13" coveredconditionals="2" methods="6" coveredmethods="0"/>
          <line num="20" count="6" type="stmt"/>
          <line num="22" count="0" type="stmt"/>
          <line num="25" count="6" type="stmt"/>
          <line num="34" count="6" type="stmt"/>
          <line num="35" count="0" type="stmt"/>
          <line num="36" count="0" type="cond" truecount="0" falsecount="2"/>
          <line num="37" count="0" type="stmt"/>
          <line num="39" count="0" type="stmt"/>
          <line num="44" count="6" type="stmt"/>
          <line num="50" count="6" type="stmt"/>
          <line num="51" count="0" type="stmt"/>
          <line num="52" count="0" type="cond" truecount="0" falsecount="2"/>
          <line num="53" count="0" type="stmt"/>
          <line num="56" count="0" type="stmt"/>
          <line num="61" count="6" type="stmt"/>
          <line num="68" count="0" type="stmt"/>
          <line num="70" count="0" type="stmt"/>
          <line num="72" count="0" type="cond" truecount="0" falsecount="3"/>
          <line num="74" count="0" type="stmt"/>
          <line num="75" count="0" type="stmt"/>
          <line num="78" count="0" type="stmt"/>
          <line num="79" count="0" type="stmt"/>
          <line num="82" count="0" type="stmt"/>
          <line num="85" count="0" type="cond" truecount="0" falsecount="2"/>
          <line num="115" count="6" type="stmt"/>
          <line num="117" count="6" type="stmt"/>
          <line num="121" count="6" type="stmt"/>
        </file>
      </package>
      <package name="WebUI-project.app.components.animation">
        <metrics statements="14" coveredstatements="0" conditionals="10" coveredconditionals="0" methods="6" coveredmethods="0"/>
        <file name="fade.js" path="C:\Users\nicolas.manzato\webUI-bootcamp\WebUI-project\app\components\animation\fade.js">
          <metrics statements="14" coveredstatements="0" conditionals="10" coveredconditionals="0" methods="6" coveredmethods="0"/>
          <line num="7" count="0" type="stmt"/>
          <line num="9" count="0" type="stmt"/>
          <line num="10" count="0" type="stmt"/>
          <line num="14" count="0" type="cond" truecount="0" falsecount="2"/>
          <line num="18" count="0" type="cond" truecount="0" falsecount="2"/>
          <line num="22" count="0" type="stmt"/>
          <line num="23" count="0" type="stmt"/>
          <line num="31" count="0" type="cond" truecount="0" falsecount="2"/>
          <line num="32" count="0" type="cond" truecount="0" falsecount="2"/>
          <line num="33" count="0" type="stmt"/>
          <line num="39" count="0" type="stmt"/>
          <line num="40" count="0" type="stmt"/>
          <line num="51" count="0" type="stmt"/>
          <line num="53" count="0" type="stmt"/>
        </file>
      </package>
      <package name="WebUI-project.app.components.configuration">
        <metrics statements="10" coveredstatements="8" conditionals="0" coveredconditionals="0" methods="4" coveredmethods="3"/>
        <file name="ConfigItem.js" path="C:\Users\nicolas.manzato\webUI-bootcamp\WebUI-project\app\components\configuration\ConfigItem.js">
          <metrics statements="7" coveredstatements="5" conditionals="0" coveredconditionals="0" methods="3" coveredmethods="2"/>
          <line num="8" count="1" type="stmt"/>
          <line num="10" count="1" type="stmt"/>
          <line num="14" count="1" type="stmt"/>
          <line num="18" count="0" type="stmt"/>
          <line num="22" count="0" type="stmt"/>
          <line num="26" count="1" type="stmt"/>
          <line num="45" count="8" type="stmt"/>
        </file>
        <file name="ConfigList.js" path="C:\Users\nicolas.manzato\webUI-bootcamp\WebUI-project\app\components\configuration\ConfigList.js">
          <metrics statements="3" coveredstatements="3" conditionals="0" coveredconditionals="0" methods="1" coveredmethods="1"/>
          <line num="9" count="7" type="stmt"/>
          <line num="11" count="1" type="stmt"/>
          <line num="30" count="7" type="stmt"/>
        </file>
      </package>
      <package name="WebUI-project.app.components.post">
        <metrics statements="29" coveredstatements="26" conditionals="10" coveredconditionals="7" methods="15" coveredmethods="12"/>
        <file name="post.js" path="C:\Users\nicolas.manzato\webUI-bootcamp\WebUI-project\app\components\post\post.js">
          <metrics statements="7" coveredstatements="6" conditionals="6" coveredconditionals="5" methods="5" coveredmethods="4"/>
          <line num="16" count="4" type="stmt"/>
          <line num="21" count="4" type="cond" truecount="2" falsecount="0"/>
          <line num="22" count="1" type="stmt"/>
          <line num="23" count="1" type="stmt"/>
          <line num="35" count="0" type="stmt"/>
          <line num="39" count="4" type="stmt"/>
          <line num="90" count="10" type="stmt"/>
        </file>
        <file name="postDetail.js" path="C:\Users\nicolas.manzato\webUI-bootcamp\WebUI-project\app\components\post\postDetail.js">
          <metrics statements="10" coveredstatements="10" conditionals="4" coveredconditionals="2" methods="3" coveredmethods="3"/>
          <line num="13" count="7" type="stmt"/>
          <line num="15" count="1" type="stmt"/>
          <line num="18" count="1" type="cond" truecount="1" falsecount="1"/>
          <line num="19" count="1" type="stmt"/>
          <line num="20" count="1" type="stmt"/>
          <line num="31" count="1" type="stmt"/>
          <line num="33" count="1" type="stmt"/>
          <line num="95" count="7" type="stmt"/>
          <line num="97" count="1" type="stmt"/>
          <line num="105" count="7" type="stmt"/>
        </file>
        <file name="postList.js" path="C:\Users\nicolas.manzato\webUI-bootcamp\WebUI-project\app\components\post\postList.js">
          <metrics statements="7" coveredstatements="6" conditionals="0" coveredconditionals="0" methods="4" coveredmethods="3"/>
          <line num="13" count="8" type="stmt"/>
          <line num="15" count="3" type="stmt"/>
          <line num="16" count="0" type="stmt"/>
          <line num="19" count="3" type="stmt"/>
          <line num="20" count="6" type="stmt"/>
          <line num="25" count="3" type="stmt"/>
          <line num="33" count="6" type="stmt"/>
        </file>
        <file name="postListElement.js" path="C:\Users\nicolas.manzato\webUI-bootcamp\WebUI-project\app\components\post\postListElement.js">
          <metrics statements="5" coveredstatements="4" conditionals="0" coveredconditionals="0" methods="3" coveredmethods="2"/>
          <line num="16" count="4" type="stmt"/>
          <line num="17" count="4" type="stmt"/>
          <line num="21" count="0" type="stmt"/>
          <line num="25" count="7" type="stmt"/>
          <line num="26" count="7" type="stmt"/>
        </file>
      </package>
      <package name="WebUI-project.app.components.search">
        <metrics statements="15" coveredstatements="7" conditionals="6" coveredconditionals="2" methods="5" coveredmethods="2"/>
        <file name="searchForm.js" path="C:\Users\nicolas.manzato\webUI-bootcamp\WebUI-project\app\components\search\searchForm.js">
          <metrics statements="15" coveredstatements="7" conditionals="6" coveredconditionals="2" methods="5" coveredmethods="2"/>
          <line num="10" count="7" type="stmt"/>
          <line num="14" count="1" type="stmt"/>
          <line num="16" count="1" type="stmt"/>
          <line num="19" count="1" type="stmt"/>
          <line num="23" count="0" type="cond" truecount="0" falsecount="2"/>
          <line num="24" count="0" type="stmt"/>
          <line num="25" count="0" type="cond" truecount="0" falsecount="2"/>
          <line num="26" count="0" type="stmt"/>
          <line num="27" count="0" type="stmt"/>
          <line num="37" count="0" type="stmt"/>
          <line num="38" count="0" type="stmt"/>
          <line num="45" count="1" type="stmt"/>
          <line num="56" count="1" type="stmt"/>
          <line num="63" count="0" type="stmt"/>
          <line num="82" count="7" type="stmt"/>
        </file>
      </package>
      <package name="WebUI-project.app.components.timeline">
        <metrics statements="7" coveredstatements="5" conditionals="2" coveredconditionals="1" methods="3" coveredmethods="2"/>
        <file name="timeline.js" path="C:\Users\nicolas.manzato\webUI-bootcamp\WebUI-project\app\components\timeline\timeline.js">
          <metrics statements="7" coveredstatements="5" conditionals="2" coveredconditionals="1" methods="3" coveredmethods="2"/>
          <line num="18" count="1" type="stmt"/>
          <line num="20" count="1" type="stmt"/>
          <line num="24" count="0" type="stmt"/>
          <line num="28" count="1" type="cond" truecount="1" falsecount="1"/>
          <line num="29" count="0" type="stmt"/>
          <line num="35" count="1" type="stmt"/>
          <line num="52" count="7" type="stmt"/>
        </file>
      </package>
      <package name="WebUI-project.app.components.trends">
        <metrics statements="10" coveredstatements="9" conditionals="4" coveredconditionals="2" methods="4" coveredmethods="3"/>
        <file name="trendList.js" path="C:\Users\nicolas.manzato\webUI-bootcamp\WebUI-project\app\components\trends\trendList.js">
          <metrics statements="8" coveredstatements="7" conditionals="4" coveredconditionals="2" methods="3" coveredmethods="2"/>
          <line num="16" count="1" type="stmt"/>
          <line num="18" count="1" type="cond" truecount="1" falsecount="1"/>
          <line num="19" count="1" type="stmt"/>
          <line num="20" count="3" type="cond" truecount="1" falsecount="1"/>
          <line num="22" count="3" type="stmt"/>
          <line num="25" count="0" type="stmt"/>
          <line num="41" count="1" type="stmt"/>
          <line num="51" count="8" type="stmt"/>
        </file>
        <file name="trends.js" path="C:\Users\nicolas.manzato\webUI-bootcamp\WebUI-project\app\components\trends\trends.js">
          <metrics statements="2" coveredstatements="2" conditionals="0" coveredconditionals="0" methods="1" coveredmethods="1"/>
          <line num="17" count="1" type="stmt"/>
          <line num="32" count="7" type="stmt"/>
        </file>
      </package>
      <package name="WebUI-project.app.components.user">
        <metrics statements="3" coveredstatements="3" conditionals="0" coveredconditionals="0" methods="1" coveredmethods="1"/>
        <file name="userProfile.js" path="C:\Users\nicolas.manzato\webUI-bootcamp\WebUI-project\app\components\user\userProfile.js">
          <metrics statements="3" coveredstatements="3" conditionals="0" coveredconditionals="0" methods="1" coveredmethods="1"/>
          <line num="12" count="7" type="stmt"/>
          <line num="13" count="3" type="stmt"/>
          <line num="34" count="7" type="stmt"/>
        </file>
      </package>
      <package name="WebUI-project.app.config">
        <metrics statements="2" coveredstatements="2" conditionals="0" coveredconditionals="0" methods="0" coveredmethods="0"/>
        <file name="routes.js" path="C:\Users\nicolas.manzato\webUI-bootcamp\WebUI-project\app\config\routes.js">
          <metrics statements="2" coveredstatements="2" conditionals="0" coveredconditionals="0" methods="0" coveredmethods="0"/>
          <line num="7" count="6" type="stmt"/>
          <line num="13" count="6" type="stmt"/>
        </file>
      </package>
      <package name="WebUI-project.app.screens">
        <metrics statements="71" coveredstatements="23" conditionals="28" coveredconditionals="5" methods="42" coveredmethods="3"/>
        <file name="ConfigScreen.js" path="C:\Users\nicolas.manzato\webUI-bootcamp\WebUI-project\app\screens\ConfigScreen.js">
          <metrics statements="12" coveredstatements="5" conditionals="0" coveredconditionals="0" methods="7" coveredmethods="0"/>
          <line num="17" count="6" type="stmt"/>
          <line num="18" count="0" type="stmt"/>
          <line num="35" count="6" type="stmt"/>
          <line num="39" count="6" type="stmt"/>
          <line num="43" count="6" type="stmt"/>
          <line num="51" count="0" type="stmt"/>
          <line num="60" count="6" type="stmt"/>
          <line num="61" count="0" type="stmt"/>
          <line num="62" count="0" type="stmt"/>
          <line num="63" count="0" type="stmt"/>
          <line num="64" count="0" type="stmt"/>
          <line num="65" count="0" type="stmt"/>
        </file>
        <file name="HomeScreen.js" path="C:\Users\nicolas.manzato\webUI-bootcamp\WebUI-project\app\screens\HomeScreen.js">
          <metrics statements="9" coveredstatements="5" conditionals="0" coveredconditionals="0" methods="4" coveredmethods="0"/>
          <line num="10" count="6" type="stmt"/>
          <line num="11" count="0" type="stmt"/>
          <line num="25" count="6" type="stmt"/>
          <line num="29" count="6" type="stmt"/>
          <line num="33" count="6" type="stmt"/>
          <line num="41" count="0" type="stmt"/>
          <line num="48" count="6" type="stmt"/>
          <line num="49" count="0" type="stmt"/>
          <line num="50" count="0" type="stmt"/>
        </file>
        <file name="PostScreen.js" path="C:\Users\nicolas.manzato\webUI-bootcamp\WebUI-project\app\screens\PostScreen.js">
          <metrics statements="8" coveredstatements="2" conditionals="4" coveredconditionals="0" methods="5" coveredmethods="0"/>
          <line num="27" count="0" type="stmt"/>
          <line num="29" count="0" type="stmt"/>
          <line num="35" count="0" type="stmt"/>
          <line num="39" count="0" type="stmt"/>
          <line num="56" count="0" type="stmt"/>
          <line num="62" count="7" type="stmt"/>
          <line num="63" count="0" type="stmt"/>
          <line num="68" count="7" type="stmt"/>
        </file>
        <file name="SearchScreen.js" path="C:\Users\nicolas.manzato\webUI-bootcamp\WebUI-project\app\screens\SearchScreen.js">
          <metrics statements="32" coveredstatements="3" conditionals="18" coveredconditionals="0" methods="19" coveredmethods="0"/>
          <line num="22" count="0" type="stmt"/>
          <line num="24" count="0" type="stmt"/>
          <line num="33" count="0" type="stmt"/>
          <line num="37" count="0" type="stmt"/>
          <line num="43" count="0" type="cond" truecount="0" falsecount="2"/>
          <line num="44" count="0" type="stmt"/>
          <line num="45" count="0" type="stmt"/>
          <line num="50" count="0" type="stmt"/>
          <line num="51" count="0" type="stmt"/>
          <line num="52" count="0" type="stmt"/>
          <line num="53" count="0" type="stmt"/>
          <line num="57" count="0" type="cond" truecount="0" falsecount="2"/>
          <line num="58" count="0" type="stmt"/>
          <line num="63" count="0" type="cond" truecount="0" falsecount="2"/>
          <line num="64" count="0" type="stmt"/>
          <line num="65" count="0" type="stmt"/>
          <line num="70" count="0" type="stmt"/>
          <line num="71" count="0" type="stmt"/>
          <line num="75" count="0" type="stmt"/>
          <line num="81" count="0" type="stmt"/>
          <line num="88" count="0" type="stmt"/>
          <line num="96" count="0" type="stmt"/>
          <line num="107" count="0" type="stmt"/>
          <line num="135" count="6" type="stmt"/>
          <line num="148" count="6" type="stmt"/>
          <line num="149" count="0" type="stmt"/>
          <line num="161" count="6" type="stmt"/>
          <line num="162" count="0" type="stmt"/>
          <line num="163" count="0" type="stmt"/>
          <line num="164" count="0" type="stmt"/>
          <line num="165" count="0" type="stmt"/>
          <line num="166" count="0" type="stmt"/>
        </file>
        <file name="UserProfileScreen.js" path="C:\Users\nicolas.manzato\webUI-bootcamp\WebUI-project\app\screens\UserProfileScreen.js">
          <metrics statements="10" coveredstatements="8" conditionals="6" coveredconditionals="5" methods="7" coveredmethods="3"/>
          <line num="22" count="1" type="stmt"/>
          <line num="24" count="1" type="stmt"/>
          <line num="30" count="1" type="stmt"/>
          <line num="31" count="1" type="stmt"/>
          <line num="35" count="1" type="stmt"/>
          <line num="39" count="2" type="stmt"/>
          <line num="68" count="0" type="stmt"/>
          <line num="77" count="6" type="stmt"/>
          <line num="78" count="0" type="stmt"/>
          <line num="83" count="6" type="stmt"/>
        </file>
      </package>
      <package name="WebUI-project.app.store">
        <metrics statements="2" coveredstatements="2" conditionals="0" coveredconditionals="0" methods="1" coveredmethods="1"/>
        <file name="appReducer.js" path="C:\Users\nicolas.manzato\webUI-bootcamp\WebUI-project\app\store\appReducer.js">
          <metrics statements="1" coveredstatements="1" conditionals="0" coveredconditionals="0" methods="0" coveredmethods="0"/>
          <line num="10" count="6" type="stmt"/>
        </file>
        <file name="appSagas.js" path="C:\Users\nicolas.manzato\webUI-bootcamp\WebUI-project\app\store\appSagas.js">
          <metrics statements="1" coveredstatements="1" conditionals="0" coveredconditionals="0" methods="1" coveredmethods="1"/>
          <line num="9" count="6" type="stmt"/>
        </file>
      </package>
      <package name="WebUI-project.app.store.configuration">
        <metrics statements="26" coveredstatements="26" conditionals="7" coveredconditionals="7" methods="7" coveredmethods="7"/>
        <file name="configurationActions.js" path="C:\Users\nicolas.manzato\webUI-bootcamp\WebUI-project\app\store\configuration\configurationActions.js">
          <metrics statements="10" coveredstatements="10" conditionals="0" coveredconditionals="0" methods="5" coveredmethods="5"/>
          <line num="1" count="10" type="stmt"/>
          <line num="2" count="10" type="stmt"/>
          <line num="3" count="10" type="stmt"/>
          <line num="4" count="10" type="stmt"/>
          <line num="5" count="10" type="stmt"/>
          <line num="8" count="2" type="stmt"/>
          <line num="12" count="2" type="stmt"/>
          <line num="16" count="2" type="stmt"/>
          <line num="20" count="2" type="stmt"/>
          <line num="24" count="2" type="stmt"/>
        </file>
        <file name="configurationReducer.js" path="C:\Users\nicolas.manzato\webUI-bootcamp\WebUI-project\app\store\configuration\configurationReducer.js">
          <metrics statements="14" coveredstatements="14" conditionals="7" coveredconditionals="7" methods="1" coveredmethods="1"/>
          <line num="11" count="9" type="stmt"/>
          <line num="19" count="9" type="cond" truecount="1" falsecount="0"/>
          <line num="20" count="24" type="cond" truecount="6" falsecount="0"/>
          <line num="22" count="1" type="stmt"/>
          <line num="23" count="1" type="stmt"/>
          <line num="25" count="1" type="stmt"/>
          <line num="26" count="1" type="stmt"/>
          <line num="28" count="1" type="stmt"/>
          <line num="29" count="1" type="stmt"/>
          <line num="31" count="1" type="stmt"/>
          <line num="32" count="1" type="stmt"/>
          <line num="34" count="1" type="stmt"/>
          <line num="35" count="1" type="stmt"/>
          <line num="37" count="19" type="stmt"/>
        </file>
        <file name="configurationSelector.js" path="C:\Users\nicolas.manzato\webUI-bootcamp\WebUI-project\app\store\configuration\configurationSelector.js">
          <metrics statements="2" coveredstatements="2" conditionals="0" coveredconditionals="0" methods="1" coveredmethods="1"/>
          <line num="1" count="9" type="stmt"/>
          <line num="2" count="7" type="stmt"/>
        </file>
      </package>
      <package name="WebUI-project.app.store.navigation">
        <metrics statements="14" coveredstatements="8" conditionals="7" coveredconditionals="3" methods="1" coveredmethods="1"/>
        <file name="navReducer.js" path="C:\Users\nicolas.manzato\webUI-bootcamp\WebUI-project\app\store\navigation\navReducer.js">
          <metrics statements="14" coveredstatements="8" conditionals="7" coveredconditionals="3" methods="1" coveredmethods="1"/>
          <line num="6" count="6" type="stmt"/>
          <line num="7" count="6" type="stmt"/>
          <line num="8" count="6" type="stmt"/>
          <line num="12" count="6" type="cond" truecount="1" falsecount="0"/>
          <line num="14" count="18" type="cond" truecount="1" falsecount="3"/>
          <line num="16" count="0" type="stmt"/>
          <line num="20" count="0" type="stmt"/>
          <line num="22" count="0" type="stmt"/>
          <line num="26" count="0" type="stmt"/>
          <line num="28" count="0" type="stmt"/>
          <line num="32" count="0" type="stmt"/>
          <line num="34" count="18" type="stmt"/>
          <line num="35" count="18" type="stmt"/>
          <line num="39" count="18" type="cond" truecount="1" falsecount="1"/>
        </file>
      </package>
      <package name="WebUI-project.app.store.post">
        <metrics statements="183" coveredstatements="168" conditionals="41" coveredconditionals="40" methods="43" coveredmethods="42"/>
        <file name="postActions.js" path="C:\Users\nicolas.manzato\webUI-bootcamp\WebUI-project\app\store\post\postActions.js">
          <metrics statements="57" coveredstatements="57" conditionals="0" coveredconditionals="0" methods="19" coveredmethods="19"/>
          <line num="1" count="10" type="stmt"/>
          <line num="2" count="10" type="stmt"/>
          <line num="3" count="10" type="stmt"/>
          <line num="5" count="10" type="stmt"/>
          <line num="6" count="10" type="stmt"/>
          <line num="7" count="10" type="stmt"/>
          <line num="9" count="10" type="stmt"/>
          <line num="10" count="10" type="stmt"/>
          <line num="11" count="10" type="stmt"/>
          <line num="13" count="10" type="stmt"/>
          <line num="14" count="10" type="stmt"/>
          <line num="15" count="10" type="stmt"/>
          <line num="17" count="10" type="stmt"/>
          <line num="19" count="10" type="stmt"/>
          <line num="20" count="10" type="stmt"/>
          <line num="21" count="10" type="stmt"/>
          <line num="23" count="10" type="stmt"/>
          <line num="24" count="10" type="stmt"/>
          <line num="25" count="10" type="stmt"/>
          <line num="27" count="10" type="stmt"/>
          <line num="28" count="1" type="stmt"/>
          <line num="30" count="10" type="stmt"/>
          <line num="31" count="2" type="stmt"/>
          <line num="33" count="10" type="stmt"/>
          <line num="34" count="1" type="stmt"/>
          <line num="39" count="10" type="stmt"/>
          <line num="40" count="1" type="stmt"/>
          <line num="42" count="10" type="stmt"/>
          <line num="43" count="2" type="stmt"/>
          <line num="45" count="10" type="stmt"/>
          <line num="46" count="1" type="stmt"/>
          <line num="51" count="10" type="stmt"/>
          <line num="52" count="1" type="stmt"/>
          <line num="54" count="10" type="stmt"/>
          <line num="55" count="2" type="stmt"/>
          <line num="57" count="10" type="stmt"/>
          <line num="58" count="1" type="stmt"/>
          <line num="63" count="10" type="stmt"/>
          <line num="64" count="1" type="stmt"/>
          <line num="66" count="10" type="stmt"/>
          <line num="67" count="2" type="stmt"/>
          <line num="69" count="10" type="stmt"/>
          <line num="70" count="1" type="stmt"/>
          <line num="75" count="10" type="stmt"/>
          <line num="76" count="1" type="stmt"/>
          <line num="81" count="10" type="stmt"/>
          <line num="82" count="1" type="stmt"/>
          <line num="85" count="10" type="stmt"/>
          <line num="86" count="2" type="stmt"/>
          <line num="89" count="10" type="stmt"/>
          <line num="90" count="1" type="stmt"/>
          <line num="95" count="10" type="stmt"/>
          <line num="96" count="1" type="stmt"/>
          <line num="99" count="10" type="stmt"/>
          <line num="100" count="2" type="stmt"/>
          <line num="103" count="10" type="stmt"/>
          <line num="104" count="1" type="stmt"/>
        </file>
        <file name="postReducer.js" path="C:\Users\nicolas.manzato\webUI-bootcamp\WebUI-project\app\store\post\postReducer.js">
          <metrics statements="42" coveredstatements="40" conditionals="21" coveredconditionals="20" methods="1" coveredmethods="1"/>
          <line num="23" count="8" type="stmt"/>
          <line num="46" count="8" type="cond" truecount="1" falsecount="0"/>
          <line num="47" count="38" type="cond" truecount="19" falsecount="1"/>
          <line num="50" count="1" type="stmt"/>
          <line num="51" count="1" type="stmt"/>
          <line num="53" count="1" type="stmt"/>
          <line num="54" count="1" type="stmt"/>
          <line num="56" count="0" type="stmt"/>
          <line num="57" count="0" type="stmt"/>
          <line num="60" count="1" type="stmt"/>
          <line num="61" count="1" type="stmt"/>
          <line num="63" count="1" type="stmt"/>
          <line num="64" count="1" type="stmt"/>
          <line num="66" count="2" type="stmt"/>
          <line num="67" count="2" type="stmt"/>
          <line num="70" count="1" type="stmt"/>
          <line num="71" count="1" type="stmt"/>
          <line num="73" count="1" type="stmt"/>
          <line num="74" count="1" type="stmt"/>
          <line num="76" count="1" type="stmt"/>
          <line num="77" count="1" type="stmt"/>
          <line num="80" count="1" type="stmt"/>
          <line num="81" count="1" type="stmt"/>
          <line num="83" count="1" type="stmt"/>
          <line num="84" count="1" type="stmt"/>
          <line num="86" count="1" type="stmt"/>
          <line num="87" count="1" type="stmt"/>
          <line num="90" count="1" type="stmt"/>
          <line num="91" count="1" type="stmt"/>
          <line num="94" count="1" type="stmt"/>
          <line num="95" count="1" type="stmt"/>
          <line num="97" count="1" type="stmt"/>
          <line num="98" count="1" type="stmt"/>
          <line num="100" count="1" type="stmt"/>
          <line num="101" count="1" type="stmt"/>
          <line num="104" count="1" type="stmt"/>
          <line num="105" count="1" type="stmt"/>
          <line num="107" count="1" type="stmt"/>
          <line num="108" count="1" type="stmt"/>
          <line num="110" count="1" type="stmt"/>
          <line num="111" count="1" type="stmt"/>
          <line num="114" count="19" type="stmt"/>
        </file>
        <file name="postSagas.js" path="C:\Users\nicolas.manzato\webUI-bootcamp\WebUI-project\app\store\post\postSagas.js">
          <metrics statements="62" coveredstatements="49" conditionals="0" coveredconditionals="0" methods="16" coveredmethods="15"/>
          <line num="35" count="7" type="stmt"/>
          <line num="36" count="7" type="stmt"/>
          <line num="37" count="7" type="stmt"/>
          <line num="41" count="1" type="stmt"/>
          <line num="43" count="1" type="stmt"/>
          <line num="44" count="1" type="stmt"/>
          <line num="45" count="1" type="stmt"/>
          <line num="46" count="1" type="stmt"/>
          <line num="48" count="0" type="stmt"/>
          <line num="49" count="0" type="stmt"/>
          <line num="54" count="6" type="stmt"/>
          <line num="58" count="1" type="stmt"/>
          <line num="60" count="1" type="stmt"/>
          <line num="61" count="1" type="stmt"/>
          <line num="62" count="1" type="stmt"/>
          <line num="63" count="1" type="stmt"/>
          <line num="64" count="1" type="stmt"/>
          <line num="66" count="0" type="stmt"/>
          <line num="67" count="0" type="stmt"/>
          <line num="72" count="6" type="stmt"/>
          <line num="76" count="1" type="stmt"/>
          <line num="78" count="1" type="stmt"/>
          <line num="79" count="1" type="stmt"/>
          <line num="80" count="1" type="stmt"/>
          <line num="81" count="1" type="stmt"/>
          <line num="82" count="1" type="stmt"/>
          <line num="84" count="0" type="stmt"/>
          <line num="85" count="0" type="stmt"/>
          <line num="90" count="6" type="stmt"/>
          <line num="94" count="1" type="stmt"/>
          <line num="95" count="1" type="stmt"/>
          <line num="96" count="1" type="stmt"/>
          <line num="97" count="1" type="stmt"/>
          <line num="99" count="1" type="stmt"/>
          <line num="100" count="1" type="stmt"/>
          <line num="101" count="1" type="stmt"/>
          <line num="103" count="0" type="stmt"/>
          <line num="104" count="0" type="stmt"/>
          <line num="109" count="6" type="stmt"/>
          <line num="113" count="1" type="stmt"/>
          <line num="114" count="1" type="stmt"/>
          <line num="115" count="1" type="stmt"/>
          <line num="116" count="1" type="stmt"/>
          <line num="117" count="1" type="stmt"/>
          <line num="118" count="1" type="stmt"/>
          <line num="120" count="0" type="stmt"/>
          <line num="121" count="0" type="stmt"/>
          <line num="126" count="6" type="stmt"/>
          <line num="130" count="1" type="stmt"/>
          <line num="131" count="1" type="stmt"/>
          <line num="132" count="1" type="stmt"/>
          <line num="133" count="1" type="stmt"/>
          <line num="134" count="1" type="stmt"/>
          <line num="135" count="1" type="stmt"/>
          <line num="137" count="0" type="stmt"/>
          <line num="138" count="0" type="stmt"/>
          <line num="143" count="6" type="stmt"/>
          <line num="147" count="0" type="stmt"/>
          <line num="151" count="6" type="stmt"/>
          <line num="155" count="6" type="stmt"/>
          <line num="166" count="7" type="stmt"/>
          <line num="167" count="2" type="stmt"/>
        </file>
        <file name="postSelector.js" path="C:\Users\nicolas.manzato\webUI-bootcamp\WebUI-project\app\store\post\postSelector.js">
          <metrics statements="22" coveredstatements="22" conditionals="20" coveredconditionals="20" methods="7" coveredmethods="7"/>
          <line num="4" count="8" type="stmt"/>
          <line num="5" count="1" type="stmt"/>
          <line num="6" count="1" type="stmt"/>
          <line num="9" count="8" type="stmt"/>
          <line num="10" count="7" type="stmt"/>
          <line num="13" count="8" type="stmt"/>
          <line num="14" count="1" type="stmt"/>
          <line num="17" count="8" type="stmt"/>
          <line num="18" count="1" type="stmt"/>
          <line num="19" count="1" type="stmt"/>
          <line num="22" count="8" type="stmt"/>
          <line num="23" count="1" type="stmt"/>
          <line num="26" count="8" type="stmt"/>
          <line num="28" count="6" type="stmt"/>
          <line num="29" count="6" type="stmt"/>
          <line num="30" count="6" type="stmt"/>
          <line num="32" count="36" type="cond" truecount="4" falsecount="0"/>
          <line num="33" count="34" type="cond" truecount="4" falsecount="0"/>
          <line num="34" count="32" type="cond" truecount="4" falsecount="0"/>
          <line num="35" count="30" type="cond" truecount="4" falsecount="0"/>
          <line num="36" count="28" type="cond" truecount="4" falsecount="0"/>
          <line num="38" count="24" type="stmt"/>
        </file>
      </package>
      <package name="WebUI-project.app.store.post.mock">
        <metrics statements="0" coveredstatements="0" conditionals="0" coveredconditionals="0" methods="0" coveredmethods="0"/>
        <file name="postMock.js" path="C:\Users\nicolas.manzato\webUI-bootcamp\WebUI-project\app\store\post\mock\postMock.js">
          <metrics statements="0" coveredstatements="0" conditionals="0" coveredconditionals="0" methods="0" coveredmethods="0"/>
        </file>
        <file name="postMock2.js" path="C:\Users\nicolas.manzato\webUI-bootcamp\WebUI-project\app\store\post\mock\postMock2.js">
          <metrics statements="0" coveredstatements="0" conditionals="0" coveredconditionals="0" methods="0" coveredmethods="0"/>
        </file>
        <file name="postMock3.js" path="C:\Users\nicolas.manzato\webUI-bootcamp\WebUI-project\app\store\post\mock\postMock3.js">
          <metrics statements="0" coveredstatements="0" conditionals="0" coveredconditionals="0" methods="0" coveredmethods="0"/>
        </file>
      </package>
      <package name="WebUI-project.app.store.trend">
        <metrics statements="30" coveredstatements="28" conditionals="6" coveredconditionals="6" methods="8" coveredmethods="8"/>
        <file name="trendActions.js" path="C:\Users\nicolas.manzato\webUI-bootcamp\WebUI-project\app\store\trend\trendActions.js">
          <metrics statements="8" coveredstatements="8" conditionals="0" coveredconditionals="0" methods="4" coveredmethods="4"/>
          <line num="1" count="9" type="stmt"/>
          <line num="2" count="9" type="stmt"/>
          <line num="3" count="9" type="stmt"/>
          <line num="4" count="9" type="stmt"/>
          <line num="7" count="2" type="stmt"/>
          <line num="11" count="3" type="stmt"/>
          <line num="15" count="2" type="stmt"/>
          <line num="19" count="2" type="stmt"/>
        </file>
        <file name="trendReducer.js" path="C:\Users\nicolas.manzato\webUI-bootcamp\WebUI-project\app\store\trend\trendReducer.js">
          <metrics statements="12" coveredstatements="12" conditionals="6" coveredconditionals="6" methods="1" coveredmethods="1"/>
          <line num="8" count="8" type="stmt"/>
          <line num="16" count="8" type="cond" truecount="1" falsecount="0"/>
          <line num="17" count="23" type="cond" truecount="5" falsecount="0"/>
          <line num="19" count="1" type="stmt"/>
          <line num="20" count="1" type="stmt"/>
          <line num="22" count="1" type="stmt"/>
          <line num="23" count="1" type="stmt"/>
          <line num="25" count="1" type="stmt"/>
          <line num="26" count="1" type="stmt"/>
          <line num="28" count="1" type="stmt"/>
          <line num="29" count="1" type="stmt"/>
          <line num="31" count="19" type="stmt"/>
        </file>
        <file name="trendSagas.js" path="C:\Users\nicolas.manzato\webUI-bootcamp\WebUI-project\app\store\trend\trendSagas.js">
          <metrics statements="10" coveredstatements="8" conditionals="0" coveredconditionals="0" methods="3" coveredmethods="3"/>
          <line num="10" count="7" type="stmt"/>
          <line num="14" count="1" type="stmt"/>
          <line num="15" count="1" type="stmt"/>
          <line num="16" count="1" type="stmt"/>
          <line num="17" count="1" type="stmt"/>
          <line num="18" count="1" type="stmt"/>
          <line num="20" count="0" type="stmt"/>
          <line num="21" count="0" type="stmt"/>
          <line num="26" count="6" type="stmt"/>
          <line num="30" count="6" type="stmt"/>
        </file>
      </package>
      <package name="WebUI-project.app.store.trend.mock">
        <metrics statements="0" coveredstatements="0" conditionals="0" coveredconditionals="0" methods="0" coveredmethods="0"/>
        <file name="trendMock.js" path="C:\Users\nicolas.manzato\webUI-bootcamp\WebUI-project\app\store\trend\mock\trendMock.js">
          <metrics statements="0" coveredstatements="0" conditionals="0" coveredconditionals="0" methods="0" coveredmethods="0"/>
        </file>
      </package>
      <package name="WebUI-project.app.store.user">
        <metrics statements="31" coveredstatements="30" conditionals="5" coveredconditionals="5" methods="8" coveredmethods="8"/>
        <file name="userActions.js" path="C:\Users\nicolas.manzato\webUI-bootcamp\WebUI-project\app\store\user\userActions.js">
          <metrics statements="9" coveredstatements="9" conditionals="0" coveredconditionals="0" methods="3" coveredmethods="3"/>
          <line num="1" count="10" type="stmt"/>
          <line num="2" count="10" type="stmt"/>
          <line num="3" count="10" type="stmt"/>
          <line num="5" count="10" type="stmt"/>
          <line num="6" count="1" type="stmt"/>
          <line num="9" count="10" type="stmt"/>
          <line num="10" count="2" type="stmt"/>
          <line num="13" count="10" type="stmt"/>
          <line num="14" count="1" type="stmt"/>
        </file>
        <file name="userReducer.js" path="C:\Users\nicolas.manzato\webUI-bootcamp\WebUI-project\app\store\user\userReducer.js">
          <metrics statements="10" coveredstatements="10" conditionals="5" coveredconditionals="5" methods="1" coveredmethods="1"/>
          <line num="7" count="8" type="stmt"/>
          <line num="16" count="8" type="cond" truecount="1" falsecount="0"/>
          <line num="17" count="22" type="cond" truecount="4" falsecount="0"/>
          <line num="19" count="1" type="stmt"/>
          <line num="20" count="1" type="stmt"/>
          <line num="22" count="1" type="stmt"/>
          <line num="23" count="1" type="stmt"/>
          <line num="25" count="1" type="stmt"/>
          <line num="26" count="1" type="stmt"/>
          <line num="28" count="19" type="stmt"/>
        </file>
        <file name="userSagas.js" path="C:\Users\nicolas.manzato\webUI-bootcamp\WebUI-project\app\store\user\userSagas.js">
          <metrics statements="10" coveredstatements="9" conditionals="0" coveredconditionals="0" methods="3" coveredmethods="3"/>
          <line num="11" count="7" type="stmt"/>
          <line num="14" count="1" type="stmt"/>
          <line num="15" count="1" type="stmt"/>
          <line num="16" count="1" type="stmt"/>
          <line num="17" count="1" type="stmt"/>
          <line num="18" count="1" type="stmt"/>
          <line num="19" count="1" type="stmt"/>
          <line num="21" count="0" type="stmt"/>
          <line num="27" count="6" type="stmt"/>
          <line num="31" count="6" type="stmt"/>
        </file>
        <file name="userSelector.js" path="C:\Users\nicolas.manzato\webUI-bootcamp\WebUI-project\app\store\user\userSelector.js">
          <metrics statements="2" coveredstatements="2" conditionals="0" coveredconditionals="0" methods="1" coveredmethods="1"/>
          <line num="1" count="10" type="stmt"/>
          <line num="2" count="1" type="stmt"/>
        </file>
      </package>
      <package name="WebUI-project.app.store.user.mock">
        <metrics statements="0" coveredstatements="0" conditionals="0" coveredconditionals="0" methods="0" coveredmethods="0"/>
        <file name="userProfileMock.js" path="C:\Users\nicolas.manzato\webUI-bootcamp\WebUI-project\app\store\user\mock\userProfileMock.js">
          <metrics statements="0" coveredstatements="0" conditionals="0" coveredconditionals="0" methods="0" coveredmethods="0"/>
        </file>
      </package>
    </metrics>
  </project>
</coverage>
