{"C:\\Users\\nicolas.manzato\\webUI-bootcamp\\WebUI-project\\App.js": {"path":"C:\\Users\\nicolas.manzato\\webUI-bootcamp\\WebUI-project\\App.js","statementMap":{"0":{"start":{"line":1,"column":0},"end":{"line":null,"column":-1}},"1":{"start":{"line":2,"column":0},"end":{"line":null,"column":-1}},"2":{"start":{"line":3,"column":0},"end":{"line":4,"column":-1}},"3":{"start":{"line":4,"column":0},"end":{"line":5,"column":-1}},"4":{"start":{"line":5,"column":0},"end":{"line":6,"column":-1}},"5":{"start":{"line":6,"column":0},"end":{"line":null,"column":-1}},"6":{"start":{"line":8,"column":0},"end":{"line":null,"column":-1}},"7":{"start":{"line":9,"column":0},"end":{"line":null,"column":-1}},"8":{"start":{"line":11,"column":0},"end":{"line":null,"column":-1}},"9":{"start":{"line":12,"column":0},"end":{"line":null,"column":-1}},"10":{"start":{"line":14,"column":20},"end":{"line":14,"column":0}},"11":{"start":{"line":15,"column":23},"end":{"line":15,"column":0}},"12":{"start":{"line":17,"column":14},"end":{"line":17,"column":0}},"13":{"start":{"line":26,"column":4},"end":{"line":31,"column":3}}},"fnMap":{},"branchMap":{},"s":{"0":0,"1":0,"2":0,"3":0,"4":0,"5":0,"6":0,"7":0,"8":0,"9":0,"10":0,"11":0,"12":0,"13":0},"f":{},"b":{}}
,"C:\\Users\\nicolas.manzato\\webUI-bootcamp\\WebUI-project\\ReactotronConfig.js": {"path":"C:\\Users\\nicolas.manzato\\webUI-bootcamp\\WebUI-project\\ReactotronConfig.js","statementMap":{"0":{"start":{"line":1,"column":0},"end":{"line":null,"column":-1}},"1":{"start":{"line":2,"column":0},"end":{"line":3,"column":-1}},"2":{"start":{"line":3,"column":0},"end":{"line":null,"column":-1}},"3":{"start":{"line":5,"column":19},"end":{"line":5,"column":0}}},"fnMap":{},"branchMap":{},"s":{"0":0,"1":0,"2":0,"3":0},"f":{},"b":{}}
,"C:\\Users\\nicolas.manzato\\webUI-bootcamp\\WebUI-project\\jest.setup.js": {"path":"C:\\Users\\nicolas.manzato\\webUI-bootcamp\\WebUI-project\\jest.setup.js","statementMap":{"0":{"start":{"line":3,"column":0},"end":{"line":3,"column":28}},"1":{"start":{"line":5,"column":0},"end":{"line":8,"column":2}},"2":{"start":{"line":10,"column":0},"end":{"line":10,"column":28}}},"fnMap":{},"branchMap":{},"s":{"0":13,"1":13,"2":13},"f":{},"b":{},"_coverageSchema":"332fd63041d2c1bcb487cc26dd0d5f7d97098a6c","hash":"23c651fa9c689b0f1bd92f6780a007ae9507d500"}
,"C:\\Users\\nicolas.manzato\\webUI-bootcamp\\WebUI-project\\app\\store.js": {"path":"C:\\Users\\nicolas.manzato\\webUI-bootcamp\\WebUI-project\\app\\store.js","statementMap":{"0":{"start":{"line":1,"column":0},"end":{"line":2,"column":-1}},"1":{"start":{"line":2,"column":0},"end":{"line":null,"column":-1}},"2":{"start":{"line":4,"column":0},"end":{"line":null,"column":-1}}},"fnMap":{},"branchMap":{},"s":{"0":0,"1":0,"2":0},"f":{},"b":{}}
,"C:\\Users\\nicolas.manzato\\webUI-bootcamp\\WebUI-project\\app\\components\\AppNavigator.js": {"path":"C:\\Users\\nicolas.manzato\\webUI-bootcamp\\WebUI-project\\app\\components\\AppNavigator.js","statementMap":{"0":{"start":{"line":3,"column":0},"end":{"line":null,"column":-1}},"1":{"start":{"line":4,"column":0},"end":{"line":5,"column":-1}},"2":{"start":{"line":5,"column":0},"end":{"line":null,"column":-1}},"3":{"start":{"line":6,"column":0},"end":{"line":7,"column":-1}},"4":{"start":{"line":7,"column":0},"end":{"line":8,"column":-1}},"5":{"start":{"line":8,"column":0},"end":{"line":12,"column":-1}},"6":{"start":{"line":12,"column":0},"end":{"line":13,"column":-1}},"7":{"start":{"line":13,"column":0},"end":{"line":14,"column":-1}},"8":{"start":{"line":14,"column":0},"end":{"line":null,"column":-1}},"9":{"start":{"line":15,"column":0},"end":{"line":null,"column":-1}},"10":{"start":{"line":16,"column":0},"end":{"line":null,"column":-1}},"11":{"start":{"line":17,"column":0},"end":{"line":null,"column":-1}},"12":{"start":{"line":18,"column":0},"end":{"line":null,"column":-1}},"13":{"start":{"line":20,"column":19},"end":{"line":20,"column":0}},"14":{"start":{"line":22,"column":2},"end":{"line":20,"column":18}},"15":{"start":{"line":25,"column":22},"end":{"line":25,"column":0}},"16":{"start":{"line":34,"column":0},"end":{"line":44,"column":0}},"17":{"start":{"line":34,"column":54},"end":{"line":34,"column":53}},"18":{"start":{"line":35,"column":22},"end":{"line":35,"column":2}},"19":{"start":{"line":36,"column":2},"end":{"line":39,"column":3}},"20":{"start":{"line":37,"column":4},"end":{"line":38,"column":3}},"21":{"start":{"line":39,"column":3},"end":{"line":42,"column":1}},"22":{"start":{"line":44,"column":20},"end":{"line":44,"column":0}},"23":{"start":{"line":50,"column":0},"end":{"line":61,"column":0}},"24":{"start":{"line":50,"column":52},"end":{"line":50,"column":51}},"25":{"start":{"line":51,"column":22},"end":{"line":51,"column":2}},"26":{"start":{"line":52,"column":2},"end":{"line":56,"column":2}},"27":{"start":{"line":53,"column":4},"end":{"line":54,"column":3}},"28":{"start":{"line":56,"column":2},"end":{"line":59,"column":1}},"29":{"start":{"line":61,"column":22},"end":{"line":61,"column":0}},"30":{"start":{"line":68,"column":21},"end":{"line":68,"column":20}},"31":{"start":{"line":68,"column":21},"end":{"line":67,"column":1}},"32":{"start":{"line":69,"column":56},"end":{"line":69,"column":55}},"33":{"start":{"line":70,"column":28},"end":{"line":69,"column":56}},"34":{"start":{"line":71,"column":10},"end":{"line":71,"column":6}},"35":{"start":{"line":72,"column":6},"end":{"line":85,"column":6}},"36":{"start":{"line":74,"column":10},"end":{"line":75,"column":10}},"37":{"start":{"line":75,"column":10},"end":{"line":76,"column":9}},"38":{"start":{"line":78,"column":10},"end":{"line":79,"column":10}},"39":{"start":{"line":79,"column":10},"end":{"line":80,"column":9}},"40":{"start":{"line":82,"column":10},"end":{"line":83,"column":9}},"41":{"start":{"line":85,"column":6},"end":{"line":86,"column":5}},"42":{"start":{"line":115,"column":31},"end":{"line":115,"column":0}},"43":{"start":{"line":117,"column":24},"end":{"line":117,"column":0}},"44":{"start":{"line":117,"column":24},"end":{"line":117,"column":-1}},"45":{"start":{"line":121,"column":21},"end":{"line":121,"column":0}}},"fnMap":{"0":{"name":"(anonymous_1)","decl":{"start":{"line":22,"column":2},"end":{"line":22,"column":10}},"loc":{"start":{"line":22,"column":2},"end":{"line":20,"column":19}}},"1":{"name":"(anonymous_2)","decl":{"start":{"line":34,"column":34},"end":{"line":34,"column":53}},"loc":{"start":{"line":34,"column":54},"end":{"line":34,"column":0}}},"2":{"name":"(anonymous_3)","decl":{"start":{"line":50,"column":32},"end":{"line":50,"column":51}},"loc":{"start":{"line":50,"column":52},"end":{"line":50,"column":0}}},"3":{"name":"navigationOptions","decl":{"start":{"line":68,"column":21},"end":{"line":68,"column":23}},"loc":{"start":{"line":68,"column":21},"end":{"line":67,"column":2}}},"4":{"name":"tabBarIcon","decl":{"start":{"line":69,"column":16},"end":{"line":69,"column":55}},"loc":{"start":{"line":69,"column":56},"end":{"line":68,"column":42}}},"5":{"name":"mapStateToProps","decl":{"start":{"line":117,"column":6},"end":{"line":117,"column":24}},"loc":{"start":{"line":117,"column":24},"end":{"line":117,"column":0}}}},"branchMap":{"0":{"loc":{"start":{"line":36,"column":2},"end":{"line":39,"column":3}},"type":"if","locations":[{"start":{"line":36,"column":2},"end":{"line":39,"column":3}},{"start":{"line":36,"column":2},"end":{"line":39,"column":3}}]},"1":{"loc":{"start":{"line":52,"column":2},"end":{"line":56,"column":2}},"type":"if","locations":[{"start":{"line":52,"column":2},"end":{"line":56,"column":2}},{"start":{"line":52,"column":2},"end":{"line":56,"column":2}}]},"2":{"loc":{"start":{"line":73,"column":8},"end":{"line":77,"column":8}},"type":"switch","locations":[{"start":{"line":73,"column":8},"end":{"line":77,"column":8}},{"start":{"line":77,"column":8},"end":{"line":81,"column":8}},{"start":{"line":81,"column":8},"end":{"line":72,"column":6}}]},"3":{"loc":{"start":{"line":85,"column":58},"end":{"line":85,"column":45}},"type":"cond-expr","locations":[{"start":{"line":85,"column":58},"end":{"line":85,"column":45}},{"start":{"line":85,"column":63},"end":{"line":85,"column":13}}]},"4":{"loc":{"start":{"line":92,"column":39},"end":{"line":92,"column":15}},"type":"cond-expr","locations":[{"start":{"line":92,"column":39},"end":{"line":92,"column":15}},{"start":{"line":92,"column":43},"end":{"line":88,"column":17}}]},"5":{"loc":{"start":{"line":102,"column":41},"end":{"line":102,"column":17}},"type":"cond-expr","locations":[{"start":{"line":102,"column":41},"end":{"line":102,"column":17}},{"start":{"line":102,"column":45},"end":{"line":101,"column":15}}]}},"s":{"0":0,"1":0,"2":0,"3":0,"4":0,"5":0,"6":0,"7":0,"8":0,"9":0,"10":0,"11":0,"12":0,"13":0,"14":0,"15":0,"16":0,"17":0,"18":0,"19":0,"20":0,"21":0,"22":0,"23":0,"24":0,"25":0,"26":0,"27":0,"28":0,"29":0,"30":0,"31":0,"32":0,"33":0,"34":0,"35":0,"36":0,"37":0,"38":0,"39":0,"40":0,"41":0,"42":0,"43":0,"44":0,"45":0},"f":{"0":0,"1":0,"2":0,"3":0,"4":0,"5":0},"b":{"0":[0,0],"1":[0,0],"2":[0,0,0],"3":[0,0],"4":[0,0],"5":[0,0]}}
,"C:\\Users\\nicolas.manzato\\webUI-bootcamp\\WebUI-project\\app\\components\\animation\\fade.js": {"path":"C:\\Users\\nicolas.manzato\\webUI-bootcamp\\WebUI-project\\app\\components\\animation\\fade.js","statementMap":{"0":{"start":{"line":1,"column":0},"end":{"line":null,"column":-1}},"1":{"start":{"line":2,"column":0},"end":{"line":null,"column":-1}},"2":{"start":{"line":6,"column":20},"end":{"line":7,"column":9}},"3":{"start":{"line":6,"column":20},"end":{"line":13,"column":1}},"4":{"start":{"line":6,"column":20},"end":{"line":17,"column":1}},"5":{"start":{"line":14,"column":4},"end":{"line":15,"column":3}},"6":{"start":{"line":14,"column":28},"end":{"line":15,"column":3}},"7":{"start":{"line":6,"column":20},"end":{"line":21,"column":1}},"8":{"start":{"line":18,"column":4},"end":{"line":19,"column":3}},"9":{"start":{"line":18,"column":49},"end":{"line":19,"column":3}},"10":{"start":{"line":6,"column":20},"end":{"line":30,"column":1}},"11":{"start":{"line":22,"column":4},"end":{"line":23,"column":4}},"12":{"start":{"line":23,"column":4},"end":{"line":28,"column":3}},"13":{"start":{"line":6,"column":20},"end":{"line":37,"column":1}},"14":{"start":{"line":31,"column":4},"end":{"line":35,"column":3}},"15":{"start":{"line":32,"column":6},"end":{"line":33,"column":6}},"16":{"start":{"line":32,"column":38},"end":{"line":33,"column":6}},"17":{"start":{"line":33,"column":6},"end":{"line":34,"column":5}},"18":{"start":{"line":6,"column":20},"end":{"line":9,"column":4}},"19":{"start":{"line":39,"column":50},"end":{"line":37,"column":17}},"20":{"start":{"line":37,"column":17},"end":{"line":37,"column":16}},"21":{"start":{"line":37,"column":17},"end":{"line":40,"column":3}},"22":{"start":{"line":40,"column":27},"end":{"line":40,"column":4}},"23":{"start":{"line":51,"column":26},"end":{"line":51,"column":4}},"24":{"start":{"line":53,"column":4},"end":{"line":58,"column":3}},"25":{"start":{"line":9,"column":4},"end":{"line":10,"column":4}},"26":{"start":{"line":10,"column":4},"end":{"line":6,"column":20}},"27":{"start":{"line":6,"column":20},"end":{"line":11,"column":3}}},"fnMap":{"0":{"name":"(anonymous_8)","decl":{"start":{"line":13,"column":22},"end":{"line":13,"column":27}},"loc":{"start":{"line":13,"column":28},"end":{"line":6,"column":20}}},"1":{"name":"(anonymous_9)","decl":{"start":{"line":17,"column":23},"end":{"line":17,"column":23}},"loc":{"start":{"line":17,"column":38},"end":{"line":6,"column":20}}},"2":{"name":"(anonymous_10)","decl":{"start":{"line":21,"column":9},"end":{"line":21,"column":14}},"loc":{"start":{"line":21,"column":15},"end":{"line":6,"column":20}}},"3":{"name":"(anonymous_11)","decl":{"start":{"line":30,"column":17},"end":{"line":30,"column":22}},"loc":{"start":{"line":30,"column":23},"end":{"line":6,"column":20}}},"4":{"name":"(anonymous_12)","decl":{"start":{"line":37,"column":11},"end":{"line":37,"column":16}},"loc":{"start":{"line":37,"column":17},"end":{"line":6,"column":20}}}},"branchMap":{"0":{"loc":{"start":{"line":6,"column":20},"end":{"line":7,"column":9}},"type":"binary-expr","locations":[{"start":{"line":6,"column":20},"end":{"line":7,"column":9}},{"start":{"line":6,"column":20},"end":{"line":7,"column":9}}]},"1":{"loc":{"start":{"line":14,"column":4},"end":{"line":15,"column":3}},"type":"if","locations":[{"start":{"line":14,"column":4},"end":{"line":15,"column":3}},{"start":{"line":14,"column":4},"end":{"line":15,"column":3}}]},"2":{"loc":{"start":{"line":18,"column":4},"end":{"line":19,"column":3}},"type":"if","locations":[{"start":{"line":18,"column":4},"end":{"line":19,"column":3}},{"start":{"line":18,"column":4},"end":{"line":19,"column":3}}]},"3":{"loc":{"start":{"line":25,"column":36},"end":{"line":25,"column":15}},"type":"cond-expr","locations":[{"start":{"line":25,"column":36},"end":{"line":25,"column":15}},{"start":{"line":25,"column":40},"end":{"line":23,"column":37}}]},"4":{"loc":{"start":{"line":31,"column":4},"end":{"line":35,"column":3}},"type":"if","locations":[{"start":{"line":31,"column":4},"end":{"line":35,"column":3}},{"start":{"line":31,"column":4},"end":{"line":35,"column":3}}]},"5":{"loc":{"start":{"line":32,"column":6},"end":{"line":33,"column":6}},"type":"if","locations":[{"start":{"line":32,"column":6},"end":{"line":33,"column":6}},{"start":{"line":32,"column":6},"end":{"line":33,"column":6}}]}},"s":{"0":0,"1":0,"2":0,"3":0,"4":0,"5":0,"6":0,"7":0,"8":0,"9":0,"10":0,"11":0,"12":0,"13":0,"14":0,"15":0,"16":0,"17":0,"18":0,"19":0,"20":0,"21":0,"22":0,"23":0,"24":0,"25":0,"26":0,"27":0},"f":{"0":0,"1":0,"2":0,"3":0,"4":0},"b":{"0":[0,0],"1":[0,0],"2":[0,0],"3":[0,0],"4":[0,0],"5":[0,0]}}
,"C:\\Users\\nicolas.manzato\\webUI-bootcamp\\WebUI-project\\app\\components\\configuration\\ConfigItem.js": {"path":"C:\\Users\\nicolas.manzato\\webUI-bootcamp\\WebUI-project\\app\\components\\configuration\\ConfigItem.js","statementMap":{"0":{"start":{"line":3,"column":0},"end":{"line":null,"column":-1}},"1":{"start":{"line":4,"column":0},"end":{"line":null,"column":-1}},"2":{"start":{"line":7,"column":21},"end":{"line":8,"column":9}},"3":{"start":{"line":7,"column":21},"end":{"line":10,"column":3}},"4":{"start":{"line":10,"column":4},"end":{"line":14,"column":4}},"5":{"start":{"line":14,"column":4},"end":{"line":7,"column":21}},"6":{"start":{"line":7,"column":21},"end":{"line":15,"column":3}},"7":{"start":{"line":18,"column":4},"end":{"line":22,"column":4}},"8":{"start":{"line":22,"column":4},"end":{"line":23,"column":3}},"9":{"start":{"line":26,"column":4},"end":{"line":40,"column":3}},"10":{"start":{"line":45,"column":15},"end":{"line":45,"column":0}}},"fnMap":{},"branchMap":{"0":{"loc":{"start":{"line":7,"column":21},"end":{"line":8,"column":9}},"type":"binary-expr","locations":[{"start":{"line":7,"column":21},"end":{"line":8,"column":9}},{"start":{"line":7,"column":21},"end":{"line":8,"column":9}}]}},"s":{"0":0,"1":0,"2":0,"3":0,"4":0,"5":0,"6":0,"7":0,"8":0,"9":0,"10":0},"f":{},"b":{"0":[0,0]}}
,"C:\\Users\\nicolas.manzato\\webUI-bootcamp\\WebUI-project\\app\\components\\configuration\\ConfigList.js": {"path":"C:\\Users\\nicolas.manzato\\webUI-bootcamp\\WebUI-project\\app\\components\\configuration\\ConfigList.js","statementMap":{"0":{"start":{"line":3,"column":0},"end":{"line":null,"column":-1}},"1":{"start":{"line":4,"column":0},"end":{"line":5,"column":-1}},"2":{"start":{"line":5,"column":0},"end":{"line":null,"column":-1}},"3":{"start":{"line":6,"column":0},"end":{"line":7,"column":-1}},"4":{"start":{"line":7,"column":0},"end":{"line":null,"column":-1}},"5":{"start":{"line":9,"column":19},"end":{"line":9,"column":0}},"6":{"start":{"line":9,"column":19},"end":{"line":9,"column":-1}},"7":{"start":{"line":30,"column":15},"end":{"line":30,"column":0}}},"fnMap":{"0":{"name":"ConfigList","decl":{"start":{"line":9,"column":6},"end":{"line":9,"column":19}},"loc":{"start":{"line":9,"column":19},"end":{"line":9,"column":0}}}},"branchMap":{},"s":{"0":0,"1":0,"2":0,"3":0,"4":0,"5":0,"6":0,"7":0},"f":{"0":0},"b":{}}
,"C:\\Users\\nicolas.manzato\\webUI-bootcamp\\WebUI-project\\app\\components\\post\\post.js": {"path":"C:\\Users\\nicolas.manzato\\webUI-bootcamp\\WebUI-project\\app\\components\\post\\post.js","statementMap":{"0":{"start":{"line":3,"column":0},"end":{"line":null,"column":-1}},"1":{"start":{"line":4,"column":0},"end":{"line":11,"column":-1}},"2":{"start":{"line":11,"column":0},"end":{"line":null,"column":-1}},"3":{"start":{"line":16,"column":8},"end":{"line":16,"column":4}},"4":{"start":{"line":17,"column":4},"end":{"line":28,"column":3}},"5":{"start":{"line":18,"column":6},"end":{"line":27,"column":5}},"6":{"start":{"line":19,"column":8},"end":{"line":26,"column":7}},"7":{"start":{"line":31,"column":4},"end":{"line":32,"column":3}},"8":{"start":{"line":35,"column":4},"end":{"line":81,"column":3}},"9":{"start":{"line":86,"column":15},"end":{"line":86,"column":0}}},"fnMap":{"0":{"name":"(anonymous_7)","decl":{"start":{"line":18,"column":49},"end":{"line":18,"column":49}},"loc":{"start":{"line":18,"column":60},"end":{"line":18,"column":14}}}},"branchMap":{"0":{"loc":{"start":{"line":17,"column":4},"end":{"line":28,"column":3}},"type":"if","locations":[{"start":{"line":17,"column":4},"end":{"line":28,"column":3}},{"start":{"line":17,"column":4},"end":{"line":28,"column":3}}]},"1":{"loc":{"start":{"line":36,"column":57},"end":{"line":36,"column":33}},"type":"cond-expr","locations":[{"start":{"line":36,"column":57},"end":{"line":36,"column":33}},{"start":{"line":36,"column":73},"end":{"line":36,"column":19}}]},"2":{"loc":{"start":{"line":52,"column":15},"end":{"line":52,"column":14}},"type":"binary-expr","locations":[{"start":{"line":52,"column":15},"end":{"line":52,"column":14}},{"start":{"line":53,"column":16},"end":{"line":50,"column":12}}]}},"s":{"0":0,"1":0,"2":0,"3":0,"4":0,"5":0,"6":0,"7":0,"8":0,"9":0},"f":{"0":0},"b":{"0":[0,0],"1":[0,0],"2":[0,0]}}
,"C:\\Users\\nicolas.manzato\\webUI-bootcamp\\WebUI-project\\app\\components\\post\\postDetail.js": {"path":"C:\\Users\\nicolas.manzato\\webUI-bootcamp\\WebUI-project\\app\\components\\post\\postDetail.js","statementMap":{"0":{"start":{"line":3,"column":0},"end":{"line":null,"column":-1}},"1":{"start":{"line":4,"column":0},"end":{"line":11,"column":-1}},"2":{"start":{"line":11,"column":0},"end":{"line":null,"column":-1}},"3":{"start":{"line":13,"column":20},"end":{"line":13,"column":0}},"4":{"start":{"line":15,"column":17},"end":{"line":13,"column":31}},"5":{"start":{"line":16,"column":6},"end":{"line":16,"column":2}},"6":{"start":{"line":18,"column":2},"end":{"line":31,"column":2}},"7":{"start":{"line":19,"column":4},"end":{"line":29,"column":3}},"8":{"start":{"line":20,"column":6},"end":{"line":28,"column":5}},"9":{"start":{"line":31,"column":15},"end":{"line":31,"column":2}},"10":{"start":{"line":33,"column":2},"end":{"line":93,"column":1}},"11":{"start":{"line":95,"column":19},"end":{"line":95,"column":0}},"12":{"start":{"line":97,"column":2},"end":{"line":101,"column":1}},"13":{"start":{"line":105,"column":15},"end":{"line":105,"column":0}}},"fnMap":{"0":{"name":"postDetails","decl":{"start":{"line":13,"column":6},"end":{"line":13,"column":20}},"loc":{"start":{"line":13,"column":31},"end":{"line":13,"column":0}}},"1":{"name":"(anonymous_2)","decl":{"start":{"line":19,"column":36},"end":{"line":19,"column":36}},"loc":{"start":{"line":19,"column":50},"end":{"line":19,"column":12}}},"2":{"name":"formatDate","decl":{"start":{"line":95,"column":6},"end":{"line":95,"column":19}},"loc":{"start":{"line":95,"column":29},"end":{"line":95,"column":0}}}},"branchMap":{"0":{"loc":{"start":{"line":18,"column":2},"end":{"line":31,"column":2}},"type":"if","locations":[{"start":{"line":18,"column":2},"end":{"line":31,"column":2}},{"start":{"line":18,"column":2},"end":{"line":31,"column":2}}]},"1":{"loc":{"start":{"line":46,"column":14},"end":{"line":46,"column":13}},"type":"binary-expr","locations":[{"start":{"line":46,"column":14},"end":{"line":46,"column":13}},{"start":{"line":47,"column":13},"end":{"line":44,"column":11}}]}},"s":{"0":0,"1":0,"2":0,"3":0,"4":0,"5":0,"6":0,"7":0,"8":0,"9":0,"10":0,"11":0,"12":0,"13":0},"f":{"0":0,"1":0,"2":0},"b":{"0":[0,0],"1":[0,0]}}
,"C:\\Users\\nicolas.manzato\\webUI-bootcamp\\WebUI-project\\app\\components\\post\\postList.js": {"path":"C:\\Users\\nicolas.manzato\\webUI-bootcamp\\WebUI-project\\app\\components\\post\\postList.js","statementMap":{"0":{"start":{"line":1,"column":0},"end":{"line":null,"column":-1}},"1":{"start":{"line":2,"column":0},"end":{"line":11,"column":-1}},"2":{"start":{"line":11,"column":0},"end":{"line":null,"column":-1}},"3":{"start":{"line":15,"column":21},"end":{"line":16,"column":9}},"4":{"start":{"line":15,"column":21},"end":{"line":17,"column":3}},"5":{"start":{"line":17,"column":4},"end":{"line":15,"column":21}},"6":{"start":{"line":15,"column":21},"end":{"line":18,"column":3}},"7":{"start":{"line":21,"column":4},"end":{"line":22,"column":3}},"8":{"start":{"line":25,"column":17},"end":{"line":25,"column":4}},"9":{"start":{"line":26,"column":4},"end":{"line":33,"column":3}},"10":{"start":{"line":36,"column":17},"end":{"line":36,"column":0}},"11":{"start":{"line":38,"column":22},"end":{"line":38,"column":2}},"12":{"start":{"line":39,"column":4},"end":{"line":40,"column":3}},"13":{"start":{"line":42,"column":21},"end":{"line":42,"column":2}},"14":{"start":{"line":42,"column":40},"end":{"line":42,"column":39}},"15":{"start":{"line":43,"column":4},"end":{"line":46,"column":3}},"16":{"start":{"line":48,"column":2},"end":{"line":58,"column":1}},"17":{"start":{"line":56,"column":20},"end":{"line":49,"column":3}}},"fnMap":{"0":{"name":"PostList","decl":{"start":{"line":36,"column":6},"end":{"line":36,"column":17}},"loc":{"start":{"line":36,"column":28},"end":{"line":36,"column":0}}},"1":{"name":"onPressItem","decl":{"start":{"line":38,"column":8},"end":{"line":38,"column":22}},"loc":{"start":{"line":38,"column":32},"end":{"line":38,"column":2}}},"2":{"name":"renderItem","decl":{"start":{"line":42,"column":8},"end":{"line":42,"column":21}},"loc":{"start":{"line":42,"column":40},"end":{"line":42,"column":2}}},"3":{"name":"keyExtractor","decl":{"start":{"line":56,"column":20},"end":{"line":56,"column":20}},"loc":{"start":{"line":56,"column":20},"end":{"line":49,"column":4}}}},"branchMap":{"0":{"loc":{"start":{"line":15,"column":21},"end":{"line":16,"column":9}},"type":"binary-expr","locations":[{"start":{"line":15,"column":21},"end":{"line":16,"column":9}},{"start":{"line":15,"column":21},"end":{"line":16,"column":9}}]}},"s":{"0":0,"1":0,"2":0,"3":0,"4":0,"5":0,"6":0,"7":0,"8":0,"9":0,"10":0,"11":0,"12":0,"13":0,"14":0,"15":0,"16":0,"17":0},"f":{"0":0,"1":0,"2":0,"3":0},"b":{"0":[0,0]}}
,"C:\\Users\\nicolas.manzato\\webUI-bootcamp\\WebUI-project\\app\\components\\search\\resultList.js": {"path":"C:\\Users\\nicolas.manzato\\webUI-bootcamp\\WebUI-project\\app\\components\\search\\resultList.js","statementMap":{"0":{"start":{"line":3,"column":0},"end":{"line":null,"column":-1}},"1":{"start":{"line":4,"column":0},"end":{"line":13,"column":-1}},"2":{"start":{"line":13,"column":0},"end":{"line":null,"column":-1}},"3":{"start":{"line":16,"column":21},"end":{"line":17,"column":9}},"4":{"start":{"line":16,"column":21},"end":{"line":19,"column":3}},"5":{"start":{"line":19,"column":4},"end":{"line":16,"column":21}},"6":{"start":{"line":16,"column":21},"end":{"line":20,"column":3}},"7":{"start":{"line":23,"column":4},"end":{"line":37,"column":3}},"8":{"start":{"line":24,"column":6},"end":{"line":29,"column":5}},"9":{"start":{"line":30,"column":6},"end":{"line":36,"column":5}},"10":{"start":{"line":52,"column":15},"end":{"line":52,"column":0}}},"fnMap":{},"branchMap":{"0":{"loc":{"start":{"line":16,"column":21},"end":{"line":17,"column":9}},"type":"binary-expr","locations":[{"start":{"line":16,"column":21},"end":{"line":17,"column":9}},{"start":{"line":16,"column":21},"end":{"line":17,"column":9}}]},"1":{"loc":{"start":{"line":23,"column":4},"end":{"line":37,"column":3}},"type":"if","locations":[{"start":{"line":23,"column":4},"end":{"line":37,"column":3}},{"start":{"line":23,"column":4},"end":{"line":37,"column":3}}]}},"s":{"0":0,"1":0,"2":0,"3":0,"4":0,"5":0,"6":0,"7":0,"8":0,"9":0,"10":0},"f":{},"b":{"0":[0,0],"1":[0,0]}}
,"C:\\Users\\nicolas.manzato\\webUI-bootcamp\\WebUI-project\\app\\components\\search\\searchForm.js": {"path":"C:\\Users\\nicolas.manzato\\webUI-bootcamp\\WebUI-project\\app\\components\\search\\searchForm.js","statementMap":{"0":{"start":{"line":3,"column":0},"end":{"line":null,"column":-1}},"1":{"start":{"line":4,"column":0},"end":{"line":5,"column":-1}},"2":{"start":{"line":5,"column":0},"end":{"line":null,"column":-1}},"3":{"start":{"line":6,"column":0},"end":{"line":7,"column":-1}},"4":{"start":{"line":7,"column":0},"end":{"line":null,"column":-1}},"5":{"start":{"line":8,"column":0},"end":{"line":null,"column":-1}},"6":{"start":{"line":10,"column":33},"end":{"line":10,"column":0}},"7":{"start":{"line":13,"column":20},"end":{"line":14,"column":9}},"8":{"start":{"line":13,"column":20},"end":{"line":22,"column":1}},"9":{"start":{"line":13,"column":20},"end":{"line":36,"column":1}},"10":{"start":{"line":23,"column":4},"end":{"line":34,"column":3}},"11":{"start":{"line":24,"column":6},"end":{"line":25,"column":6}},"12":{"start":{"line":25,"column":6},"end":{"line":33,"column":5}},"13":{"start":{"line":26,"column":8},"end":{"line":27,"column":8}},"14":{"start":{"line":27,"column":8},"end":{"line":32,"column":7}},"15":{"start":{"line":13,"column":20},"end":{"line":43,"column":1}},"16":{"start":{"line":37,"column":4},"end":{"line":38,"column":4}},"17":{"start":{"line":38,"column":4},"end":{"line":41,"column":3}},"18":{"start":{"line":13,"column":20},"end":{"line":16,"column":4}},"19":{"start":{"line":45,"column":38},"end":{"line":45,"column":4}},"20":{"start":{"line":56,"column":4},"end":{"line":77,"column":3}},"21":{"start":{"line":63,"column":44},"end":{"line":63,"column":76}},"22":{"start":{"line":63,"column":76},"end":{"line":63,"column":126}},"23":{"start":{"line":16,"column":4},"end":{"line":19,"column":4}},"24":{"start":{"line":19,"column":4},"end":{"line":13,"column":20}},"25":{"start":{"line":13,"column":20},"end":{"line":20,"column":3}},"26":{"start":{"line":82,"column":15},"end":{"line":82,"column":0}}},"fnMap":{"0":{"name":"(anonymous_6)","decl":{"start":{"line":22,"column":18},"end":{"line":22,"column":23}},"loc":{"start":{"line":22,"column":24},"end":{"line":13,"column":20}}},"1":{"name":"(anonymous_7)","decl":{"start":{"line":36,"column":12},"end":{"line":36,"column":17}},"loc":{"start":{"line":36,"column":18},"end":{"line":13,"column":20}}},"2":{"name":"(anonymous_8)","decl":{"start":{"line":43,"column":11},"end":{"line":43,"column":16}},"loc":{"start":{"line":43,"column":17},"end":{"line":13,"column":20}}},"3":{"name":"onChangeText","decl":{"start":{"line":63,"column":24},"end":{"line":63,"column":24}},"loc":{"start":{"line":63,"column":43},"end":{"line":60,"column":9}}}},"branchMap":{"0":{"loc":{"start":{"line":13,"column":20},"end":{"line":14,"column":9}},"type":"binary-expr","locations":[{"start":{"line":13,"column":20},"end":{"line":14,"column":9}},{"start":{"line":13,"column":20},"end":{"line":14,"column":9}}]},"1":{"loc":{"start":{"line":23,"column":4},"end":{"line":34,"column":3}},"type":"if","locations":[{"start":{"line":23,"column":4},"end":{"line":34,"column":3}},{"start":{"line":23,"column":4},"end":{"line":34,"column":3}}]},"2":{"loc":{"start":{"line":25,"column":6},"end":{"line":33,"column":5}},"type":"if","locations":[{"start":{"line":25,"column":6},"end":{"line":33,"column":5}},{"start":{"line":25,"column":6},"end":{"line":33,"column":5}}]},"3":{"loc":{"start":{"line":66,"column":11},"end":{"line":66,"column":10}},"type":"binary-expr","locations":[{"start":{"line":66,"column":11},"end":{"line":66,"column":10}},{"start":{"line":67,"column":11},"end":{"line":58,"column":7}}]}},"s":{"0":0,"1":0,"2":0,"3":0,"4":0,"5":0,"6":0,"7":0,"8":0,"9":0,"10":0,"11":0,"12":0,"13":0,"14":0,"15":0,"16":0,"17":0,"18":0,"19":0,"20":0,"21":0,"22":0,"23":0,"24":0,"25":0,"26":0},"f":{"0":0,"1":0,"2":0,"3":0},"b":{"0":[0,0],"1":[0,0],"2":[0,0],"3":[0,0]}}
,"C:\\Users\\nicolas.manzato\\webUI-bootcamp\\WebUI-project\\app\\components\\timeline\\timeline.js": {"path":"C:\\Users\\nicolas.manzato\\webUI-bootcamp\\WebUI-project\\app\\components\\timeline\\timeline.js","statementMap":{"0":{"start":{"line":3,"column":0},"end":{"line":null,"column":-1}},"1":{"start":{"line":4,"column":0},"end":{"line":13,"column":-1}},"2":{"start":{"line":13,"column":0},"end":{"line":null,"column":-1}},"3":{"start":{"line":17,"column":21},"end":{"line":18,"column":9}},"4":{"start":{"line":17,"column":21},"end":{"line":23,"column":1}},"5":{"start":{"line":17,"column":21},"end":{"line":27,"column":1}},"6":{"start":{"line":24,"column":4},"end":{"line":25,"column":3}},"7":{"start":{"line":17,"column":21},"end":{"line":20,"column":4}},"8":{"start":{"line":28,"column":4},"end":{"line":47,"column":3}},"9":{"start":{"line":29,"column":6},"end":{"line":34,"column":5}},"10":{"start":{"line":35,"column":6},"end":{"line":46,"column":5}},"11":{"start":{"line":20,"column":4},"end":{"line":17,"column":21}},"12":{"start":{"line":17,"column":21},"end":{"line":21,"column":3}},"13":{"start":{"line":52,"column":15},"end":{"line":52,"column":0}}},"fnMap":{"0":{"name":"(anonymous_6)","decl":{"start":{"line":23,"column":22},"end":{"line":23,"column":27}},"loc":{"start":{"line":23,"column":28},"end":{"line":17,"column":21}}},"1":{"name":"(anonymous_7)","decl":{"start":{"line":27,"column":11},"end":{"line":27,"column":16}},"loc":{"start":{"line":27,"column":17},"end":{"line":17,"column":21}}}},"branchMap":{"0":{"loc":{"start":{"line":17,"column":21},"end":{"line":18,"column":9}},"type":"binary-expr","locations":[{"start":{"line":17,"column":21},"end":{"line":18,"column":9}},{"start":{"line":17,"column":21},"end":{"line":18,"column":9}}]},"1":{"loc":{"start":{"line":28,"column":4},"end":{"line":47,"column":3}},"type":"if","locations":[{"start":{"line":28,"column":4},"end":{"line":47,"column":3}},{"start":{"line":28,"column":4},"end":{"line":47,"column":3}}]}},"s":{"0":0,"1":0,"2":0,"3":0,"4":0,"5":0,"6":0,"7":0,"8":0,"9":0,"10":0,"11":0,"12":0,"13":0},"f":{"0":0,"1":0},"b":{"0":[0,0],"1":[0,0]}}
,"C:\\Users\\nicolas.manzato\\webUI-bootcamp\\WebUI-project\\app\\components\\trends\\trendList.js": {"path":"C:\\Users\\nicolas.manzato\\webUI-bootcamp\\WebUI-project\\app\\components\\trends\\trendList.js","statementMap":{"0":{"start":{"line":3,"column":0},"end":{"line":null,"column":-1}},"1":{"start":{"line":4,"column":0},"end":{"line":null,"column":-1}},"2":{"start":{"line":16,"column":17},"end":{"line":16,"column":4}},"3":{"start":{"line":18,"column":4},"end":{"line":41,"column":4}},"4":{"start":{"line":19,"column":6},"end":{"line":39,"column":5}},"5":{"start":{"line":20,"column":26},"end":{"line":20,"column":8}},"6":{"start":{"line":22,"column":8},"end":{"line":38,"column":7}},"7":{"start":{"line":25,"column":29},"end":{"line":25,"column":59}},"8":{"start":{"line":41,"column":4},"end":{"line":46,"column":3}},"9":{"start":{"line":51,"column":15},"end":{"line":51,"column":0}}},"fnMap":{"0":{"name":"(anonymous_7)","decl":{"start":{"line":19,"column":37},"end":{"line":19,"column":37}},"loc":{"start":{"line":19,"column":55},"end":{"line":19,"column":15}}},"1":{"name":"onPress","decl":{"start":{"line":25,"column":21},"end":{"line":25,"column":26}},"loc":{"start":{"line":25,"column":27},"end":{"line":23,"column":9}}}},"branchMap":{"0":{"loc":{"start":{"line":18,"column":4},"end":{"line":41,"column":4}},"type":"if","locations":[{"start":{"line":18,"column":4},"end":{"line":41,"column":4}},{"start":{"line":18,"column":4},"end":{"line":41,"column":4}}]},"1":{"loc":{"start":{"line":20,"column":56},"end":{"line":20,"column":26}},"type":"cond-expr","locations":[{"start":{"line":20,"column":56},"end":{"line":20,"column":26}},{"start":{"line":21,"column":9},"end":{"line":20,"column":8}}]}},"s":{"0":0,"1":0,"2":0,"3":0,"4":0,"5":0,"6":0,"7":0,"8":0,"9":0},"f":{"0":0,"1":0},"b":{"0":[0,0],"1":[0,0]}}
,"C:\\Users\\nicolas.manzato\\webUI-bootcamp\\WebUI-project\\app\\components\\trends\\trends.js": {"path":"C:\\Users\\nicolas.manzato\\webUI-bootcamp\\WebUI-project\\app\\components\\trends\\trends.js","statementMap":{"0":{"start":{"line":3,"column":0},"end":{"line":null,"column":-1}},"1":{"start":{"line":4,"column":0},"end":{"line":12,"column":-1}},"2":{"start":{"line":12,"column":0},"end":{"line":null,"column":-1}},"3":{"start":{"line":17,"column":6},"end":{"line":27,"column":3}},"4":{"start":{"line":32,"column":15},"end":{"line":32,"column":0}}},"fnMap":{},"branchMap":{},"s":{"0":0,"1":0,"2":0,"3":0,"4":0},"f":{},"b":{}}
,"C:\\Users\\nicolas.manzato\\webUI-bootcamp\\WebUI-project\\app\\components\\user\\userProfile.js": {"path":"C:\\Users\\nicolas.manzato\\webUI-bootcamp\\WebUI-project\\app\\components\\user\\userProfile.js","statementMap":{"0":{"start":{"line":1,"column":0},"end":{"line":null,"column":-1}},"1":{"start":{"line":2,"column":0},"end":{"line":10,"column":-1}},"2":{"start":{"line":10,"column":0},"end":{"line":null,"column":-1}},"3":{"start":{"line":12,"column":20},"end":{"line":12,"column":0}},"4":{"start":{"line":13,"column":2},"end":{"line":30,"column":1}},"5":{"start":{"line":34,"column":15},"end":{"line":34,"column":0}}},"fnMap":{"0":{"name":"UserProfile","decl":{"start":{"line":12,"column":6},"end":{"line":12,"column":20}},"loc":{"start":{"line":12,"column":31},"end":{"line":12,"column":0}}}},"branchMap":{},"s":{"0":0,"1":0,"2":0,"3":0,"4":0,"5":0},"f":{"0":0},"b":{}}
,"C:\\Users\\nicolas.manzato\\webUI-bootcamp\\WebUI-project\\app\\config\\routes.js": {"path":"C:\\Users\\nicolas.manzato\\webUI-bootcamp\\WebUI-project\\app\\config\\routes.js","statementMap":{"0":{"start":{"line":1,"column":0},"end":{"line":null,"column":-1}},"1":{"start":{"line":2,"column":0},"end":{"line":null,"column":-1}},"2":{"start":{"line":3,"column":0},"end":{"line":null,"column":-1}},"3":{"start":{"line":4,"column":0},"end":{"line":null,"column":-1}},"4":{"start":{"line":5,"column":0},"end":{"line":null,"column":-1}},"5":{"start":{"line":7,"column":13},"end":{"line":7,"column":7}},"6":{"start":{"line":13,"column":13},"end":{"line":13,"column":7}}},"fnMap":{},"branchMap":{},"s":{"0":0,"1":0,"2":0,"3":0,"4":0,"5":0,"6":0},"f":{},"b":{}}
,"C:\\Users\\nicolas.manzato\\webUI-bootcamp\\WebUI-project\\app\\screens\\ConfigScreen.js": {"path":"C:\\Users\\nicolas.manzato\\webUI-bootcamp\\WebUI-project\\app\\screens\\ConfigScreen.js","statementMap":{"0":{"start":{"line":1,"column":0},"end":{"line":null,"column":-1}},"1":{"start":{"line":2,"column":0},"end":{"line":3,"column":-1}},"2":{"start":{"line":3,"column":0},"end":{"line":null,"column":-1}},"3":{"start":{"line":4,"column":0},"end":{"line":6,"column":-1}},"4":{"start":{"line":6,"column":0},"end":{"line":null,"column":-1}},"5":{"start":{"line":7,"column":0},"end":{"line":8,"column":-1}},"6":{"start":{"line":8,"column":0},"end":{"line":9,"column":-1}},"7":{"start":{"line":9,"column":0},"end":{"line":null,"column":-1}},"8":{"start":{"line":17,"column":21},"end":{"line":17,"column":0}},"9":{"start":{"line":17,"column":21},"end":{"line":17,"column":-1}},"10":{"start":{"line":35,"column":0},"end":{"line":39,"column":0}},"11":{"start":{"line":39,"column":0},"end":{"line":43,"column":0}},"12":{"start":{"line":43,"column":15},"end":{"line":43,"column":0}},"13":{"start":{"line":51,"column":2},"end":{"line":58,"column":1}},"14":{"start":{"line":60,"column":27},"end":{"line":60,"column":0}},"15":{"start":{"line":61,"column":28},"end":{"line":60,"column":26}},"16":{"start":{"line":62,"column":27},"end":{"line":60,"column":26}},"17":{"start":{"line":63,"column":38},"end":{"line":60,"column":26}},"18":{"start":{"line":64,"column":28},"end":{"line":60,"column":26}},"19":{"start":{"line":65,"column":29},"end":{"line":60,"column":26}}},"fnMap":{"0":{"name":"ConfigScreen","decl":{"start":{"line":17,"column":6},"end":{"line":17,"column":21}},"loc":{"start":{"line":17,"column":21},"end":{"line":17,"column":0}}},"1":{"name":"mapStateToProps","decl":{"start":{"line":50,"column":9},"end":{"line":50,"column":0}},"loc":{"start":{"line":50,"column":39},"end":{"line":60,"column":0}}},"2":{"name":"configToggleVerifiedOnly","decl":{"start":{"line":61,"column":28},"end":{"line":61,"column":33}},"loc":{"start":{"line":61,"column":28},"end":{"line":60,"column":27}}},"3":{"name":"configToggleDoNotFollow","decl":{"start":{"line":62,"column":27},"end":{"line":62,"column":32}},"loc":{"start":{"line":62,"column":27},"end":{"line":60,"column":27}}},"4":{"name":"configToggleHaveDefaultInformation","decl":{"start":{"line":63,"column":38},"end":{"line":63,"column":43}},"loc":{"start":{"line":63,"column":38},"end":{"line":60,"column":27}}},"5":{"name":"configToggleContainsLink","decl":{"start":{"line":64,"column":28},"end":{"line":64,"column":33}},"loc":{"start":{"line":64,"column":28},"end":{"line":60,"column":27}}},"6":{"name":"configToggleTextTruncated","decl":{"start":{"line":65,"column":29},"end":{"line":65,"column":34}},"loc":{"start":{"line":65,"column":29},"end":{"line":60,"column":27}}}},"branchMap":{},"s":{"0":0,"1":0,"2":0,"3":0,"4":0,"5":0,"6":0,"7":0,"8":0,"9":0,"10":0,"11":0,"12":0,"13":0,"14":0,"15":0,"16":0,"17":0,"18":0,"19":0},"f":{"0":0,"1":0,"2":0,"3":0,"4":0,"5":0,"6":0},"b":{}}
,"C:\\Users\\nicolas.manzato\\webUI-bootcamp\\WebUI-project\\app\\screens\\HomeScreen.js": {"path":"C:\\Users\\nicolas.manzato\\webUI-bootcamp\\WebUI-project\\app\\screens\\HomeScreen.js","statementMap":{"0":{"start":{"line":1,"column":0},"end":{"line":null,"column":-1}},"1":{"start":{"line":2,"column":0},"end":{"line":3,"column":-1}},"2":{"start":{"line":3,"column":0},"end":{"line":null,"column":-1}},"3":{"start":{"line":4,"column":0},"end":{"line":5,"column":-1}},"4":{"start":{"line":5,"column":0},"end":{"line":6,"column":-1}},"5":{"start":{"line":6,"column":0},"end":{"line":7,"column":-1}},"6":{"start":{"line":7,"column":0},"end":{"line":8,"column":-1}},"7":{"start":{"line":8,"column":0},"end":{"line":null,"column":-1}},"8":{"start":{"line":10,"column":19},"end":{"line":10,"column":0}},"9":{"start":{"line":10,"column":19},"end":{"line":10,"column":-1}},"10":{"start":{"line":25,"column":0},"end":{"line":29,"column":0}},"11":{"start":{"line":29,"column":0},"end":{"line":33,"column":0}},"12":{"start":{"line":33,"column":15},"end":{"line":33,"column":0}},"13":{"start":{"line":41,"column":4},"end":{"line":46,"column":1}},"14":{"start":{"line":48,"column":27},"end":{"line":48,"column":0}},"15":{"start":{"line":49,"column":19},"end":{"line":48,"column":26}},"16":{"start":{"line":50,"column":23},"end":{"line":48,"column":26}}},"fnMap":{"0":{"name":"HomeScreen","decl":{"start":{"line":10,"column":6},"end":{"line":10,"column":19}},"loc":{"start":{"line":10,"column":19},"end":{"line":10,"column":0}}},"1":{"name":"mapStateToProps","decl":{"start":{"line":40,"column":9},"end":{"line":40,"column":0}},"loc":{"start":{"line":40,"column":39},"end":{"line":48,"column":0}}},"2":{"name":"requestLoadPost","decl":{"start":{"line":49,"column":19},"end":{"line":49,"column":24}},"loc":{"start":{"line":49,"column":19},"end":{"line":48,"column":27}}},"3":{"name":"requestLoadMorePost","decl":{"start":{"line":50,"column":23},"end":{"line":50,"column":28}},"loc":{"start":{"line":50,"column":23},"end":{"line":48,"column":27}}}},"branchMap":{},"s":{"0":0,"1":0,"2":0,"3":0,"4":0,"5":0,"6":0,"7":0,"8":0,"9":0,"10":0,"11":0,"12":0,"13":0,"14":0,"15":0,"16":0},"f":{"0":0,"1":0,"2":0,"3":0},"b":{}}
,"C:\\Users\\nicolas.manzato\\webUI-bootcamp\\WebUI-project\\app\\screens\\PostScreen.js": {"path":"C:\\Users\\nicolas.manzato\\webUI-bootcamp\\WebUI-project\\app\\screens\\PostScreen.js","statementMap":{"0":{"start":{"line":6,"column":0},"end":{"line":null,"column":-1}},"1":{"start":{"line":7,"column":0},"end":{"line":16,"column":-1}},"2":{"start":{"line":16,"column":0},"end":{"line":17,"column":-1}},"3":{"start":{"line":17,"column":0},"end":{"line":null,"column":-1}},"4":{"start":{"line":18,"column":0},"end":{"line":null,"column":-1}},"5":{"start":{"line":26,"column":21},"end":{"line":27,"column":9}},"6":{"start":{"line":26,"column":21},"end":{"line":34,"column":1}},"7":{"start":{"line":26,"column":21},"end":{"line":38,"column":1}},"8":{"start":{"line":35,"column":4},"end":{"line":36,"column":3}},"9":{"start":{"line":26,"column":21},"end":{"line":29,"column":4}},"10":{"start":{"line":39,"column":4},"end":{"line":51,"column":3}},"11":{"start":{"line":29,"column":4},"end":{"line":26,"column":21}},"12":{"start":{"line":26,"column":21},"end":{"line":32,"column":3}},"13":{"start":{"line":56,"column":4},"end":{"line":60,"column":1}},"14":{"start":{"line":62,"column":27},"end":{"line":62,"column":0}},"15":{"start":{"line":63,"column":19},"end":{"line":62,"column":26}},"16":{"start":{"line":68,"column":15},"end":{"line":68,"column":0}}},"fnMap":{"0":{"name":"(anonymous_6)","decl":{"start":{"line":34,"column":22},"end":{"line":34,"column":27}},"loc":{"start":{"line":34,"column":28},"end":{"line":26,"column":21}}},"1":{"name":"(anonymous_7)","decl":{"start":{"line":38,"column":11},"end":{"line":38,"column":16}},"loc":{"start":{"line":38,"column":17},"end":{"line":26,"column":21}}},"2":{"name":"mapStateToProps","decl":{"start":{"line":55,"column":9},"end":{"line":55,"column":0}},"loc":{"start":{"line":55,"column":39},"end":{"line":62,"column":0}}},"3":{"name":"requestPostShow","decl":{"start":{"line":63,"column":19},"end":{"line":63,"column":19}},"loc":{"start":{"line":63,"column":19},"end":{"line":62,"column":27}}}},"branchMap":{"0":{"loc":{"start":{"line":26,"column":21},"end":{"line":27,"column":9}},"type":"binary-expr","locations":[{"start":{"line":26,"column":21},"end":{"line":27,"column":9}},{"start":{"line":26,"column":21},"end":{"line":27,"column":9}}]},"1":{"loc":{"start":{"line":41,"column":8},"end":{"line":41,"column":7}},"type":"binary-expr","locations":[{"start":{"line":41,"column":8},"end":{"line":41,"column":7}},{"start":{"line":42,"column":9},"end":{"line":40,"column":5}}]},"2":{"loc":{"start":{"line":46,"column":8},"end":{"line":46,"column":7}},"type":"binary-expr","locations":[{"start":{"line":46,"column":8},"end":{"line":46,"column":7}},{"start":{"line":47,"column":9},"end":{"line":40,"column":5}}]}},"s":{"0":0,"1":0,"2":0,"3":0,"4":0,"5":0,"6":0,"7":0,"8":0,"9":0,"10":0,"11":0,"12":0,"13":0,"14":0,"15":0,"16":0},"f":{"0":0,"1":0,"2":0,"3":0},"b":{"0":[0,0],"1":[0,0],"2":[0,0]}}
,"C:\\Users\\nicolas.manzato\\webUI-bootcamp\\WebUI-project\\app\\screens\\SearchScreen.js": {"path":"C:\\Users\\nicolas.manzato\\webUI-bootcamp\\WebUI-project\\app\\screens\\SearchScreen.js","statementMap":{"0":{"start":{"line":1,"column":0},"end":{"line":null,"column":-1}},"1":{"start":{"line":2,"column":0},"end":{"line":3,"column":-1}},"2":{"start":{"line":3,"column":0},"end":{"line":null,"column":-1}},"3":{"start":{"line":4,"column":0},"end":{"line":5,"column":-1}},"4":{"start":{"line":5,"column":0},"end":{"line":null,"column":-1}},"5":{"start":{"line":6,"column":0},"end":{"line":null,"column":-1}},"6":{"start":{"line":7,"column":0},"end":{"line":null,"column":-1}},"7":{"start":{"line":8,"column":0},"end":{"line":null,"column":-1}},"8":{"start":{"line":9,"column":0},"end":{"line":10,"column":-1}},"9":{"start":{"line":10,"column":0},"end":{"line":12,"column":-1}},"10":{"start":{"line":12,"column":0},"end":{"line":null,"column":-1}},"11":{"start":{"line":14,"column":0},"end":{"line":18,"column":-1}},"12":{"start":{"line":18,"column":0},"end":{"line":null,"column":-1}},"13":{"start":{"line":22,"column":21},"end":{"line":23,"column":9}},"14":{"start":{"line":22,"column":21},"end":{"line":33,"column":1}},"15":{"start":{"line":22,"column":21},"end":{"line":37,"column":1}},"16":{"start":{"line":34,"column":4},"end":{"line":35,"column":3}},"17":{"start":{"line":22,"column":21},"end":{"line":43,"column":1}},"18":{"start":{"line":38,"column":4},"end":{"line":41,"column":3}},"19":{"start":{"line":22,"column":21},"end":{"line":50,"column":1}},"20":{"start":{"line":44,"column":4},"end":{"line":48,"column":3}},"21":{"start":{"line":45,"column":6},"end":{"line":46,"column":6}},"22":{"start":{"line":46,"column":6},"end":{"line":47,"column":5}},"23":{"start":{"line":22,"column":21},"end":{"line":57,"column":1}},"24":{"start":{"line":51,"column":4},"end":{"line":52,"column":4}},"25":{"start":{"line":52,"column":4},"end":{"line":53,"column":4}},"26":{"start":{"line":53,"column":4},"end":{"line":54,"column":4}},"27":{"start":{"line":54,"column":4},"end":{"line":55,"column":3}},"28":{"start":{"line":22,"column":21},"end":{"line":63,"column":1}},"29":{"start":{"line":58,"column":4},"end":{"line":61,"column":3}},"30":{"start":{"line":59,"column":6},"end":{"line":60,"column":5}},"31":{"start":{"line":22,"column":21},"end":{"line":70,"column":1}},"32":{"start":{"line":64,"column":4},"end":{"line":68,"column":3}},"33":{"start":{"line":65,"column":6},"end":{"line":66,"column":6}},"34":{"start":{"line":66,"column":6},"end":{"line":67,"column":5}},"35":{"start":{"line":22,"column":21},"end":{"line":75,"column":1}},"36":{"start":{"line":71,"column":4},"end":{"line":72,"column":4}},"37":{"start":{"line":72,"column":4},"end":{"line":73,"column":3}},"38":{"start":{"line":22,"column":21},"end":{"line":81,"column":1}},"39":{"start":{"line":76,"column":4},"end":{"line":79,"column":3}},"40":{"start":{"line":22,"column":21},"end":{"line":87,"column":1}},"41":{"start":{"line":82,"column":4},"end":{"line":85,"column":3}},"42":{"start":{"line":22,"column":21},"end":{"line":25,"column":4}},"43":{"start":{"line":89,"column":4},"end":{"line":128,"column":3}},"44":{"start":{"line":97,"column":35},"end":{"line":97,"column":75}},"45":{"start":{"line":108,"column":41},"end":{"line":108,"column":73}},"46":{"start":{"line":25,"column":4},"end":{"line":22,"column":21}},"47":{"start":{"line":22,"column":21},"end":{"line":31,"column":3}},"48":{"start":{"line":136,"column":15},"end":{"line":136,"column":0}},"49":{"start":{"line":149,"column":24},"end":{"line":149,"column":0}},"50":{"start":{"line":150,"column":4},"end":{"line":160,"column":1}},"51":{"start":{"line":162,"column":27},"end":{"line":162,"column":0}},"52":{"start":{"line":163,"column":21},"end":{"line":162,"column":26}},"53":{"start":{"line":164,"column":24},"end":{"line":162,"column":26}},"54":{"start":{"line":165,"column":25},"end":{"line":162,"column":26}},"55":{"start":{"line":166,"column":19},"end":{"line":162,"column":26}},"56":{"start":{"line":167,"column":15},"end":{"line":162,"column":26}}},"fnMap":{"0":{"name":"(anonymous_6)","decl":{"start":{"line":33,"column":22},"end":{"line":33,"column":27}},"loc":{"start":{"line":33,"column":28},"end":{"line":22,"column":21}}},"1":{"name":"(anonymous_7)","decl":{"start":{"line":37,"column":21},"end":{"line":37,"column":21}},"loc":{"start":{"line":37,"column":34},"end":{"line":22,"column":21}}},"2":{"name":"(anonymous_8)","decl":{"start":{"line":43,"column":23},"end":{"line":43,"column":23}},"loc":{"start":{"line":43,"column":34},"end":{"line":22,"column":21}}},"3":{"name":"(anonymous_9)","decl":{"start":{"line":50,"column":28},"end":{"line":50,"column":33}},"loc":{"start":{"line":50,"column":34},"end":{"line":22,"column":21}}},"4":{"name":"(anonymous_10)","decl":{"start":{"line":57,"column":29},"end":{"line":57,"column":29}},"loc":{"start":{"line":57,"column":42},"end":{"line":22,"column":21}}},"5":{"name":"(anonymous_11)","decl":{"start":{"line":63,"column":39},"end":{"line":63,"column":44}},"loc":{"start":{"line":63,"column":45},"end":{"line":22,"column":21}}},"6":{"name":"(anonymous_12)","decl":{"start":{"line":70,"column":32},"end":{"line":70,"column":37}},"loc":{"start":{"line":70,"column":38},"end":{"line":22,"column":21}}},"7":{"name":"(anonymous_13)","decl":{"start":{"line":75,"column":27},"end":{"line":75,"column":27}},"loc":{"start":{"line":75,"column":38},"end":{"line":22,"column":21}}},"8":{"name":"(anonymous_14)","decl":{"start":{"line":81,"column":34},"end":{"line":81,"column":34}},"loc":{"start":{"line":81,"column":45},"end":{"line":22,"column":21}}},"9":{"name":"(anonymous_15)","decl":{"start":{"line":87,"column":11},"end":{"line":87,"column":16}},"loc":{"start":{"line":87,"column":17},"end":{"line":22,"column":21}}},"10":{"name":"onSubmit","decl":{"start":{"line":97,"column":20},"end":{"line":97,"column":20}},"loc":{"start":{"line":97,"column":33},"end":{"line":91,"column":8}}},"11":{"name":"onTrendPress","decl":{"start":{"line":108,"column":28},"end":{"line":108,"column":28}},"loc":{"start":{"line":108,"column":39},"end":{"line":107,"column":12}}},"12":{"name":"mapStateToProps","decl":{"start":{"line":149,"column":6},"end":{"line":149,"column":24}},"loc":{"start":{"line":149,"column":35},"end":{"line":149,"column":0}}},"13":{"name":"requestTrendsLoad","decl":{"start":{"line":163,"column":21},"end":{"line":163,"column":26}},"loc":{"start":{"line":163,"column":21},"end":{"line":162,"column":27}}},"14":{"name":"requestSearchForPost","decl":{"start":{"line":164,"column":24},"end":{"line":164,"column":24}},"loc":{"start":{"line":164,"column":24},"end":{"line":162,"column":27}}},"15":{"name":"requestSearchMorePost","decl":{"start":{"line":165,"column":25},"end":{"line":165,"column":30}},"loc":{"start":{"line":165,"column":25},"end":{"line":162,"column":27}}},"16":{"name":"resetPostSearch","decl":{"start":{"line":166,"column":19},"end":{"line":166,"column":24}},"loc":{"start":{"line":166,"column":19},"end":{"line":162,"column":27}}},"17":{"name":"resetTrends","decl":{"start":{"line":167,"column":15},"end":{"line":167,"column":20}},"loc":{"start":{"line":167,"column":15},"end":{"line":162,"column":27}}}},"branchMap":{"0":{"loc":{"start":{"line":22,"column":21},"end":{"line":23,"column":9}},"type":"binary-expr","locations":[{"start":{"line":22,"column":21},"end":{"line":23,"column":9}},{"start":{"line":22,"column":21},"end":{"line":23,"column":9}}]},"1":{"loc":{"start":{"line":44,"column":4},"end":{"line":48,"column":3}},"type":"if","locations":[{"start":{"line":44,"column":4},"end":{"line":48,"column":3}},{"start":{"line":44,"column":4},"end":{"line":48,"column":3}}]},"2":{"loc":{"start":{"line":58,"column":4},"end":{"line":61,"column":3}},"type":"if","locations":[{"start":{"line":58,"column":4},"end":{"line":61,"column":3}},{"start":{"line":58,"column":4},"end":{"line":61,"column":3}}]},"3":{"loc":{"start":{"line":64,"column":4},"end":{"line":68,"column":3}},"type":"if","locations":[{"start":{"line":64,"column":4},"end":{"line":68,"column":3}},{"start":{"line":64,"column":4},"end":{"line":68,"column":3}}]},"4":{"loc":{"start":{"line":98,"column":10},"end":{"line":98,"column":9}},"type":"binary-expr","locations":[{"start":{"line":98,"column":10},"end":{"line":98,"column":9}},{"start":{"line":98,"column":38},"end":{"line":98,"column":9}},{"start":{"line":99,"column":10},"end":{"line":90,"column":6}}]},"5":{"loc":{"start":{"line":103,"column":9},"end":{"line":103,"column":8}},"type":"binary-expr","locations":[{"start":{"line":103,"column":9},"end":{"line":103,"column":8}},{"start":{"line":103,"column":43},"end":{"line":103,"column":9}},{"start":{"line":104,"column":10},"end":{"line":90,"column":6}}]},"6":{"loc":{"start":{"line":105,"column":21},"end":{"line":105,"column":20}},"type":"binary-expr","locations":[{"start":{"line":105,"column":21},"end":{"line":105,"column":20}},{"start":{"line":105,"column":48},"end":{"line":104,"column":10}}]},"7":{"loc":{"start":{"line":114,"column":9},"end":{"line":114,"column":8}},"type":"binary-expr","locations":[{"start":{"line":114,"column":9},"end":{"line":114,"column":8}},{"start":{"line":115,"column":10},"end":{"line":90,"column":6}}]},"8":{"loc":{"start":{"line":116,"column":21},"end":{"line":116,"column":20}},"type":"binary-expr","locations":[{"start":{"line":116,"column":21},"end":{"line":116,"column":20}},{"start":{"line":116,"column":47},"end":{"line":115,"column":10}}]}},"s":{"0":0,"1":0,"2":0,"3":0,"4":0,"5":0,"6":0,"7":0,"8":0,"9":0,"10":0,"11":0,"12":0,"13":0,"14":0,"15":0,"16":0,"17":0,"18":0,"19":0,"20":0,"21":0,"22":0,"23":0,"24":0,"25":0,"26":0,"27":0,"28":0,"29":0,"30":0,"31":0,"32":0,"33":0,"34":0,"35":0,"36":0,"37":0,"38":0,"39":0,"40":0,"41":0,"42":0,"43":0,"44":0,"45":0,"46":0,"47":0,"48":0,"49":0,"50":0,"51":0,"52":0,"53":0,"54":0,"55":0,"56":0},"f":{"0":0,"1":0,"2":0,"3":0,"4":0,"5":0,"6":0,"7":0,"8":0,"9":0,"10":0,"11":0,"12":0,"13":0,"14":0,"15":0,"16":0,"17":0},"b":{"0":[0,0],"1":[0,0],"2":[0,0],"3":[0,0],"4":[0,0,0],"5":[0,0,0],"6":[0,0],"7":[0,0],"8":[0,0]}}
,"C:\\Users\\nicolas.manzato\\webUI-bootcamp\\WebUI-project\\app\\screens\\UserProfileScreen.js": {"path":"C:\\Users\\nicolas.manzato\\webUI-bootcamp\\WebUI-project\\app\\screens\\UserProfileScreen.js","statementMap":{"0":{"start":{"line":3,"column":0},"end":{"line":null,"column":-1}},"1":{"start":{"line":4,"column":0},"end":{"line":14,"column":-1}},"2":{"start":{"line":14,"column":0},"end":{"line":15,"column":-1}},"3":{"start":{"line":15,"column":0},"end":{"line":16,"column":-1}},"4":{"start":{"line":16,"column":0},"end":{"line":null,"column":-1}},"5":{"start":{"line":17,"column":0},"end":{"line":null,"column":-1}},"6":{"start":{"line":21,"column":21},"end":{"line":22,"column":9}},"7":{"start":{"line":21,"column":21},"end":{"line":29,"column":1}},"8":{"start":{"line":21,"column":21},"end":{"line":38,"column":1}},"9":{"start":{"line":30,"column":19},"end":{"line":30,"column":4}},"10":{"start":{"line":31,"column":4},"end":{"line":35,"column":4}},"11":{"start":{"line":35,"column":4},"end":{"line":36,"column":3}},"12":{"start":{"line":21,"column":21},"end":{"line":24,"column":4}},"13":{"start":{"line":39,"column":4},"end":{"line":63,"column":3}},"14":{"start":{"line":24,"column":4},"end":{"line":21,"column":21}},"15":{"start":{"line":21,"column":21},"end":{"line":27,"column":3}},"16":{"start":{"line":68,"column":4},"end":{"line":75,"column":1}},"17":{"start":{"line":77,"column":27},"end":{"line":77,"column":0}},"18":{"start":{"line":78,"column":22},"end":{"line":77,"column":26}},"19":{"start":{"line":83,"column":15},"end":{"line":83,"column":0}}},"fnMap":{"0":{"name":"(anonymous_6)","decl":{"start":{"line":29,"column":22},"end":{"line":29,"column":27}},"loc":{"start":{"line":29,"column":28},"end":{"line":21,"column":21}}},"1":{"name":"(anonymous_7)","decl":{"start":{"line":38,"column":11},"end":{"line":38,"column":16}},"loc":{"start":{"line":38,"column":17},"end":{"line":21,"column":21}}},"2":{"name":"onRefresh","decl":{"start":{"line":55,"column":24},"end":{"line":55,"column":29}},"loc":{"start":{"line":55,"column":30},"end":{"line":50,"column":11}}},"3":{"name":"onEndReached","decl":{"start":{"line":56,"column":27},"end":{"line":56,"column":32}},"loc":{"start":{"line":56,"column":33},"end":{"line":50,"column":11}}},"4":{"name":"mapStateToProps","decl":{"start":{"line":67,"column":9},"end":{"line":67,"column":0}},"loc":{"start":{"line":67,"column":39},"end":{"line":77,"column":0}}},"5":{"name":"requestUserProfile","decl":{"start":{"line":78,"column":22},"end":{"line":78,"column":22}},"loc":{"start":{"line":78,"column":22},"end":{"line":77,"column":27}}}},"branchMap":{"0":{"loc":{"start":{"line":21,"column":21},"end":{"line":22,"column":9}},"type":"binary-expr","locations":[{"start":{"line":21,"column":21},"end":{"line":22,"column":9}},{"start":{"line":21,"column":21},"end":{"line":22,"column":9}}]},"1":{"loc":{"start":{"line":41,"column":9},"end":{"line":41,"column":8}},"type":"binary-expr","locations":[{"start":{"line":41,"column":9},"end":{"line":41,"column":8}},{"start":{"line":41,"column":44},"end":{"line":41,"column":8}},{"start":{"line":42,"column":9},"end":{"line":40,"column":5}}]},"2":{"loc":{"start":{"line":46,"column":8},"end":{"line":46,"column":7}},"type":"binary-expr","locations":[{"start":{"line":46,"column":8},"end":{"line":46,"column":7}},{"start":{"line":46,"column":44},"end":{"line":46,"column":8}},{"start":{"line":47,"column":9},"end":{"line":40,"column":5}}]}},"s":{"0":0,"1":0,"2":0,"3":0,"4":0,"5":0,"6":0,"7":0,"8":0,"9":0,"10":0,"11":0,"12":0,"13":0,"14":0,"15":0,"16":0,"17":0,"18":0,"19":0},"f":{"0":0,"1":0,"2":0,"3":0,"4":0,"5":0},"b":{"0":[0,0],"1":[0,0,0],"2":[0,0,0]}}
,"C:\\Users\\nicolas.manzato\\webUI-bootcamp\\WebUI-project\\app\\store\\appReducer.js": {"path":"C:\\Users\\nicolas.manzato\\webUI-bootcamp\\WebUI-project\\app\\store\\appReducer.js","statementMap":{"0":{"start":{"line":3,"column":0},"end":{"line":4,"column":-1}},"1":{"start":{"line":4,"column":0},"end":{"line":null,"column":-1}},"2":{"start":{"line":5,"column":0},"end":{"line":null,"column":-1}},"3":{"start":{"line":6,"column":0},"end":{"line":null,"column":-1}},"4":{"start":{"line":7,"column":0},"end":{"line":null,"column":-1}},"5":{"start":{"line":8,"column":0},"end":{"line":null,"column":-1}},"6":{"start":{"line":10,"column":19},"end":{"line":10,"column":0}}},"fnMap":{},"branchMap":{},"s":{"0":0,"1":0,"2":0,"3":0,"4":0,"5":0,"6":0},"f":{},"b":{}}
,"C:\\Users\\nicolas.manzato\\webUI-bootcamp\\WebUI-project\\app\\store\\appSagas.js": {"path":"C:\\Users\\nicolas.manzato\\webUI-bootcamp\\WebUI-project\\app\\store\\appSagas.js","statementMap":{"0":{"start":{"line":1,"column":0},"end":{"line":2,"column":-1}},"1":{"start":{"line":2,"column":0},"end":{"line":4,"column":-1}},"2":{"start":{"line":4,"column":0},"end":{"line":null,"column":-1}},"3":{"start":{"line":5,"column":0},"end":{"line":null,"column":-1}},"4":{"start":{"line":6,"column":0},"end":{"line":null,"column":-1}},"5":{"start":{"line":8,"column":15},"end":{"line":null,"column":-1}},"6":{"start":{"line":8,"column":15},"end":{"line":9,"column":7}}},"fnMap":{"0":{"name":"appSagas","decl":{"start":{"line":8,"column":25},"end":{"line":8,"column":15}},"loc":{"start":{"line":8,"column":15},"end":{"line":null,"column":-1}}},"1":{"name":"appSagas$","decl":{"start":{"line":8,"column":15},"end":{"line":9,"column":7}},"loc":{"start":{"line":8,"column":15},"end":{"line":null,"column":-1}}}},"branchMap":{"0":{"loc":{"start":{"line":8,"column":15},"end":{"line":null,"column":-1}},"type":"switch","locations":[{"start":{"line":8,"column":15},"end":{"line":null,"column":-1}},{"start":{"line":8,"column":15},"end":{"line":null,"column":-1}},{"start":{"line":8,"column":15},"end":{"line":null,"column":-1}}]}},"s":{"0":0,"1":0,"2":0,"3":0,"4":0,"5":0,"6":0},"f":{"0":0,"1":0},"b":{"0":[0,0,0]}}
,"C:\\Users\\nicolas.manzato\\webUI-bootcamp\\WebUI-project\\app\\store\\configuration\\configurationActions.js": {"path":"C:\\Users\\nicolas.manzato\\webUI-bootcamp\\WebUI-project\\app\\store\\configuration\\configurationActions.js","statementMap":{"0":{"start":{"line":1,"column":43},"end":{"line":1,"column":72}},"1":{"start":{"line":2,"column":43},"end":{"line":2,"column":72}},"2":{"start":{"line":3,"column":54},"end":{"line":3,"column":94}},"3":{"start":{"line":4,"column":43},"end":{"line":4,"column":72}},"4":{"start":{"line":5,"column":44},"end":{"line":5,"column":74}},"5":{"start":{"line":8,"column":2},"end":{"line":8,"column":45}},"6":{"start":{"line":12,"column":2},"end":{"line":12,"column":45}},"7":{"start":{"line":16,"column":2},"end":{"line":16,"column":56}},"8":{"start":{"line":20,"column":2},"end":{"line":20,"column":45}},"9":{"start":{"line":24,"column":2},"end":{"line":24,"column":46}}},"fnMap":{"0":{"name":"configToggleVerifiedOnly","decl":{"start":{"line":7,"column":16},"end":{"line":7,"column":40}},"loc":{"start":{"line":7,"column":43},"end":{"line":9,"column":1}},"line":7},"1":{"name":"configToggleDoNotFollow","decl":{"start":{"line":11,"column":16},"end":{"line":11,"column":39}},"loc":{"start":{"line":11,"column":42},"end":{"line":13,"column":1}},"line":11},"2":{"name":"configToggleHaveDefaultInformation","decl":{"start":{"line":15,"column":16},"end":{"line":15,"column":50}},"loc":{"start":{"line":15,"column":53},"end":{"line":17,"column":1}},"line":15},"3":{"name":"configToggleContainsLink","decl":{"start":{"line":19,"column":16},"end":{"line":19,"column":40}},"loc":{"start":{"line":19,"column":43},"end":{"line":21,"column":1}},"line":19},"4":{"name":"configToggleTextTruncated","decl":{"start":{"line":23,"column":16},"end":{"line":23,"column":41}},"loc":{"start":{"line":23,"column":44},"end":{"line":25,"column":1}},"line":23}},"branchMap":{},"s":{"0":4,"1":4,"2":4,"3":4,"4":4,"5":2,"6":2,"7":2,"8":2,"9":2},"f":{"0":2,"1":2,"2":2,"3":2,"4":2},"b":{},"_coverageSchema":"332fd63041d2c1bcb487cc26dd0d5f7d97098a6c","hash":"5bcb02f4ae85d4d9ad4e03bddb5d6d7abe7a1252"}
,"C:\\Users\\nicolas.manzato\\webUI-bootcamp\\WebUI-project\\app\\store\\configuration\\configurationReducer.js": {"path":"C:\\Users\\nicolas.manzato\\webUI-bootcamp\\WebUI-project\\app\\store\\configuration\\configurationReducer.js","statementMap":{"0":{"start":{"line":11,"column":32},"end":{"line":17,"column":1}},"1":{"start":{"line":19,"column":29},"end":{"line":39,"column":1}},"2":{"start":{"line":20,"column":2},"end":{"line":38,"column":5}},"3":{"start":{"line":22,"column":6},"end":{"line":22,"column":90}},"4":{"start":{"line":23,"column":6},"end":{"line":23,"column":19}},"5":{"start":{"line":25,"column":6},"end":{"line":25,"column":88}},"6":{"start":{"line":26,"column":6},"end":{"line":26,"column":19}},"7":{"start":{"line":28,"column":6},"end":{"line":28,"column":110}},"8":{"start":{"line":29,"column":6},"end":{"line":29,"column":19}},"9":{"start":{"line":31,"column":6},"end":{"line":31,"column":90}},"10":{"start":{"line":32,"column":6},"end":{"line":32,"column":19}},"11":{"start":{"line":34,"column":6},"end":{"line":34,"column":92}},"12":{"start":{"line":35,"column":6},"end":{"line":35,"column":19}},"13":{"start":{"line":37,"column":6},"end":{"line":37,"column":19}}},"fnMap":{"0":{"name":"(anonymous_0)","decl":{"start":{"line":19,"column":29},"end":{"line":19,"column":30}},"loc":{"start":{"line":19,"column":69},"end":{"line":39,"column":1}},"line":19}},"branchMap":{"0":{"loc":{"start":{"line":19,"column":30},"end":{"line":19,"column":56}},"type":"default-arg","locations":[{"start":{"line":19,"column":38},"end":{"line":19,"column":56}}],"line":19},"1":{"loc":{"start":{"line":20,"column":2},"end":{"line":38,"column":5}},"type":"switch","locations":[{"start":{"line":21,"column":4},"end":{"line":23,"column":19}},{"start":{"line":24,"column":4},"end":{"line":26,"column":19}},{"start":{"line":27,"column":4},"end":{"line":29,"column":19}},{"start":{"line":30,"column":4},"end":{"line":32,"column":19}},{"start":{"line":33,"column":4},"end":{"line":35,"column":19}},{"start":{"line":36,"column":4},"end":{"line":37,"column":19}}],"line":20}},"s":{"0":3,"1":3,"2":6,"3":1,"4":1,"5":1,"6":1,"7":1,"8":1,"9":1,"10":1,"11":1,"12":1,"13":1},"f":{"0":6},"b":{"0":[1],"1":[1,1,1,1,1,1]},"_coverageSchema":"332fd63041d2c1bcb487cc26dd0d5f7d97098a6c","hash":"51cc12e1471fe6c906c5d6945a4cdcc2330e0461"}
,"C:\\Users\\nicolas.manzato\\webUI-bootcamp\\WebUI-project\\app\\store\\configuration\\configurationSelector.js": {"path":"C:\\Users\\nicolas.manzato\\webUI-bootcamp\\WebUI-project\\app\\store\\configuration\\configurationSelector.js","statementMap":{"0":{"start":{"line":1,"column":32},"end":{"line":3,"column":1}},"1":{"start":{"line":2,"column":2},"end":{"line":2,"column":36}}},"fnMap":{"0":{"name":"(anonymous_0)","decl":{"start":{"line":1,"column":32},"end":{"line":1,"column":33}},"loc":{"start":{"line":1,"column":41},"end":{"line":3,"column":1}},"line":1}},"branchMap":{},"s":{"0":3,"1":7},"f":{"0":7},"b":{},"_coverageSchema":"332fd63041d2c1bcb487cc26dd0d5f7d97098a6c","hash":"9b04cfb45c27dda884b4997cc10b52a45809c33e"}
,"C:\\Users\\nicolas.manzato\\webUI-bootcamp\\WebUI-project\\app\\store\\navigation\\navReducer.js": {"path":"C:\\Users\\nicolas.manzato\\webUI-bootcamp\\WebUI-project\\app\\store\\navigation\\navReducer.js","statementMap":{"0":{"start":{"line":3,"column":0},"end":{"line":4,"column":-1}},"1":{"start":{"line":4,"column":0},"end":{"line":6,"column":-1}},"2":{"start":{"line":6,"column":20},"end":{"line":6,"column":0}},"3":{"start":{"line":7,"column":21},"end":{"line":7,"column":0}},"4":{"start":{"line":8,"column":24},"end":{"line":8,"column":0}},"5":{"start":{"line":12,"column":19},"end":{"line":12,"column":0}},"6":{"start":{"line":12,"column":56},"end":{"line":12,"column":55}},"7":{"start":{"line":12,"column":56},"end":{"line":13,"column":1}},"8":{"start":{"line":13,"column":6},"end":{"line":13,"column":2}},"9":{"start":{"line":14,"column":2},"end":{"line":39,"column":2}},"10":{"start":{"line":16,"column":6},"end":{"line":20,"column":6}},"11":{"start":{"line":20,"column":6},"end":{"line":21,"column":4}},"12":{"start":{"line":22,"column":6},"end":{"line":26,"column":6}},"13":{"start":{"line":26,"column":6},"end":{"line":27,"column":4}},"14":{"start":{"line":28,"column":6},"end":{"line":32,"column":6}},"15":{"start":{"line":32,"column":6},"end":{"line":33,"column":4}},"16":{"start":{"line":34,"column":6},"end":{"line":35,"column":6}},"17":{"start":{"line":35,"column":6},"end":{"line":14,"column":2}},"18":{"start":{"line":39,"column":2},"end":{"line":40,"column":1}}},"fnMap":{"0":{"name":"NavReducer","decl":{"start":{"line":12,"column":6},"end":{"line":12,"column":19}},"loc":{"start":{"line":12,"column":56},"end":{"line":12,"column":0}}}},"branchMap":{"0":{"loc":{"start":{"line":12,"column":56},"end":{"line":12,"column":27}},"type":"cond-expr","locations":[{"start":{"line":12,"column":56},"end":{"line":12,"column":27}},{"start":{"line":12,"column":28},"end":{"line":12,"column":56}}]},"1":{"loc":{"start":{"line":12,"column":56},"end":{"line":12,"column":27}},"type":"binary-expr","locations":[{"start":{"line":12,"column":56},"end":{"line":12,"column":27}},{"start":{"line":12,"column":56},"end":{"line":12,"column":27}}]},"2":{"loc":{"start":{"line":15,"column":4},"end":{"line":21,"column":4}},"type":"switch","locations":[{"start":{"line":15,"column":4},"end":{"line":21,"column":4}},{"start":{"line":21,"column":4},"end":{"line":27,"column":4}},{"start":{"line":27,"column":4},"end":{"line":33,"column":4}},{"start":{"line":33,"column":4},"end":{"line":14,"column":2}}]},"3":{"loc":{"start":{"line":39,"column":9},"end":{"line":39,"column":21}},"type":"binary-expr","locations":[{"start":{"line":39,"column":9},"end":{"line":39,"column":21}},{"start":{"line":39,"column":22},"end":{"line":39,"column":2}}]}},"s":{"0":0,"1":0,"2":0,"3":0,"4":0,"5":0,"6":0,"7":0,"8":0,"9":0,"10":0,"11":0,"12":0,"13":0,"14":0,"15":0,"16":0,"17":0,"18":0},"f":{"0":0},"b":{"0":[0,0],"1":[0,0],"2":[0,0,0,0],"3":[0,0]}}
,"C:\\Users\\nicolas.manzato\\webUI-bootcamp\\WebUI-project\\app\\store\\post\\postActions.js": {"path":"C:\\Users\\nicolas.manzato\\webUI-bootcamp\\WebUI-project\\app\\store\\post\\postActions.js","statementMap":{"0":{"start":{"line":1,"column":33},"end":{"line":1,"column":52}},"1":{"start":{"line":2,"column":33},"end":{"line":2,"column":52}},"2":{"start":{"line":3,"column":33},"end":{"line":3,"column":52}},"3":{"start":{"line":5,"column":38},"end":{"line":5,"column":62}},"4":{"start":{"line":6,"column":38},"end":{"line":6,"column":62}},"5":{"start":{"line":7,"column":38},"end":{"line":7,"column":62}},"6":{"start":{"line":9,"column":35},"end":{"line":9,"column":56}},"7":{"start":{"line":10,"column":35},"end":{"line":10,"column":56}},"8":{"start":{"line":11,"column":35},"end":{"line":11,"column":56}},"9":{"start":{"line":13,"column":40},"end":{"line":13,"column":66}},"10":{"start":{"line":14,"column":40},"end":{"line":14,"column":66}},"11":{"start":{"line":15,"column":40},"end":{"line":15,"column":66}},"12":{"start":{"line":17,"column":33},"end":{"line":17,"column":52}},"13":{"start":{"line":19,"column":33},"end":{"line":19,"column":52}},"14":{"start":{"line":20,"column":33},"end":{"line":20,"column":52}},"15":{"start":{"line":21,"column":33},"end":{"line":21,"column":52}},"16":{"start":{"line":23,"column":46},"end":{"line":23,"column":78}},"17":{"start":{"line":24,"column":46},"end":{"line":24,"column":78}},"18":{"start":{"line":25,"column":46},"end":{"line":25,"column":78}},"19":{"start":{"line":27,"column":31},"end":{"line":29,"column":1}},"20":{"start":{"line":28,"column":2},"end":{"line":28,"column":34}},"21":{"start":{"line":30,"column":31},"end":{"line":32,"column":1}},"22":{"start":{"line":31,"column":2},"end":{"line":31,"column":46}},"23":{"start":{"line":33,"column":31},"end":{"line":35,"column":1}},"24":{"start":{"line":34,"column":2},"end":{"line":34,"column":58}},"25":{"start":{"line":39,"column":35},"end":{"line":41,"column":1}},"26":{"start":{"line":40,"column":2},"end":{"line":40,"column":39}},"27":{"start":{"line":42,"column":35},"end":{"line":44,"column":1}},"28":{"start":{"line":43,"column":2},"end":{"line":43,"column":51}},"29":{"start":{"line":45,"column":35},"end":{"line":47,"column":1}},"30":{"start":{"line":46,"column":2},"end":{"line":46,"column":63}},"31":{"start":{"line":51,"column":36},"end":{"line":53,"column":1}},"32":{"start":{"line":52,"column":2},"end":{"line":52,"column":66}},"33":{"start":{"line":54,"column":36},"end":{"line":56,"column":1}},"34":{"start":{"line":55,"column":2},"end":{"line":55,"column":48}},"35":{"start":{"line":57,"column":36},"end":{"line":59,"column":1}},"36":{"start":{"line":58,"column":2},"end":{"line":58,"column":60}},"37":{"start":{"line":63,"column":37},"end":{"line":65,"column":1}},"38":{"start":{"line":64,"column":2},"end":{"line":64,"column":41}},"39":{"start":{"line":66,"column":37},"end":{"line":68,"column":1}},"40":{"start":{"line":67,"column":2},"end":{"line":67,"column":53}},"41":{"start":{"line":69,"column":37},"end":{"line":71,"column":1}},"42":{"start":{"line":70,"column":2},"end":{"line":70,"column":65}},"43":{"start":{"line":75,"column":31},"end":{"line":77,"column":1}},"44":{"start":{"line":76,"column":2},"end":{"line":76,"column":34}},"45":{"start":{"line":81,"column":31},"end":{"line":83,"column":1}},"46":{"start":{"line":82,"column":2},"end":{"line":82,"column":42}},"47":{"start":{"line":85,"column":31},"end":{"line":87,"column":1}},"48":{"start":{"line":86,"column":2},"end":{"line":86,"column":46}},"49":{"start":{"line":89,"column":31},"end":{"line":91,"column":1}},"50":{"start":{"line":90,"column":2},"end":{"line":90,"column":58}},"51":{"start":{"line":95,"column":42},"end":{"line":97,"column":1}},"52":{"start":{"line":96,"column":2},"end":{"line":96,"column":47}},"53":{"start":{"line":99,"column":42},"end":{"line":101,"column":1}},"54":{"start":{"line":100,"column":2},"end":{"line":100,"column":59}},"55":{"start":{"line":103,"column":42},"end":{"line":105,"column":1}},"56":{"start":{"line":104,"column":2},"end":{"line":104,"column":71}}},"fnMap":{"0":{"name":"(anonymous_0)","decl":{"start":{"line":27,"column":31},"end":{"line":27,"column":32}},"loc":{"start":{"line":27,"column":37},"end":{"line":29,"column":1}},"line":27},"1":{"name":"(anonymous_1)","decl":{"start":{"line":30,"column":31},"end":{"line":30,"column":32}},"loc":{"start":{"line":30,"column":41},"end":{"line":32,"column":1}},"line":30},"2":{"name":"(anonymous_2)","decl":{"start":{"line":33,"column":31},"end":{"line":33,"column":32}},"loc":{"start":{"line":33,"column":39},"end":{"line":35,"column":1}},"line":33},"3":{"name":"(anonymous_3)","decl":{"start":{"line":39,"column":35},"end":{"line":39,"column":36}},"loc":{"start":{"line":39,"column":41},"end":{"line":41,"column":1}},"line":39},"4":{"name":"(anonymous_4)","decl":{"start":{"line":42,"column":35},"end":{"line":42,"column":36}},"loc":{"start":{"line":42,"column":45},"end":{"line":44,"column":1}},"line":42},"5":{"name":"(anonymous_5)","decl":{"start":{"line":45,"column":35},"end":{"line":45,"column":36}},"loc":{"start":{"line":45,"column":43},"end":{"line":47,"column":1}},"line":45},"6":{"name":"(anonymous_6)","decl":{"start":{"line":51,"column":36},"end":{"line":51,"column":37}},"loc":{"start":{"line":51,"column":55},"end":{"line":53,"column":1}},"line":51},"7":{"name":"(anonymous_7)","decl":{"start":{"line":54,"column":36},"end":{"line":54,"column":37}},"loc":{"start":{"line":54,"column":46},"end":{"line":56,"column":1}},"line":54},"8":{"name":"(anonymous_8)","decl":{"start":{"line":57,"column":36},"end":{"line":57,"column":37}},"loc":{"start":{"line":57,"column":44},"end":{"line":59,"column":1}},"line":57},"9":{"name":"(anonymous_9)","decl":{"start":{"line":63,"column":37},"end":{"line":63,"column":38}},"loc":{"start":{"line":63,"column":43},"end":{"line":65,"column":1}},"line":63},"10":{"name":"(anonymous_10)","decl":{"start":{"line":66,"column":37},"end":{"line":66,"column":38}},"loc":{"start":{"line":66,"column":47},"end":{"line":68,"column":1}},"line":66},"11":{"name":"(anonymous_11)","decl":{"start":{"line":69,"column":37},"end":{"line":69,"column":38}},"loc":{"start":{"line":69,"column":45},"end":{"line":71,"column":1}},"line":69},"12":{"name":"(anonymous_12)","decl":{"start":{"line":75,"column":31},"end":{"line":75,"column":32}},"loc":{"start":{"line":75,"column":37},"end":{"line":77,"column":1}},"line":75},"13":{"name":"(anonymous_13)","decl":{"start":{"line":81,"column":31},"end":{"line":81,"column":32}},"loc":{"start":{"line":81,"column":39},"end":{"line":83,"column":1}},"line":81},"14":{"name":"(anonymous_14)","decl":{"start":{"line":85,"column":31},"end":{"line":85,"column":32}},"loc":{"start":{"line":85,"column":41},"end":{"line":87,"column":1}},"line":85},"15":{"name":"(anonymous_15)","decl":{"start":{"line":89,"column":31},"end":{"line":89,"column":32}},"loc":{"start":{"line":89,"column":39},"end":{"line":91,"column":1}},"line":89},"16":{"name":"(anonymous_16)","decl":{"start":{"line":95,"column":42},"end":{"line":95,"column":43}},"loc":{"start":{"line":95,"column":48},"end":{"line":97,"column":1}},"line":95},"17":{"name":"(anonymous_17)","decl":{"start":{"line":99,"column":42},"end":{"line":99,"column":43}},"loc":{"start":{"line":99,"column":52},"end":{"line":101,"column":1}},"line":99},"18":{"name":"(anonymous_18)","decl":{"start":{"line":103,"column":42},"end":{"line":103,"column":43}},"loc":{"start":{"line":103,"column":50},"end":{"line":105,"column":1}},"line":103}},"branchMap":{},"s":{"0":4,"1":4,"2":4,"3":4,"4":4,"5":4,"6":4,"7":4,"8":4,"9":4,"10":4,"11":4,"12":4,"13":4,"14":4,"15":4,"16":4,"17":4,"18":4,"19":4,"20":1,"21":4,"22":2,"23":4,"24":1,"25":4,"26":1,"27":4,"28":2,"29":4,"30":1,"31":4,"32":1,"33":4,"34":2,"35":4,"36":1,"37":4,"38":1,"39":4,"40":2,"41":4,"42":1,"43":4,"44":1,"45":4,"46":1,"47":4,"48":2,"49":4,"50":1,"51":4,"52":1,"53":4,"54":2,"55":4,"56":1},"f":{"0":1,"1":2,"2":1,"3":1,"4":2,"5":1,"6":1,"7":2,"8":1,"9":1,"10":2,"11":1,"12":1,"13":1,"14":2,"15":1,"16":1,"17":2,"18":1},"b":{},"_coverageSchema":"332fd63041d2c1bcb487cc26dd0d5f7d97098a6c","hash":"db74db75c6fea60e5dd88bd88123cd687d778be6"}
,"C:\\Users\\nicolas.manzato\\webUI-bootcamp\\WebUI-project\\app\\store\\post\\postReducer.js": {"path":"C:\\Users\\nicolas.manzato\\webUI-bootcamp\\WebUI-project\\app\\store\\post\\postReducer.js","statementMap":{"0":{"start":{"line":23,"column":23},"end":{"line":44,"column":1}},"1":{"start":{"line":46,"column":20},"end":{"line":116,"column":1}},"2":{"start":{"line":47,"column":2},"end":{"line":115,"column":3}},"3":{"start":{"line":50,"column":6},"end":{"line":50,"column":82}},"4":{"start":{"line":51,"column":6},"end":{"line":51,"column":19}},"5":{"start":{"line":53,"column":6},"end":{"line":53,"column":90}},"6":{"start":{"line":54,"column":6},"end":{"line":54,"column":19}},"7":{"start":{"line":56,"column":6},"end":{"line":56,"column":143}},"8":{"start":{"line":57,"column":6},"end":{"line":57,"column":19}},"9":{"start":{"line":60,"column":6},"end":{"line":60,"column":86}},"10":{"start":{"line":61,"column":6},"end":{"line":61,"column":19}},"11":{"start":{"line":63,"column":6},"end":{"line":63,"column":119}},"12":{"start":{"line":64,"column":6},"end":{"line":64,"column":19}},"13":{"start":{"line":66,"column":6},"end":{"line":66,"column":131}},"14":{"start":{"line":67,"column":6},"end":{"line":67,"column":19}},"15":{"start":{"line":70,"column":6},"end":{"line":70,"column":150}},"16":{"start":{"line":71,"column":6},"end":{"line":71,"column":19}},"17":{"start":{"line":73,"column":6},"end":{"line":73,"column":94}},"18":{"start":{"line":74,"column":6},"end":{"line":74,"column":19}},"19":{"start":{"line":76,"column":6},"end":{"line":76,"column":131}},"20":{"start":{"line":77,"column":6},"end":{"line":77,"column":19}},"21":{"start":{"line":80,"column":6},"end":{"line":80,"column":90}},"22":{"start":{"line":81,"column":6},"end":{"line":81,"column":19}},"23":{"start":{"line":83,"column":6},"end":{"line":83,"column":122}},"24":{"start":{"line":84,"column":6},"end":{"line":84,"column":19}},"25":{"start":{"line":86,"column":6},"end":{"line":86,"column":135}},"26":{"start":{"line":87,"column":6},"end":{"line":87,"column":19}},"27":{"start":{"line":90,"column":6},"end":{"line":90,"column":163}},"28":{"start":{"line":91,"column":6},"end":{"line":91,"column":19}},"29":{"start":{"line":94,"column":6},"end":{"line":94,"column":108}},"30":{"start":{"line":95,"column":6},"end":{"line":95,"column":19}},"31":{"start":{"line":97,"column":6},"end":{"line":97,"column":90}},"32":{"start":{"line":98,"column":6},"end":{"line":98,"column":19}},"33":{"start":{"line":100,"column":6},"end":{"line":100,"column":147}},"34":{"start":{"line":101,"column":6},"end":{"line":101,"column":19}},"35":{"start":{"line":104,"column":6},"end":{"line":104,"column":92}},"36":{"start":{"line":105,"column":6},"end":{"line":105,"column":19}},"37":{"start":{"line":107,"column":6},"end":{"line":107,"column":104}},"38":{"start":{"line":108,"column":6},"end":{"line":108,"column":19}},"39":{"start":{"line":110,"column":6},"end":{"line":110,"column":138}},"40":{"start":{"line":111,"column":6},"end":{"line":111,"column":19}},"41":{"start":{"line":114,"column":6},"end":{"line":114,"column":19}}},"fnMap":{"0":{"name":"(anonymous_0)","decl":{"start":{"line":46,"column":20},"end":{"line":46,"column":21}},"loc":{"start":{"line":46,"column":51},"end":{"line":116,"column":1}},"line":46}},"branchMap":{"0":{"loc":{"start":{"line":46,"column":21},"end":{"line":46,"column":38}},"type":"default-arg","locations":[{"start":{"line":46,"column":29},"end":{"line":46,"column":38}}],"line":46},"1":{"loc":{"start":{"line":47,"column":2},"end":{"line":115,"column":3}},"type":"switch","locations":[{"start":{"line":49,"column":4},"end":{"line":51,"column":19}},{"start":{"line":52,"column":4},"end":{"line":54,"column":19}},{"start":{"line":55,"column":4},"end":{"line":57,"column":19}},{"start":{"line":59,"column":4},"end":{"line":61,"column":19}},{"start":{"line":62,"column":4},"end":{"line":64,"column":19}},{"start":{"line":65,"column":4},"end":{"line":67,"column":19}},{"start":{"line":69,"column":4},"end":{"line":71,"column":19}},{"start":{"line":72,"column":4},"end":{"line":74,"column":19}},{"start":{"line":75,"column":4},"end":{"line":77,"column":19}},{"start":{"line":79,"column":4},"end":{"line":81,"column":19}},{"start":{"line":82,"column":4},"end":{"line":84,"column":19}},{"start":{"line":85,"column":4},"end":{"line":87,"column":19}},{"start":{"line":89,"column":4},"end":{"line":91,"column":19}},{"start":{"line":93,"column":4},"end":{"line":95,"column":19}},{"start":{"line":96,"column":4},"end":{"line":98,"column":19}},{"start":{"line":99,"column":4},"end":{"line":101,"column":19}},{"start":{"line":103,"column":4},"end":{"line":105,"column":19}},{"start":{"line":106,"column":4},"end":{"line":108,"column":19}},{"start":{"line":109,"column":4},"end":{"line":111,"column":19}},{"start":{"line":113,"column":4},"end":{"line":114,"column":19}}],"line":47}},"s":{"0":2,"1":2,"2":20,"3":1,"4":1,"5":1,"6":1,"7":0,"8":0,"9":1,"10":1,"11":1,"12":1,"13":2,"14":2,"15":1,"16":1,"17":1,"18":1,"19":1,"20":1,"21":1,"22":1,"23":1,"24":1,"25":1,"26":1,"27":1,"28":1,"29":1,"30":1,"31":1,"32":1,"33":1,"34":1,"35":1,"36":1,"37":1,"38":1,"39":1,"40":1,"41":1},"f":{"0":20},"b":{"0":[1],"1":[1,1,0,1,1,
[...]
,"C:\\Users\\nicolas.manzato\\webUI-bootcamp\\WebUI-project\\app\\store\\post\\postSelector.js": {"path":"C:\\Users\\nicolas.manzato\\webUI-bootcamp\\WebUI-project\\app\\store\\post\\postSelector.js","statementMap":{"0":{"start":{"line":4,"column":29},"end":{"line":7,"column":1}},"1":{"start":{"line":5,"column":21},"end":{"line":5,"column":49}},"2":{"start":{"line":6,"column":2},"end":{"line":6,"column":46}},"3":{"start":{"line":9,"column":29},"end":{"line":11,"column":1}},"4":{"start":{"line":10,"column":2},"end":{"line":10,"column":38}},"5":{"start":{"line":13,"column":32},"end":{"line":15,"column":1}},"6":{"start":{"line":14,"column":2},"end":{"line":14,"column":41}},"7":{"start":{"line":17,"column":37},"end":{"line":20,"column":1}},"8":{"start":{"line":18,"column":21},"end":{"line":18,"column":49}},"9":{"start":{"line":19,"column":2},"end":{"line":19,"column":46}},"10":{"start":{"line":22,"column":29},"end":{"line":24,"column":1}},"11":{"start":{"line":23,"column":2},"end":{"line":23,"column":38}},"12":{"start":{"line":26,"column":34},"end":{"line":41,"column":1}},"13":{"start":{"line":28,"column":24},"end":{"line":28,"column":47}},"14":{"start":{"line":29,"column":16},"end":{"line":29,"column":36}},"15":{"start":{"line":30,"column":2},"end":{"line":40,"column":5}},"16":{"start":{"line":32,"column":4},"end":{"line":32,"column":82}},"17":{"start":{"line":32,"column":67},"end":{"line":32,"column":80}},"18":{"start":{"line":33,"column":4},"end":{"line":33,"column":82}},"19":{"start":{"line":33,"column":67},"end":{"line":33,"column":80}},"20":{"start":{"line":34,"column":4},"end":{"line":34,"column":98}},"21":{"start":{"line":34,"column":83},"end":{"line":34,"column":96}},"22":{"start":{"line":35,"column":4},"end":{"line":35,"column":78}},"23":{"start":{"line":35,"column":63},"end":{"line":35,"column":76}},"24":{"start":{"line":36,"column":4},"end":{"line":36,"column":91}},"25":{"start":{"line":36,"column":76},"end":{"line":36,"column":89}},"26":{"start":{"line":38,"column":4},"end":{"line":38,"column":16}}},"fnMap":{"0":{"name":"(anonymous_0)","decl":{"start":{"line":4,"column":29},"end":{"line":4,"column":30}},"loc":{"start":{"line":4,"column":38},"end":{"line":7,"column":1}},"line":4},"1":{"name":"(anonymous_1)","decl":{"start":{"line":9,"column":29},"end":{"line":9,"column":30}},"loc":{"start":{"line":9,"column":38},"end":{"line":11,"column":1}},"line":9},"2":{"name":"(anonymous_2)","decl":{"start":{"line":13,"column":32},"end":{"line":13,"column":33}},"loc":{"start":{"line":13,"column":41},"end":{"line":15,"column":1}},"line":13},"3":{"name":"(anonymous_3)","decl":{"start":{"line":17,"column":37},"end":{"line":17,"column":38}},"loc":{"start":{"line":17,"column":46},"end":{"line":20,"column":1}},"line":17},"4":{"name":"(anonymous_4)","decl":{"start":{"line":22,"column":29},"end":{"line":22,"column":30}},"loc":{"start":{"line":22,"column":38},"end":{"line":24,"column":1}},"line":22},"5":{"name":"(anonymous_5)","decl":{"start":{"line":26,"column":34},"end":{"line":26,"column":35}},"loc":{"start":{"line":26,"column":45},"end":{"line":41,"column":1}},"line":26},"6":{"name":"(anonymous_6)","decl":{"start":{"line":30,"column":22},"end":{"line":30,"column":23}},"loc":{"start":{"line":30,"column":32},"end":{"line":40,"column":3}},"line":30}},"branchMap":{"0":{"loc":{"start":{"line":32,"column":4},"end":{"line":32,"column":82}},"type":"if","locations":[{"start":{"line":32,"column":4},"end":{"line":32,"column":82}},{"start":{"line":32,"column":4},"end":{"line":32,"column":82}}],"line":32},"1":{"loc":{"start":{"line":32,"column":8},"end":{"line":32,"column":63}},"type":"binary-expr","locations":[{"start":{"line":32,"column":8},"end":{"line":32,"column":40}},{"start":{"line":32,"column":44},"end":{"line":32,"column":63}}],"line":32},"2":{"loc":{"start":{"line":33,"column":4},"end":{"line":33,"column":82}},"type":"if","locations":[{"start":{"line":33,"column":4},"end":{"line":33,"column":82}},{"start":{"line":33,"column":4},"end":{"line":33,"column":82}}],"line":33},"3":{"loc":{"start":{"line":33,"column":8},"end":{"line":33,"column":63}},"type":"binary-expr","locations":[{"start":{"line":33,"column":8},"end":{"line":33,"column":39}},{"start":{"line":33,"column":43},"end":{"line":33,"column":63}}],"line":33},"4":{"loc":{"start":{"line":34,"column":4},"end":{"line":34,"column":98}},"type":"if","locations":[{"start":{"line":34,"column":4},"end":{"line":34,"column":98}},{"start":{"line":34,"column":4},"end":{"line":34,"column":98}}],"line":34},"5":{"loc":{"start":{"line":34,"column":8},"end":{"line":34,"column":79}},"type":"binary-expr","locations":[{"start":{"line":34,"column":8},"end":{"line":34,"column":50}},{"start":{"line":34,"column":54},"end":{"line":34,"column":79}}],"line":34},"6":{"loc":{"start":{"line":35,"column":4},"end":{"line":35,"column":78}},"type":"if","locations":[{"start":{"line":35,"column":4},"end":{"line":35,"column":78}},{"start":{"line":35,"column":4},"end":{"line":35,"column":78}}],"line":35},"7":{"loc":{"start":{"line":35,"column":8},"end":{"line":35,"column":59}},"type":"binary-expr","locations":[{"start":{"line":35,"column":8},"end":{"line":35,"column":41}},{"start":{"line":35,"column":45},"end":{"line":35,"column":59}}],"line":35},"8":{"loc":{"start":{"line":36,"column":4},"end":{"line":36,"column":91}},"type":"if","locations":[{"start":{"line":36,"column":4},"end":{"line":36,"column":91}},{"start":{"line":36,"column":4},"end":{"line":36,"column":91}}],"line":36},"9":{"loc":{"start":{"line":36,"column":8},"end":{"line":36,"column":73}},"type":"binary-expr","locations":[{"start":{"line":36,"column":8},"end":{"line":36,"column":40}},{"start":{"line":36,"column":44},"end":{"line":36,"column":73}}],"line":36}},"s":{"0":2,"1":1,"2":1,"3":2,"4":7,"5":2,"6":1,"7":2,"8":1,"9":1,"10":2,"11":1,"12":2,"13":6,"14":6,"15":6,"16":36,"17":2,"18":34,"19":2,"20":32,"21":2,"22":30,"23":2,"24":28,"25":4,"26":24},"f":{"0":1,"1":7,"2":1,"3":1,"4":1,"5":6,"6":36},"b":{"0":[2,34],"1":[36,6],"2":[2,32],"3":[34,6],"4":[2,30],"5":[32,6],"6":[2,28],"7":[30,6],"8":[4,24],"9":[28,6]},"_coverageSchema":"332fd63041d2c1bcb487cc26dd0d5f7d97098a6c","hash":"e033cb976a4726ff127d20f0e01d8379b37b6716"}
,"C:\\Users\\nicolas.manzato\\webUI-bootcamp\\WebUI-project\\app\\store\\trend\\trendActions.js": {"path":"C:\\Users\\nicolas.manzato\\webUI-bootcamp\\WebUI-project\\app\\store\\trend\\trendActions.js","statementMap":{"0":{"start":{"line":1,"column":35},"end":{"line":1,"column":56}},"1":{"start":{"line":2,"column":35},"end":{"line":2,"column":56}},"2":{"start":{"line":3,"column":35},"end":{"line":3,"column":56}},"3":{"start":{"line":4,"column":28},"end":{"line":4,"column":42}},"4":{"start":{"line":7,"column":2},"end":{"line":7,"column":38}},"5":{"start":{"line":11,"column":2},"end":{"line":11,"column":50}},"6":{"start":{"line":15,"column":2},"end":{"line":15,"column":60}},"7":{"start":{"line":19,"column":2},"end":{"line":19,"column":29}}},"fnMap":{"0":{"name":"requestTrendsLoad","decl":{"start":{"line":6,"column":16},"end":{"line":6,"column":33}},"loc":{"start":{"line":6,"column":36},"end":{"line":8,"column":1}},"line":6},"1":{"name":"successTrendsLoad","decl":{"start":{"line":10,"column":16},"end":{"line":10,"column":33}},"loc":{"start":{"line":10,"column":40},"end":{"line":12,"column":1}},"line":10},"2":{"name":"failureTrendsLoad","decl":{"start":{"line":14,"column":16},"end":{"line":14,"column":33}},"loc":{"start":{"line":14,"column":38},"end":{"line":16,"column":1}},"line":14},"3":{"name":"resetTrends","decl":{"start":{"line":18,"column":16},"end":{"line":18,"column":27}},"loc":{"start":{"line":18,"column":30},"end":{"line":20,"column":1}},"line":18}},"branchMap":{},"s":{"0":3,"1":3,"2":3,"3":3,"4":2,"5":3,"6":2,"7":2},"f":{"0":2,"1":3,"2":2,"3":2},"b":{},"_coverageSchema":"332fd63041d2c1bcb487cc26dd0d5f7d97098a6c","hash":"4cad2976e3f8b1952034c5b6b058f820fb4ab17d"}
,"C:\\Users\\nicolas.manzato\\webUI-bootcamp\\WebUI-project\\app\\store\\trend\\trendReducer.js": {"path":"C:\\Users\\nicolas.manzato\\webUI-bootcamp\\WebUI-project\\app\\store\\trend\\trendReducer.js","statementMap":{"0":{"start":{"line":8,"column":24},"end":{"line":14,"column":1}},"1":{"start":{"line":16,"column":21},"end":{"line":33,"column":1}},"2":{"start":{"line":17,"column":2},"end":{"line":32,"column":5}},"3":{"start":{"line":19,"column":6},"end":{"line":19,"column":82}},"4":{"start":{"line":20,"column":6},"end":{"line":20,"column":19}},"5":{"start":{"line":22,"column":6},"end":{"line":22,"column":86}},"6":{"start":{"line":23,"column":6},"end":{"line":23,"column":19}},"7":{"start":{"line":25,"column":6},"end":{"line":25,"column":99}},"8":{"start":{"line":26,"column":6},"end":{"line":26,"column":19}},"9":{"start":{"line":28,"column":6},"end":{"line":28,"column":75}},"10":{"start":{"line":29,"column":6},"end":{"line":29,"column":19}},"11":{"start":{"line":31,"column":6},"end":{"line":31,"column":19}}},"fnMap":{"0":{"name":"(anonymous_0)","decl":{"start":{"line":16,"column":21},"end":{"line":16,"column":22}},"loc":{"start":{"line":16,"column":53},"end":{"line":33,"column":1}},"line":16}},"branchMap":{"0":{"loc":{"start":{"line":16,"column":22},"end":{"line":16,"column":40}},"type":"default-arg","locations":[{"start":{"line":16,"column":30},"end":{"line":16,"column":40}}],"line":16},"1":{"loc":{"start":{"line":17,"column":2},"end":{"line":32,"column":5}},"type":"switch","locations":[{"start":{"line":18,"column":4},"end":{"line":20,"column":19}},{"start":{"line":21,"column":4},"end":{"line":23,"column":19}},{"start":{"line":24,"column":4},"end":{"line":26,"column":19}},{"start":{"line":27,"column":4},"end":{"line":29,"column":19}},{"start":{"line":30,"column":4},"end":{"line":31,"column":19}}],"line":17}},"s":{"0":2,"1":2,"2":5,"3":1,"4":1,"5":1,"6":1,"7":1,"8":1,"9":1,"10":1,"11":1},"f":{"0":5},"b":{"0":[1],"1":[1,1,1,1,1]},"_coverageSchema":"332fd63041d2c1bcb487cc26dd0d5f7d97098a6c","hash":"8275496067157b36f2eadb03a10a674159c5daf0"}
,"C:\\Users\\nicolas.manzato\\webUI-bootcamp\\WebUI-project\\app\\store\\trend\\trendSagas.js": {"path":"C:\\Users\\nicolas.manzato\\webUI-bootcamp\\WebUI-project\\app\\store\\trend\\trendSagas.js","statementMap":{"0":{"start":{"line":10,"column":24},"end":{"line":10,"column":43}},"1":{"start":{"line":14,"column":14},"end":{"line":14,"column":53}},"2":{"start":{"line":15,"column":2},"end":{"line":22,"column":3}},"3":{"start":{"line":16,"column":21},"end":{"line":16,"column":43}},"4":{"start":{"line":17,"column":17},"end":{"line":17,"column":47}},"5":{"start":{"line":18,"column":4},"end":{"line":18,"column":49}},"6":{"start":{"line":20,"column":4},"end":{"line":20,"column":24}},"7":{"start":{"line":21,"column":4},"end":{"line":21,"column":20}},"8":{"start":{"line":26,"column":2},"end":{"line":26,"column":52}},"9":{"start":{"line":30,"column":2},"end":{"line":32,"column":4}}},"fnMap":{"0":{"name":"loadTrends","decl":{"start":{"line":13,"column":17},"end":{"line":13,"column":27}},"loc":{"start":{"line":13,"column":29},"end":{"line":23,"column":1}},"line":13},"1":{"name":"watchLoadTrends","decl":{"start":{"line":25,"column":10},"end":{"line":25,"column":25}},"loc":{"start":{"line":25,"column":28},"end":{"line":27,"column":1}},"line":25},"2":{"name":"trendSagas","decl":{"start":{"line":29,"column":25},"end":{"line":29,"column":35}},"loc":{"start":{"line":29,"column":38},"end":{"line":33,"column":1}},"line":29}},"branchMap":{},"s":{"0":1,"1":1,"2":1,"3":1,"4":1,"5":1,"6":0,"7":0,"8":0,"9":0},"f":{"0":1,"1":0,"2":0},"b":{},"_coverageSchema":"332fd63041d2c1bcb487cc26dd0d5f7d97098a6c","hash":"397d90c35b2c938caf7b41e9161ccc86ce615c7a"}
,"C:\\Users\\nicolas.manzato\\webUI-bootcamp\\WebUI-project\\app\\store\\user\\userActions.js": {"path":"C:\\Users\\nicolas.manzato\\webUI-bootcamp\\WebUI-project\\app\\store\\user\\userActions.js","statementMap":{"0":{"start":{"line":1,"column":36},"end":{"line":1,"column":58}},"1":{"start":{"line":2,"column":36},"end":{"line":2,"column":58}},"2":{"start":{"line":3,"column":36},"end":{"line":3,"column":58}},"3":{"start":{"line":5,"column":34},"end":{"line":7,"column":1}},"4":{"start":{"line":6,"column":2},"end":{"line":6,"column":53}},"5":{"start":{"line":9,"column":34},"end":{"line":11,"column":1}},"6":{"start":{"line":10,"column":2},"end":{"line":10,"column":49}},"7":{"start":{"line":13,"column":34},"end":{"line":15,"column":1}},"8":{"start":{"line":14,"column":2},"end":{"line":14,"column":61}}},"fnMap":{"0":{"name":"(anonymous_0)","decl":{"start":{"line":5,"column":34},"end":{"line":5,"column":35}},"loc":{"start":{"line":5,"column":46},"end":{"line":7,"column":1}},"line":5},"1":{"name":"(anonymous_1)","decl":{"start":{"line":9,"column":34},"end":{"line":9,"column":35}},"loc":{"start":{"line":9,"column":44},"end":{"line":11,"column":1}},"line":9},"2":{"name":"(anonymous_2)","decl":{"start":{"line":13,"column":34},"end":{"line":13,"column":35}},"loc":{"start":{"line":13,"column":42},"end":{"line":15,"column":1}},"line":13}},"branchMap":{},"s":{"0":4,"1":4,"2":4,"3":4,"4":1,"5":4,"6":2,"7":4,"8":1},"f":{"0":1,"1":2,"2":1},"b":{},"_coverageSchema":"332fd63041d2c1bcb487cc26dd0d5f7d97098a6c","hash":"ef33d5c12d63cb64e76b3e12689f6609e58e1793"}
,"C:\\Users\\nicolas.manzato\\webUI-bootcamp\\WebUI-project\\app\\store\\user\\userReducer.js": {"path":"C:\\Users\\nicolas.manzato\\webUI-bootcamp\\WebUI-project\\app\\store\\user\\userReducer.js","statementMap":{"0":{"start":{"line":7,"column":23},"end":{"line":14,"column":1}},"1":{"start":{"line":16,"column":21},"end":{"line":30,"column":1}},"2":{"start":{"line":17,"column":2},"end":{"line":29,"column":3}},"3":{"start":{"line":19,"column":6},"end":{"line":19,"column":92}},"4":{"start":{"line":20,"column":6},"end":{"line":20,"column":19}},"5":{"start":{"line":22,"column":6},"end":{"line":22,"column":89}},"6":{"start":{"line":23,"column":6},"end":{"line":23,"column":19}},"7":{"start":{"line":25,"column":6},"end":{"line":25,"column":99}},"8":{"start":{"line":26,"column":6},"end":{"line":26,"column":19}},"9":{"start":{"line":28,"column":6},"end":{"line":28,"column":19}}},"fnMap":{"0":{"name":"(anonymous_0)","decl":{"start":{"line":16,"column":21},"end":{"line":16,"column":22}},"loc":{"start":{"line":16,"column":52},"end":{"line":30,"column":1}},"line":16}},"branchMap":{"0":{"loc":{"start":{"line":16,"column":22},"end":{"line":16,"column":39}},"type":"default-arg","locations":[{"start":{"line":16,"column":30},"end":{"line":16,"column":39}}],"line":16},"1":{"loc":{"start":{"line":17,"column":2},"end":{"line":29,"column":3}},"type":"switch","locations":[{"start":{"line":18,"column":4},"end":{"line":20,"column":19}},{"start":{"line":21,"column":4},"end":{"line":23,"column":19}},{"start":{"line":24,"column":4},"end":{"line":26,"column":19}},{"start":{"line":27,"column":4},"end":{"line":28,"column":19}}],"line":17}},"s":{"0":2,"1":2,"2":4,"3":1,"4":1,"5":1,"6":1,"7":1,"8":1,"9":1},"f":{"0":4},"b":{"0":[1],"1":[1,1,1,1]},"_coverageSchema":"332fd63041d2c1bcb487cc26dd0d5f7d97098a6c","hash":"c1ba9851258e9d19b92bf6388cc6ad545a2397e3"}
,"C:\\Users\\nicolas.manzato\\webUI-bootcamp\\WebUI-project\\app\\store\\user\\userSagas.js": {"path":"C:\\Users\\nicolas.manzato\\webUI-bootcamp\\WebUI-project\\app\\store\\user\\userSagas.js","statementMap":{"0":{"start":{"line":11,"column":24},"end":{"line":11,"column":43}},"1":{"start":{"line":14,"column":17},"end":{"line":14,"column":47}},"2":{"start":{"line":15,"column":14},"end":{"line":15,"column":52}},"3":{"start":{"line":16,"column":2},"end":{"line":23,"column":3}},"4":{"start":{"line":17,"column":21},"end":{"line":17,"column":43}},"5":{"start":{"line":18,"column":17},"end":{"line":18,"column":47}},"6":{"start":{"line":19,"column":4},"end":{"line":19,"column":40}},"7":{"start":{"line":21,"column":4},"end":{"line":21,"column":25}},"8":{"start":{"line":22,"column":4},"end":{"line":22,"column":20}},"9":{"start":{"line":27,"column":2},"end":{"line":27,"column":58}},"10":{"start":{"line":31,"column":2},"end":{"line":33,"column":4}}},"fnMap":{"0":{"name":"loadUserProfile","decl":{"start":{"line":13,"column":17},"end":{"line":13,"column":32}},"loc":{"start":{"line":13,"column":34},"end":{"line":24,"column":1}},"line":13},"1":{"name":"watchUserProfile","decl":{"start":{"line":26,"column":10},"end":{"line":26,"column":26}},"loc":{"start":{"line":26,"column":29},"end":{"line":28,"column":1}},"line":26},"2":{"name":"userSagas","decl":{"start":{"line":30,"column":25},"end":{"line":30,"column":34}},"loc":{"start":{"line":30,"column":37},"end":{"line":34,"column":1}},"line":30}},"branchMap":{},"s":{"0":1,"1":1,"2":1,"3":1,"4":1,"5":1,"6":1,"7":0,"8":0,"9":0,"10":0},"f":{"0":1,"1":0,"2":0},"b":{},"_coverageSchema":"332fd63041d2c1bcb487cc26dd0d5f7d97098a6c","hash":"faedc1071dade5dc2b67421c3517c80963c1258f"}
,"C:\\Users\\nicolas.manzato\\webUI-bootcamp\\WebUI-project\\app\\store\\user\\userSelector.js": {"path":"C:\\Users\\nicolas.manzato\\webUI-bootcamp\\WebUI-project\\app\\store\\user\\userSelector.js","statementMap":{"0":{"start":{"line":1,"column":32},"end":{"line":3,"column":1}},"1":{"start":{"line":2,"column":2},"end":{"line":2,"column":34}}},"fnMap":{"0":{"name":"(anonymous_0)","decl":{"start":{"line":1,"column":32},"end":{"line":1,"column":33}},"loc":{"start":{"line":1,"column":41},"end":{"line":3,"column":1}},"line":1}},"branchMap":{},"s":{"0":4,"1":1},"f":{"0":1},"b":{},"_coverageSchema":"332fd63041d2c1bcb487cc26dd0d5f7d97098a6c","hash":"46d02caec3a7557e480a6c89569adac467fcb339"}
,"C:\\Users\\nicolas.manzato\\webUI-bootcamp\\WebUI-project\\tests\\store\\post\\postMock.js": {"path":"C:\\Users\\nicolas.manzato\\webUI-bootcamp\\WebUI-project\\tests\\store\\post\\postMock.js","statementMap":{},"fnMap":{},"branchMap":{},"s":{},"f":{},"b":{},"_coverageSchema":"332fd63041d2c1bcb487cc26dd0d5f7d97098a6c","hash":"76927cdb8c6f3e20bd7b7ac4def27fe0319e09cf"}
,"C:\\Users\\nicolas.manzato\\webUI-bootcamp\\WebUI-project\\tests\\store\\post\\postMock2.js": {"path":"C:\\Users\\nicolas.manzato\\webUI-bootcamp\\WebUI-project\\tests\\store\\post\\postMock2.js","statementMap":{},"fnMap":{},"branchMap":{},"s":{},"f":{},"b":{},"_coverageSchema":"332fd63041d2c1bcb487cc26dd0d5f7d97098a6c","hash":"a58c7c792c13282e641ee0eea475d96ec030666e"}
,"C:\\Users\\nicolas.manzato\\webUI-bootcamp\\WebUI-project\\tests\\store\\post\\postMock3.js": {"path":"C:\\Users\\nicolas.manzato\\webUI-bootcamp\\WebUI-project\\tests\\store\\post\\postMock3.js","statementMap":{},"fnMap":{},"branchMap":{},"s":{},"f":{},"b":{},"_coverageSchema":"332fd63041d2c1bcb487cc26dd0d5f7d97098a6c","hash":"ca2786404ee3017896f917a0c080aba67257eed0"}
,"C:\\Users\\nicolas.manzato\\webUI-bootcamp\\WebUI-project\\tests\\store\\trend\\trendMock.js": {"path":"C:\\Users\\nicolas.manzato\\webUI-bootcamp\\WebUI-project\\tests\\store\\trend\\trendMock.js","statementMap":{},"fnMap":{},"branchMap":{},"s":{},"f":{},"b":{},"_coverageSchema":"332fd63041d2c1bcb487cc26dd0d5f7d97098a6c","hash":"6878f00bf1a74567a7d5888d0897a539e07654fb"}
,"C:\\Users\\nicolas.manzato\\webUI-bootcamp\\WebUI-project\\tests\\store\\user\\userProfileMock.js": {"path":"C:\\Users\\nicolas.manzato\\webUI-bootcamp\\WebUI-project\\tests\\store\\user\\userProfileMock.js","statementMap":{},"fnMap":{},"branchMap":{},"s":{},"f":{},"b":{},"_coverageSchema":"332fd63041d2c1bcb487cc26dd0d5f7d97098a6c","hash":"ab83b73fd070295816fd92f777485b05e80a79c6"}
}
