{"C:\\Users\\nicolas.manzato\\webUI-bootcamp\\WebUI-project\\App.js": {"path":"C:\\Users\\nicolas.manzato\\webUI-bootcamp\\WebUI-project\\App.js","statementMap":{"0":{"start":{"line":11,"column":4},"end":{"line":15,"column":6}}},"fnMap":{"0":{"name":"(anonymous_0)","decl":{"start":{"line":10,"column":2},"end":{"line":10,"column":3}},"loc":{"start":{"line":10,"column":11},"end":{"line":16,"column":3}},"line":10}},"branchMap":{},"s":{"0":0},"f":{"0":0},"b":{},"_coverageSchema":"332fd63041d2c1bcb487cc26dd0d5f7d97098a6c","hash":"45fd4faa9130ababa361a4d9127930d4b47f53d8"}
,"C:\\Users\\nicolas.manzato\\webUI-bootcamp\\WebUI-project\\ReactotronConfig.js": {"path":"C:\\Users\\nicolas.manzato\\webUI-bootcamp\\WebUI-project\\ReactotronConfig.js","statementMap":{"0":{"start":{"line":5,"column":19},"end":{"line":9,"column":12}}},"fnMap":{},"branchMap":{},"s":{"0":6},"f":{},"b":{},"_coverageSchema":"332fd63041d2c1bcb487cc26dd0d5f7d97098a6c","hash":"3860393ce5d7e39aed92963a2ea5c7fb78c7f6e4"}
,"C:\\Users\\nicolas.manzato\\webUI-bootcamp\\WebUI-project\\jest.setup.js": {"path":"C:\\Users\\nicolas.manzato\\webUI-bootcamp\\WebUI-project\\jest.setup.js","statementMap":{"0":{"start":{"line":3,"column":0},"end":{"line":3,"column":28}},"1":{"start":{"line":5,"column":0},"end":{"line":8,"column":2}},"2":{"start":{"line":10,"column":0},"end":{"line":13,"column":2}},"3":{"start":{"line":15,"column":0},"end":{"line":15,"column":28}},"4":{"start":{"line":21,"column":0},"end":{"line":21,"column":39}},"5":{"start":{"line":22,"column":0},"end":{"line":22,"column":21}}},"fnMap":{"0":{"name":"(anonymous_0)","decl":{"start":{"line":18,"column":9},"end":{"line":18,"column":10}},"loc":{"start":{"line":18,"column":15},"end":{"line":18,"column":17}},"line":18},"1":{"name":"(anonymous_1)","decl":{"start":{"line":19,"column":9},"end":{"line":19,"column":10}},"loc":{"start":{"line":19,"column":15},"end":{"line":19,"column":17}},"line":19}},"branchMap":{},"s":{"0":31,"1":31,"2":31,"3":31,"4":31,"5":31},"f":{"0":2,"1":2},"b":{},"_coverageSchema":"332fd63041d2c1bcb487cc26dd0d5f7d97098a6c","hash":"561f738b863d69207212b9d43f21469a728d6148"}
,"C:\\Users\\nicolas.manzato\\webUI-bootcamp\\WebUI-project\\setup-tests.js": {"path":"C:\\Users\\nicolas.manzato\\webUI-bootcamp\\WebUI-project\\setup-tests.js","statementMap":{"0":{"start":{"line":9,"column":18},"end":{"line":9,"column":34}},"1":{"start":{"line":11,"column":14},"end":{"line":11,"column":68}},"2":{"start":{"line":12,"column":19},"end":{"line":12,"column":24}},"3":{"start":{"line":15,"column":2},"end":{"line":18,"column":5}},"4":{"start":{"line":21,"column":0},"end":{"line":21,"column":23}},"5":{"start":{"line":22,"column":0},"end":{"line":22,"column":34}},"6":{"start":{"line":23,"column":0},"end":{"line":25,"column":2}},"7":{"start":{"line":26,"column":0},"end":{"line":26,"column":26}},"8":{"start":{"line":32,"column":0},"end":{"line":32,"column":45}},"9":{"start":{"line":39,"column":29},"end":{"line":39,"column":42}},"10":{"start":{"line":40,"column":0},"end":{"line":46,"column":2}},"11":{"start":{"line":41,"column":2},"end":{"line":43,"column":3}},"12":{"start":{"line":42,"column":4},"end":{"line":42,"column":11}},"13":{"start":{"line":45,"column":2},"end":{"line":45,"column":32}}},"fnMap":{"0":{"name":"copyProps","decl":{"start":{"line":14,"column":9},"end":{"line":14,"column":18}},"loc":{"start":{"line":14,"column":32},"end":{"line":19,"column":1}},"line":14},"1":{"name":"(anonymous_1)","decl":{"start":{"line":40,"column":16},"end":{"line":40,"column":17}},"loc":{"start":{"line":40,"column":29},"end":{"line":46,"column":1}},"line":40}},"branchMap":{"0":{"loc":{"start":{"line":41,"column":2},"end":{"line":43,"column":3}},"type":"if","locations":[{"start":{"line":41,"column":2},"end":{"line":43,"column":3}},{"start":{"line":41,"column":2},"end":{"line":43,"column":3}}],"line":41}},"s":{"0":31,"1":31,"2":31,"3":31,"4":31,"5":31,"6":31,"7":31,"8":31,"9":31,"10":31,"11":691,"12":691,"13":0},"f":{"0":31,"1":691},"b":{"0":[691,0]},"_coverageSchema":"332fd63041d2c1bcb487cc26dd0d5f7d97098a6c","hash":"f566fd7e7633db79231b582c79a9315ad7eb32ce"}
,"C:\\Users\\nicolas.manzato\\webUI-bootcamp\\WebUI-project\\app\\store.js": {"path":"C:\\Users\\nicolas.manzato\\webUI-bootcamp\\WebUI-project\\app\\store.js","statementMap":{"0":{"start":{"line":7,"column":20},"end":{"line":7,"column":50}},"1":{"start":{"line":10,"column":23},"end":{"line":10,"column":60}},"2":{"start":{"line":12,"column":21},"end":{"line":12,"column":88}},"3":{"start":{"line":14,"column":0},"end":{"line":14,"column":28}}},"fnMap":{},"branchMap":{},"s":{"0":6,"1":6,"2":6,"3":6},"f":{},"b":{},"_coverageSchema":"332fd63041d2c1bcb487cc26dd0d5f7d97098a6c","hash":"6f9a162c960e58815745ac94d030b11e0c41991f"}
,"C:\\Users\\nicolas.manzato\\webUI-bootcamp\\WebUI-project\\app\\components\\AppNavigator.js": {"path":"C:\\Users\\nicolas.manzato\\webUI-bootcamp\\WebUI-project\\app\\components\\AppNavigator.js","statementMap":{"0":{"start":{"line":20,"column":19},"end":{"line":23,"column":1}},"1":{"start":{"line":22,"column":11},"end":{"line":22,"column":20}},"2":{"start":{"line":25,"column":22},"end":{"line":32,"column":1}},"3":{"start":{"line":34,"column":0},"end":{"line":42,"column":2}},"4":{"start":{"line":35,"column":22},"end":{"line":35,"column":26}},"5":{"start":{"line":36,"column":2},"end":{"line":38,"column":3}},"6":{"start":{"line":37,"column":4},"end":{"line":37,"column":26}},"7":{"start":{"line":39,"column":3},"end":{"line":41,"column":4}},"8":{"start":{"line":44,"column":20},"end":{"line":48,"column":2}},"9":{"start":{"line":50,"column":0},"end":{"line":59,"column":2}},"10":{"start":{"line":51,"column":22},"end":{"line":51,"column":26}},"11":{"start":{"line":52,"column":2},"end":{"line":54,"column":3}},"12":{"start":{"line":53,"column":4},"end":{"line":53,"column":26}},"13":{"start":{"line":56,"column":2},"end":{"line":58,"column":4}},"14":{"start":{"line":61,"column":22},"end":{"line":113,"column":2}},"15":{"start":{"line":68,"column":42},"end":{"line":87,"column":3}},"16":{"start":{"line":70,"column":28},"end":{"line":70,"column":44}},"17":{"start":{"line":72,"column":6},"end":{"line":84,"column":7}},"18":{"start":{"line":74,"column":10},"end":{"line":74,"column":32}},"19":{"start":{"line":75,"column":10},"end":{"line":75,"column":16}},"20":{"start":{"line":78,"column":10},"end":{"line":78,"column":31}},"21":{"start":{"line":79,"column":10},"end":{"line":79,"column":16}},"22":{"start":{"line":82,"column":10},"end":{"line":82,"column":33}},"23":{"start":{"line":85,"column":6},"end":{"line":85,"column":88}},"24":{"start":{"line":115,"column":31},"end":{"line":115,"column":71}},"25":{"start":{"line":117,"column":24},"end":{"line":119,"column":2}},"26":{"start":{"line":117,"column":34},"end":{"line":119,"column":1}},"27":{"start":{"line":121,"column":21},"end":{"line":121,"column":69}}},"fnMap":{"0":{"name":"(anonymous_0)","decl":{"start":{"line":22,"column":2},"end":{"line":22,"column":3}},"loc":{"start":{"line":22,"column":11},"end":{"line":22,"column":20}},"line":22},"1":{"name":"(anonymous_1)","decl":{"start":{"line":34,"column":34},"end":{"line":34,"column":35}},"loc":{"start":{"line":34,"column":54},"end":{"line":42,"column":1}},"line":34},"2":{"name":"(anonymous_2)","decl":{"start":{"line":50,"column":32},"end":{"line":50,"column":33}},"loc":{"start":{"line":50,"column":52},"end":{"line":59,"column":1}},"line":50},"3":{"name":"(anonymous_3)","decl":{"start":{"line":68,"column":21},"end":{"line":68,"column":22}},"loc":{"start":{"line":68,"column":42},"end":{"line":87,"column":3}},"line":68},"4":{"name":"(anonymous_4)","decl":{"start":{"line":69,"column":16},"end":{"line":69,"column":17}},"loc":{"start":{"line":69,"column":56},"end":{"line":86,"column":5}},"line":69},"5":{"name":"(anonymous_5)","decl":{"start":{"line":117,"column":24},"end":{"line":117,"column":25}},"loc":{"start":{"line":117,"column":34},"end":{"line":119,"column":1}},"line":117}},"branchMap":{"0":{"loc":{"start":{"line":36,"column":2},"end":{"line":38,"column":3}},"type":"if","locations":[{"start":{"line":36,"column":2},"end":{"line":38,"column":3}},{"start":{"line":36,"column":2},"end":{"line":38,"column":3}}],"line":36},"1":{"loc":{"start":{"line":52,"column":2},"end":{"line":54,"column":3}},"type":"if","locations":[{"start":{"line":52,"column":2},"end":{"line":54,"column":3}},{"start":{"line":52,"column":2},"end":{"line":54,"column":3}}],"line":52},"2":{"loc":{"start":{"line":72,"column":6},"end":{"line":84,"column":7}},"type":"switch","locations":[{"start":{"line":73,"column":8},"end":{"line":76,"column":9}},{"start":{"line":77,"column":8},"end":{"line":80,"column":9}},{"start":{"line":81,"column":8},"end":{"line":83,"column":9}}],"line":72},"3":{"loc":{"start":{"line":85,"column":45},"end":{"line":85,"column":65}},"type":"cond-expr","locations":[{"start":{"line":85,"column":58},"end":{"line":85,"column":60}},{"start":{"line":85,"column":63},"end":{"line":85,"column":65}}],"line":85},"4":{"loc":{"start":{"line":92,"column":15},"end":{"line":92,"column":45}},"type":"cond-expr","locations":[{"start":{"line":92,"column":39},"end":{"line":92,"column":40}},{"start":{"line":92,"column":43},"end":{"line":92,"column":45}}],"line":92},"5":{"loc":{"start":{"line":102,"column":17},"end":{"line":102,"column":47}},"type":"cond-expr","locations":[{"start":{"line":102,"column":41},"end":{"line":102,"column":42}},{"start":{"line":102,"column":45},"end":{"line":102,"column":47}}],"line":102}},"s":{"0":6,"1":0,"2":6,"3":6,"4":0,"5":0,"6":0,"7":0,"8":6,"9":6,"10":0,"11":0,"12":0,"13":0,"14":6,"15":0,"16":0,"17":0,"18":0,"19":0,"20":0,"21":0,"22":0,"23":0,"24":6,"25":6,"26":0,"27":6},"f":{"0":0,"1":0,"2":0,"3":0,"4":0,"5":0},"b":{"0":[0,0],"1":[0,0],"2":[0,0,0],"3":[0,0],"4":[6,0],"5":[6,0]},"_coverageSchema":"332fd63041d2c1bcb487cc26dd0d5f7d97098a6c","hash":"6ece8801dab742f1ba516e82702ccd97eff4be15"}
,"C:\\Users\\nicolas.manzato\\webUI-bootcamp\\WebUI-project\\app\\components\\animation\\fade.js": {"path":"C:\\Users\\nicolas.manzato\\webUI-bootcamp\\WebUI-project\\app\\components\\animation\\fade.js","statementMap":{"0":{"start":{"line":7,"column":4},"end":{"line":7,"column":17}},"1":{"start":{"line":9,"column":4},"end":{"line":9,"column":37}},"2":{"start":{"line":10,"column":4},"end":{"line":10,"column":44}},"3":{"start":{"line":14,"column":4},"end":{"line":14,"column":40}},"4":{"start":{"line":14,"column":28},"end":{"line":14,"column":40}},"5":{"start":{"line":18,"column":4},"end":{"line":18,"column":61}},"6":{"start":{"line":18,"column":49},"end":{"line":18,"column":61}},"7":{"start":{"line":22,"column":4},"end":{"line":22,"column":37}},"8":{"start":{"line":23,"column":4},"end":{"line":27,"column":32}},"9":{"start":{"line":31,"column":4},"end":{"line":34,"column":5}},"10":{"start":{"line":32,"column":6},"end":{"line":32,"column":67}},"11":{"start":{"line":32,"column":38},"end":{"line":32,"column":67}},"12":{"start":{"line":33,"column":6},"end":{"line":33,"column":40}},"13":{"start":{"line":39,"column":50},"end":{"line":39,"column":60}},"14":{"start":{"line":40,"column":27},"end":{"line":50,"column":5}},"15":{"start":{"line":51,"column":26},"end":{"line":51,"column":49}},"16":{"start":{"line":53,"column":4},"end":{"line":57,"column":6}}},"fnMap":{"0":{"name":"(anonymous_0)","decl":{"start":{"line":6,"column":2},"end":{"line":6,"column":3}},"loc":{"start":{"line":6,"column":20},"end":{"line":11,"column":3}},"line":6},"1":{"name":"(anonymous_1)","decl":{"start":{"line":13,"column":22},"end":{"line":13,"column":23}},"loc":{"start":{"line":13,"column":28},"end":{"line":15,"column":3}},"line":13},"2":{"name":"(anonymous_2)","decl":{"start":{"line":17,"column":23},"end":{"line":17,"column":24}},"loc":{"start":{"line":17,"column":38},"end":{"line":19,"column":3}},"line":17},"3":{"name":"(anonymous_3)","decl":{"start":{"line":21,"column":9},"end":{"line":21,"column":10}},"loc":{"start":{"line":21,"column":15},"end":{"line":28,"column":3}},"line":21},"4":{"name":"(anonymous_4)","decl":{"start":{"line":30,"column":17},"end":{"line":30,"column":18}},"loc":{"start":{"line":30,"column":23},"end":{"line":35,"column":3}},"line":30},"5":{"name":"(anonymous_5)","decl":{"start":{"line":37,"column":11},"end":{"line":37,"column":12}},"loc":{"start":{"line":37,"column":17},"end":{"line":58,"column":3}},"line":37}},"branchMap":{"0":{"loc":{"start":{"line":14,"column":4},"end":{"line":14,"column":40}},"type":"if","locations":[{"start":{"line":14,"column":4},"end":{"line":14,"column":40}},{"start":{"line":14,"column":4},"end":{"line":14,"column":40}}],"line":14},"1":{"loc":{"start":{"line":18,"column":4},"end":{"line":18,"column":61}},"type":"if","locations":[{"start":{"line":18,"column":4},"end":{"line":18,"column":61}},{"start":{"line":18,"column":4},"end":{"line":18,"column":61}}],"line":18},"2":{"loc":{"start":{"line":25,"column":15},"end":{"line":25,"column":41}},"type":"cond-expr","locations":[{"start":{"line":25,"column":36},"end":{"line":25,"column":37}},{"start":{"line":25,"column":40},"end":{"line":25,"column":41}}],"line":25},"3":{"loc":{"start":{"line":31,"column":4},"end":{"line":34,"column":5}},"type":"if","locations":[{"start":{"line":31,"column":4},"end":{"line":34,"column":5}},{"start":{"line":31,"column":4},"end":{"line":34,"column":5}}],"line":31},"4":{"loc":{"start":{"line":32,"column":6},"end":{"line":32,"column":67}},"type":"if","locations":[{"start":{"line":32,"column":6},"end":{"line":32,"column":67}},{"start":{"line":32,"column":6},"end":{"line":32,"column":67}}],"line":32}},"s":{"0":3,"1":3,"2":3,"3":3,"4":3,"5":2,"6":0,"7":3,"8":3,"9":1,"10":0,"11":0,"12":0,"13":5,"14":5,"15":5,"16":5},"f":{"0":3,"1":3,"2":2,"3":3,"4":1,"5":5},"b":{"0":[3,0],"1":[0,2],"2":[3,0],"3":[0,1],"4":[0,0]},"_coverageSchema":"332fd63041d2c1bcb487cc26dd0d5f7d97098a6c","hash":"9ab73ef768e272eb78352a938cabbe44c0398803"}
,"C:\\Users\\nicolas.manzato\\webUI-bootcamp\\WebUI-project\\app\\components\\configuration\\ConfigItem.js": {"path":"C:\\Users\\nicolas.manzato\\webUI-bootcamp\\WebUI-project\\app\\components\\configuration\\ConfigItem.js","statementMap":{"0":{"start":{"line":8,"column":4},"end":{"line":8,"column":17}},"1":{"start":{"line":10,"column":4},"end":{"line":12,"column":5}},"2":{"start":{"line":14,"column":4},"end":{"line":14,"column":67}},"3":{"start":{"line":18,"column":4},"end":{"line":20,"column":7}},"4":{"start":{"line":22,"column":4},"end":{"line":22,"column":26}},"5":{"start":{"line":26,"column":4},"end":{"line":39,"column":6}},"6":{"start":{"line":45,"column":15},"end":{"line":64,"column":2}}},"fnMap":{"0":{"name":"(anonymous_0)","decl":{"start":{"line":7,"column":2},"end":{"line":7,"column":3}},"loc":{"start":{"line":7,"column":21},"end":{"line":15,"column":3}},"line":7},"1":{"name":"(anonymous_1)","decl":{"start":{"line":17,"column":2},"end":{"line":17,"column":3}},"loc":{"start":{"line":17,"column":24},"end":{"line":23,"column":3}},"line":17},"2":{"name":"(anonymous_2)","decl":{"start":{"line":25,"column":2},"end":{"line":25,"column":3}},"loc":{"start":{"line":25,"column":11},"end":{"line":40,"column":3}},"line":25}},"branchMap":{},"s":{"0":17,"1":17,"2":17,"3":1,"4":1,"5":43,"6":9},"f":{"0":17,"1":1,"2":43},"b":{},"_coverageSchema":"332fd63041d2c1bcb487cc26dd0d5f7d97098a6c","hash":"d6a2e2b25429ca55cf4a7b0745d1e28370cada38"}
,"C:\\Users\\nicolas.manzato\\webUI-bootcamp\\WebUI-project\\app\\components\\configuration\\ConfigList.js": {"path":"C:\\Users\\nicolas.manzato\\webUI-bootcamp\\WebUI-project\\app\\components\\configuration\\ConfigList.js","statementMap":{"0":{"start":{"line":9,"column":19},"end":{"line":26,"column":1}},"1":{"start":{"line":11,"column":1},"end":{"line":25,"column":8}},"2":{"start":{"line":30,"column":15},"end":{"line":48,"column":2}}},"fnMap":{"0":{"name":"(anonymous_0)","decl":{"start":{"line":9,"column":19},"end":{"line":9,"column":20}},"loc":{"start":{"line":11,"column":1},"end":{"line":25,"column":8}},"line":11}},"branchMap":{},"s":{"0":7,"1":9,"2":7},"f":{"0":9},"b":{},"_coverageSchema":"332fd63041d2c1bcb487cc26dd0d5f7d97098a6c","hash":"66baba85c5fe0a85051f8fe26635f72534983911"}
,"C:\\Users\\nicolas.manzato\\webUI-bootcamp\\WebUI-project\\app\\components\\post\\post.js": {"path":"C:\\Users\\nicolas.manzato\\webUI-bootcamp\\WebUI-project\\app\\components\\post\\post.js","statementMap":{"0":{"start":{"line":17,"column":4},"end":{"line":17,"column":17}},"1":{"start":{"line":22,"column":4},"end":{"line":32,"column":5}},"2":{"start":{"line":23,"column":6},"end":{"line":31,"column":9}},"3":{"start":{"line":24,"column":8},"end":{"line":30,"column":10}},"4":{"start":{"line":34,"column":4},"end":{"line":34,"column":17}},"5":{"start":{"line":38,"column":4},"end":{"line":73,"column":6}},"6":{"start":{"line":44,"column":29},"end":{"line":44,"column":79}},"7":{"start":{"line":79,"column":15},"end":{"line":129,"column":2}}},"fnMap":{"0":{"name":"(anonymous_0)","decl":{"start":{"line":16,"column":2},"end":{"line":16,"column":3}},"loc":{"start":{"line":16,"column":20},"end":{"line":18,"column":3}},"line":16},"1":{"name":"(anonymous_1)","decl":{"start":{"line":20,"column":16},"end":{"line":20,"column":17}},"loc":{"start":{"line":20,"column":22},"end":{"line":35,"column":3}},"line":20},"2":{"name":"(anonymous_2)","decl":{"start":{"line":23,"column":49},"end":{"line":23,"column":50}},"loc":{"start":{"line":23,"column":60},"end":{"line":31,"column":7}},"line":23},"3":{"name":"(anonymous_3)","decl":{"start":{"line":37,"column":11},"end":{"line":37,"column":12}},"loc":{"start":{"line":37,"column":17},"end":{"line":74,"column":3}},"line":37},"4":{"name":"(anonymous_4)","decl":{"start":{"line":44,"column":23},"end":{"line":44,"column":24}},"loc":{"start":{"line":44,"column":29},"end":{"line":44,"column":79}},"line":44}},"branchMap":{"0":{"loc":{"start":{"line":22,"column":4},"end":{"line":32,"column":5}},"type":"if","locations":[{"start":{"line":22,"column":4},"end":{"line":32,"column":5}},{"start":{"line":22,"column":4},"end":{"line":32,"column":5}}],"line":22},"1":{"loc":{"start":{"line":55,"column":15},"end":{"line":56,"column":82}},"type":"binary-expr","locations":[{"start":{"line":55,"column":15},"end":{"line":55,"column":53}},{"start":{"line":56,"column":16},"end":{"line":56,"column":82}}],"line":55}},"s":{"0":8,"1":11,"2":2,"3":2,"4":11,"5":11,"6":1,"7":10},"f":{"0":8,"1":11,"2":2,"3":11,"4":1},"b":{"0":[2,9],"1":[11,9]},"_coverageSchema":"332fd63041d2c1bcb487cc26dd0d5f7d97098a6c","hash":"fb183650de45fd590c572f8dbaf6a8fdc982cf7e"}
,"C:\\Users\\nicolas.manzato\\webUI-bootcamp\\WebUI-project\\app\\components\\post\\postDetail.js": {"path":"C:\\Users\\nicolas.manzato\\webUI-bootcamp\\WebUI-project\\app\\components\\post\\postDetail.js","statementMap":{"0":{"start":{"line":14,"column":20},"end":{"line":87,"column":1}},"1":{"start":{"line":16,"column":17},"end":{"line":16,"column":22}},"2":{"start":{"line":19,"column":2},"end":{"line":30,"column":3}},"3":{"start":{"line":20,"column":4},"end":{"line":29,"column":7}},"4":{"start":{"line":21,"column":6},"end":{"line":28,"column":8}},"5":{"start":{"line":32,"column":15},"end":{"line":32,"column":42}},"6":{"start":{"line":34,"column":2},"end":{"line":86,"column":4}},"7":{"start":{"line":89,"column":19},"end":{"line":95,"column":1}},"8":{"start":{"line":91,"column":2},"end":{"line":92,"column":74}},"9":{"start":{"line":99,"column":15},"end":{"line":208,"column":2}}},"fnMap":{"0":{"name":"(anonymous_0)","decl":{"start":{"line":14,"column":20},"end":{"line":14,"column":21}},"loc":{"start":{"line":14,"column":31},"end":{"line":87,"column":1}},"line":14},"1":{"name":"(anonymous_1)","decl":{"start":{"line":20,"column":36},"end":{"line":20,"column":37}},"loc":{"start":{"line":20,"column":50},"end":{"line":29,"column":5}},"line":20},"2":{"name":"(anonymous_2)","decl":{"start":{"line":89,"column":19},"end":{"line":89,"column":20}},"loc":{"start":{"line":89,"column":29},"end":{"line":95,"column":1}},"line":89}},"branchMap":{"0":{"loc":{"start":{"line":19,"column":2},"end":{"line":30,"column":3}},"type":"if","locations":[{"start":{"line":19,"column":2},"end":{"line":30,"column":3}},{"start":{"line":19,"column":2},"end":{"line":30,"column":3}}],"line":19},"1":{"loc":{"start":{"line":47,"column":14},"end":{"line":48,"column":78}},"type":"binary-expr","locations":[{"start":{"line":47,"column":14},"end":{"line":47,"column":47}},{"start":{"line":48,"column":13},"end":{"line":48,"column":78}}],"line":47}},"s":{"0":7,"1":3,"2":3,"3":1,"4":1,"5":3,"6":3,"7":7,"8":3,"9":7},"f":{"0":3,"1":1,"2":3},"b":{"0":[1,2],"1":[3,2]},"_coverageSchema":"332fd63041d2c1bcb487cc26dd0d5f7d97098a6c","hash":"8af6ab1fb4814be9546f3db5b858cb730fb61313"}
,"C:\\Users\\nicolas.manzato\\webUI-bootcamp\\WebUI-project\\app\\components\\post\\postList.js": {"path":"C:\\Users\\nicolas.manzato\\webUI-bootcamp\\WebUI-project\\app\\components\\post\\postList.js","statementMap":{"0":{"start":{"line":13,"column":17},"end":{"line":39,"column":1}},"1":{"start":{"line":15,"column":34},"end":{"line":17,"column":3}},"2":{"start":{"line":16,"column":4},"end":{"line":16,"column":68}},"3":{"start":{"line":19,"column":28},"end":{"line":21,"column":3}},"4":{"start":{"line":20,"column":4},"end":{"line":20,"column":66}},"5":{"start":{"line":23,"column":21},"end":{"line":27,"column":3}},"6":{"start":{"line":24,"column":4},"end":{"line":26,"column":6}},"7":{"start":{"line":29,"column":2},"end":{"line":38,"column":4}},"8":{"start":{"line":37,"column":37},"end":{"line":37,"column":53}}},"fnMap":{"0":{"name":"(anonymous_0)","decl":{"start":{"line":13,"column":17},"end":{"line":13,"column":18}},"loc":{"start":{"line":13,"column":28},"end":{"line":39,"column":1}},"line":13},"1":{"name":"(anonymous_1)","decl":{"start":{"line":15,"column":34},"end":{"line":15,"column":35}},"loc":{"start":{"line":15,"column":44},"end":{"line":17,"column":3}},"line":15},"2":{"name":"(anonymous_2)","decl":{"start":{"line":19,"column":28},"end":{"line":19,"column":29}},"loc":{"start":{"line":19,"column":38},"end":{"line":21,"column":3}},"line":19},"3":{"name":"(anonymous_3)","decl":{"start":{"line":23,"column":21},"end":{"line":23,"column":22}},"loc":{"start":{"line":23,"column":40},"end":{"line":27,"column":3}},"line":23},"4":{"name":"(anonymous_4)","decl":{"start":{"line":37,"column":20},"end":{"line":37,"column":21}},"loc":{"start":{"line":37,"column":37},"end":{"line":37,"column":53}},"line":37}},"branchMap":{},"s":{"0":8,"1":6,"2":0,"3":6,"4":0,"5":6,"6":8,"7":6,"8":8},"f":{"0":6,"1":0,"2":0,"3":8,"4":8},"b":{},"_coverageSchema":"332fd63041d2c1bcb487cc26dd0d5f7d97098a6c","hash":"990772e5d41099fb18a90ad070c6dfb26a4cdde6"}
,"C:\\Users\\nicolas.manzato\\webUI-bootcamp\\WebUI-project\\app\\components\\post\\postListElement.js": {"path":"C:\\Users\\nicolas.manzato\\webUI-bootcamp\\WebUI-project\\app\\components\\post\\postListElement.js","statementMap":{"0":{"start":{"line":16,"column":4},"end":{"line":16,"column":17}},"1":{"start":{"line":17,"column":4},"end":{"line":17,"column":43}},"2":{"start":{"line":21,"column":4},"end":{"line":21,"column":44}},"3":{"start":{"line":25,"column":17},"end":{"line":25,"column":32}},"4":{"start":{"line":26,"column":4},"end":{"line":32,"column":6}}},"fnMap":{"0":{"name":"(anonymous_0)","decl":{"start":{"line":15,"column":2},"end":{"line":15,"column":3}},"loc":{"start":{"line":15,"column":21},"end":{"line":18,"column":3}},"line":15},"1":{"name":"(anonymous_1)","decl":{"start":{"line":20,"column":2},"end":{"line":20,"column":3}},"loc":{"start":{"line":20,"column":12},"end":{"line":22,"column":3}},"line":20},"2":{"name":"(anonymous_2)","decl":{"start":{"line":24,"column":2},"end":{"line":24,"column":3}},"loc":{"start":{"line":24,"column":11},"end":{"line":33,"column":3}},"line":24}},"branchMap":{},"s":{"0":7,"1":7,"2":1,"3":10,"4":10},"f":{"0":7,"1":1,"2":10},"b":{},"_coverageSchema":"332fd63041d2c1bcb487cc26dd0d5f7d97098a6c","hash":"27ee10c161ee2daf2c2af6017762b75d31cfc760"}
,"C:\\Users\\nicolas.manzato\\webUI-bootcamp\\WebUI-project\\app\\components\\post\\socialInteraction.js": {"path":"C:\\Users\\nicolas.manzato\\webUI-bootcamp\\WebUI-project\\app\\components\\post\\socialInteraction.js","statementMap":{"0":{"start":{"line":11,"column":26},"end":{"line":28,"column":1}},"1":{"start":{"line":12,"column":2},"end":{"line":27,"column":4}},"2":{"start":{"line":32,"column":15},"end":{"line":51,"column":2}}},"fnMap":{"0":{"name":"(anonymous_0)","decl":{"start":{"line":11,"column":26},"end":{"line":11,"column":27}},"loc":{"start":{"line":11,"column":37},"end":{"line":28,"column":1}},"line":11}},"branchMap":{},"s":{"0":12,"1":12,"2":12},"f":{"0":12},"b":{},"_coverageSchema":"332fd63041d2c1bcb487cc26dd0d5f7d97098a6c","hash":"91ce45e7e1c6136cc6bee10ec4a39926d95d47c7"}
,"C:\\Users\\nicolas.manzato\\webUI-bootcamp\\WebUI-project\\app\\components\\search\\searchForm.js": {"path":"C:\\Users\\nicolas.manzato\\webUI-bootcamp\\WebUI-project\\app\\components\\search\\searchForm.js","statementMap":{"0":{"start":{"line":10,"column":33},"end":{"line":10,"column":85}},"1":{"start":{"line":14,"column":4},"end":{"line":14,"column":17}},"2":{"start":{"line":16,"column":4},"end":{"line":18,"column":5}},"3":{"start":{"line":19,"column":4},"end":{"line":19,"column":47}},"4":{"start":{"line":23,"column":4},"end":{"line":33,"column":5}},"5":{"start":{"line":24,"column":6},"end":{"line":24,"column":72}},"6":{"start":{"line":25,"column":6},"end":{"line":32,"column":7}},"7":{"start":{"line":26,"column":8},"end":{"line":26,"column":51}},"8":{"start":{"line":27,"column":8},"end":{"line":31,"column":18}},"9":{"start":{"line":37,"column":4},"end":{"line":37,"column":25}},"10":{"start":{"line":38,"column":4},"end":{"line":40,"column":6}},"11":{"start":{"line":45,"column":38},"end":{"line":54,"column":5}},"12":{"start":{"line":56,"column":4},"end":{"line":76,"column":6}},"13":{"start":{"line":63,"column":44},"end":{"line":63,"column":75}},"14":{"start":{"line":63,"column":76},"end":{"line":63,"column":126}},"15":{"start":{"line":82,"column":15},"end":{"line":128,"column":2}}},"fnMap":{"0":{"name":"(anonymous_0)","decl":{"start":{"line":13,"column":2},"end":{"line":13,"column":3}},"loc":{"start":{"line":13,"column":20},"end":{"line":20,"column":3}},"line":13},"1":{"name":"(anonymous_1)","decl":{"start":{"line":22,"column":18},"end":{"line":22,"column":19}},"loc":{"start":{"line":22,"column":24},"end":{"line":34,"column":3}},"line":22},"2":{"name":"(anonymous_2)","decl":{"start":{"line":36,"column":12},"end":{"line":36,"column":13}},"loc":{"start":{"line":36,"column":18},"end":{"line":41,"column":3}},"line":36},"3":{"name":"(anonymous_3)","decl":{"start":{"line":43,"column":11},"end":{"line":43,"column":12}},"loc":{"start":{"line":43,"column":17},"end":{"line":77,"column":3}},"line":43},"4":{"name":"(anonymous_4)","decl":{"start":{"line":63,"column":24},"end":{"line":63,"column":25}},"loc":{"start":{"line":63,"column":43},"end":{"line":63,"column":127}},"line":63}},"branchMap":{"0":{"loc":{"start":{"line":23,"column":4},"end":{"line":33,"column":5}},"type":"if","locations":[{"start":{"line":23,"column":4},"end":{"line":33,"column":5}},{"start":{"line":23,"column":4},"end":{"line":33,"column":5}}],"line":23},"1":{"loc":{"start":{"line":25,"column":6},"end":{"line":32,"column":7}},"type":"if","locations":[{"start":{"line":25,"column":6},"end":{"line":32,"column":7}},{"start":{"line":25,"column":6},"end":{"line":32,"column":7}}],"line":25},"2":{"loc":{"start":{"line":66,"column":11},"end":{"line":67,"column":108}},"type":"binary-expr","locations":[{"start":{"line":66,"column":11},"end":{"line":66,"column":33}},{"start":{"line":67,"column":11},"end":{"line":67,"column":108}}],"line":66}},"s":{"0":7,"1":4,"2":4,"3":4,"4":1,"5":1,"6":1,"7":1,"8":1,"9":1,"10":1,"11":9,"12":9,"13":1,"14":1,"15":7},"f":{"0":4,"1":1,"2":1,"3":9,"4":1},"b":{"0":[1,0],"1":[1,0],"2":[9,3]},"_coverageSchema":"332fd63041d2c1bcb487cc26dd0d5f7d97098a6c","hash":"d4d33176e620a4969443a27f87da44df606cf674"}
,"C:\\Users\\nicolas.manzato\\webUI-bootcamp\\WebUI-project\\app\\components\\timeline\\timeline.js": {"path":"C:\\Users\\nicolas.manzato\\webUI-bootcamp\\WebUI-project\\app\\components\\timeline\\timeline.js","statementMap":{"0":{"start":{"line":18,"column":4},"end":{"line":18,"column":17}},"1":{"start":{"line":20,"column":4},"end":{"line":20,"column":20}},"2":{"start":{"line":24,"column":4},"end":{"line":24,"column":34}},"3":{"start":{"line":28,"column":4},"end":{"line":46,"column":5}},"4":{"start":{"line":29,"column":6},"end":{"line":33,"column":8}},"5":{"start":{"line":35,"column":6},"end":{"line":45,"column":8}},"6":{"start":{"line":52,"column":15},"end":{"line":65,"column":2}}},"fnMap":{"0":{"name":"(anonymous_0)","decl":{"start":{"line":17,"column":2},"end":{"line":17,"column":3}},"loc":{"start":{"line":17,"column":21},"end":{"line":21,"column":3}},"line":17},"1":{"name":"(anonymous_1)","decl":{"start":{"line":23,"column":22},"end":{"line":23,"column":23}},"loc":{"start":{"line":23,"column":28},"end":{"line":25,"column":3}},"line":23},"2":{"name":"(anonymous_2)","decl":{"start":{"line":27,"column":11},"end":{"line":27,"column":12}},"loc":{"start":{"line":27,"column":17},"end":{"line":47,"column":3}},"line":27}},"branchMap":{"0":{"loc":{"start":{"line":28,"column":4},"end":{"line":46,"column":5}},"type":"if","locations":[{"start":{"line":28,"column":4},"end":{"line":46,"column":5}},{"start":{"line":28,"column":4},"end":{"line":46,"column":5}}],"line":28}},"s":{"0":5,"1":5,"2":5,"3":6,"4":2,"5":4,"6":7},"f":{"0":5,"1":5,"2":6},"b":{"0":[2,4]},"_coverageSchema":"332fd63041d2c1bcb487cc26dd0d5f7d97098a6c","hash":"32fb72ba21e9825e15df11df3ff7315afabc34f9"}
,"C:\\Users\\nicolas.manzato\\webUI-bootcamp\\WebUI-project\\app\\components\\trends\\trend.js": {"path":"C:\\Users\\nicolas.manzato\\webUI-bootcamp\\WebUI-project\\app\\components\\trends\\trend.js","statementMap":{"0":{"start":{"line":10,"column":21},"end":{"line":32,"column":1}},"1":{"start":{"line":12,"column":20},"end":{"line":13,"column":75}},"2":{"start":{"line":15,"column":2},"end":{"line":30,"column":4}},"3":{"start":{"line":18,"column":24},"end":{"line":18,"column":50}},"4":{"start":{"line":36,"column":15},"end":{"line":64,"column":2}}},"fnMap":{"0":{"name":"(anonymous_0)","decl":{"start":{"line":10,"column":21},"end":{"line":10,"column":22}},"loc":{"start":{"line":10,"column":32},"end":{"line":32,"column":1}},"line":10},"1":{"name":"(anonymous_1)","decl":{"start":{"line":18,"column":16},"end":{"line":18,"column":17}},"loc":{"start":{"line":18,"column":22},"end":{"line":18,"column":51}},"line":18}},"branchMap":{"0":{"loc":{"start":{"line":12,"column":20},"end":{"line":13,"column":75}},"type":"cond-expr","locations":[{"start":{"line":12,"column":56},"end":{"line":12,"column":60}},{"start":{"line":13,"column":3},"end":{"line":13,"column":75}}],"line":12}},"s":{"0":8,"1":20,"2":20,"3":2,"4":8},"f":{"0":20,"1":2},"b":{"0":[0,20]},"_coverageSchema":"332fd63041d2c1bcb487cc26dd0d5f7d97098a6c","hash":"dbb6901e30070372ffc92334cd454c7a45fbe7fc"}
,"C:\\Users\\nicolas.manzato\\webUI-bootcamp\\WebUI-project\\app\\components\\trends\\trendList.js": {"path":"C:\\Users\\nicolas.manzato\\webUI-bootcamp\\WebUI-project\\app\\components\\trends\\trendList.js","statementMap":{"0":{"start":{"line":17,"column":17},"end":{"line":17,"column":19}},"1":{"start":{"line":19,"column":4},"end":{"line":25,"column":5}},"2":{"start":{"line":20,"column":6},"end":{"line":24,"column":9}},"3":{"start":{"line":21,"column":8},"end":{"line":23,"column":10}},"4":{"start":{"line":27,"column":4},"end":{"line":31,"column":5}},"5":{"start":{"line":37,"column":15},"end":{"line":65,"column":2}}},"fnMap":{"0":{"name":"(anonymous_0)","decl":{"start":{"line":15,"column":11},"end":{"line":15,"column":12}},"loc":{"start":{"line":15,"column":17},"end":{"line":32,"column":3}},"line":15},"1":{"name":"(anonymous_1)","decl":{"start":{"line":20,"column":37},"end":{"line":20,"column":38}},"loc":{"start":{"line":20,"column":55},"end":{"line":24,"column":7}},"line":20}},"branchMap":{"0":{"loc":{"start":{"line":19,"column":4},"end":{"line":25,"column":5}},"type":"if","locations":[{"start":{"line":19,"column":4},"end":{"line":25,"column":5}},{"start":{"line":19,"column":4},"end":{"line":25,"column":5}}],"line":19}},"s":{"0":6,"1":6,"2":5,"3":19,"4":6,"5":7},"f":{"0":6,"1":19},"b":{"0":[5,1]},"_coverageSchema":"332fd63041d2c1bcb487cc26dd0d5f7d97098a6c","hash":"eb28fa448f60296c8e0ee961f0f3210f303e9aaa"}
,"C:\\Users\\nicolas.manzato\\webUI-bootcamp\\WebUI-project\\app\\components\\user\\userProfile.js": {"path":"C:\\Users\\nicolas.manzato\\webUI-bootcamp\\WebUI-project\\app\\components\\user\\userProfile.js","statementMap":{"0":{"start":{"line":12,"column":20},"end":{"line":30,"column":1}},"1":{"start":{"line":13,"column":2},"end":{"line":29,"column":4}},"2":{"start":{"line":34,"column":15},"end":{"line":68,"column":2}}},"fnMap":{"0":{"name":"(anonymous_0)","decl":{"start":{"line":12,"column":20},"end":{"line":12,"column":21}},"loc":{"start":{"line":12,"column":31},"end":{"line":30,"column":1}},"line":12}},"branchMap":{},"s":{"0":7,"1":3,"2":7},"f":{"0":3},"b":{},"_coverageSchema":"332fd63041d2c1bcb487cc26dd0d5f7d97098a6c","hash":"c030d57aaec126a75cdddffe4afd38285f92dce5"}
,"C:\\Users\\nicolas.manzato\\webUI-bootcamp\\WebUI-project\\app\\config\\routes.js": {"path":"C:\\Users\\nicolas.manzato\\webUI-bootcamp\\WebUI-project\\app\\config\\routes.js","statementMap":{"0":{"start":{"line":7,"column":35},"end":{"line":11,"column":1}},"1":{"start":{"line":13,"column":22},"end":{"line":17,"column":1}}},"fnMap":{},"branchMap":{},"s":{"0":6,"1":6},"f":{},"b":{},"_coverageSchema":"332fd63041d2c1bcb487cc26dd0d5f7d97098a6c","hash":"81bf8ccd4f1740f17e3069386db35761a9e5cbb5"}
,"C:\\Users\\nicolas.manzato\\webUI-bootcamp\\WebUI-project\\app\\screens\\ConfigScreen.js": {"path":"C:\\Users\\nicolas.manzato\\webUI-bootcamp\\WebUI-project\\app\\screens\\ConfigScreen.js","statementMap":{"0":{"start":{"line":17,"column":28},"end":{"line":33,"column":1}},"1":{"start":{"line":18,"column":2},"end":{"line":32,"column":9}},"2":{"start":{"line":35,"column":0},"end":{"line":37,"column":2}},"3":{"start":{"line":39,"column":0},"end":{"line":41,"column":2}},"4":{"start":{"line":43,"column":15},"end":{"line":48,"column":2}},"5":{"start":{"line":51,"column":2},"end":{"line":57,"column":3}},"6":{"start":{"line":60,"column":27},"end":{"line":66,"column":1}},"7":{"start":{"line":61,"column":34},"end":{"line":61,"column":60}},"8":{"start":{"line":62,"column":33},"end":{"line":62,"column":58}},"9":{"start":{"line":63,"column":44},"end":{"line":63,"column":80}},"10":{"start":{"line":64,"column":34},"end":{"line":64,"column":60}},"11":{"start":{"line":65,"column":35},"end":{"line":65,"column":62}}},"fnMap":{"0":{"name":"(anonymous_0)","decl":{"start":{"line":17,"column":28},"end":{"line":17,"column":29}},"loc":{"start":{"line":18,"column":2},"end":{"line":32,"column":9}},"line":18},"1":{"name":"mapStateToProps","decl":{"start":{"line":50,"column":9},"end":{"line":50,"column":24}},"loc":{"start":{"line":50,"column":39},"end":{"line":58,"column":1}},"line":50},"2":{"name":"(anonymous_2)","decl":{"start":{"line":61,"column":28},"end":{"line":61,"column":29}},"loc":{"start":{"line":61,"column":34},"end":{"line":61,"column":60}},"line":61},"3":{"name":"(anonymous_3)","decl":{"start":{"line":62,"column":27},"end":{"line":62,"column":28}},"loc":{"start":{"line":62,"column":33},"end":{"line":62,"column":58}},"line":62},"4":{"name":"(anonymous_4)","decl":{"start":{"line":63,"column":38},"end":{"line":63,"column":39}},"loc":{"start":{"line":63,"column":44},"end":{"line":63,"column":80}},"line":63},"5":{"name":"(anonymous_5)","decl":{"start":{"line":64,"column":28},"end":{"line":64,"column":29}},"loc":{"start":{"line":64,"column":34},"end":{"line":64,"column":60}},"line":64},"6":{"name":"(anonymous_6)","decl":{"start":{"line":65,"column":29},"end":{"line":65,"column":30}},"loc":{"start":{"line":65,"column":35},"end":{"line":65,"column":62}},"line":65}},"branchMap":{},"s":{"0":6,"1":2,"2":6,"3":6,"4":6,"5":12,"6":6,"7":1,"8":1,"9":1,"10":1,"11":1},"f":{"0":2,"1":12,"2":1,"3":1,"4":1,"5":1,"6":1},"b":{},"_coverageSchema":"332fd63041d2c1bcb487cc26dd0d5f7d97098a6c","hash":"11e49d4cae2071f43491b89abb0f8f2c53ac08ff"}
,"C:\\Users\\nicolas.manzato\\webUI-bootcamp\\WebUI-project\\app\\screens\\HomeScreen.js": {"path":"C:\\Users\\nicolas.manzato\\webUI-bootcamp\\WebUI-project\\app\\screens\\HomeScreen.js","statementMap":{"0":{"start":{"line":10,"column":26},"end":{"line":23,"column":1}},"1":{"start":{"line":11,"column":2},"end":{"line":22,"column":9}},"2":{"start":{"line":25,"column":0},"end":{"line":27,"column":2}},"3":{"start":{"line":29,"column":0},"end":{"line":31,"column":2}},"4":{"start":{"line":33,"column":15},"end":{"line":38,"column":2}},"5":{"start":{"line":41,"column":4},"end":{"line":45,"column":5}},"6":{"start":{"line":48,"column":27},"end":{"line":51,"column":1}},"7":{"start":{"line":49,"column":25},"end":{"line":49,"column":42}},"8":{"start":{"line":50,"column":29},"end":{"line":50,"column":50}}},"fnMap":{"0":{"name":"(anonymous_0)","decl":{"start":{"line":10,"column":26},"end":{"line":10,"column":27}},"loc":{"start":{"line":11,"column":2},"end":{"line":22,"column":9}},"line":11},"1":{"name":"mapStateToProps","decl":{"start":{"line":40,"column":9},"end":{"line":40,"column":24}},"loc":{"start":{"line":40,"column":39},"end":{"line":46,"column":1}},"line":40},"2":{"name":"(anonymous_2)","decl":{"start":{"line":49,"column":19},"end":{"line":49,"column":20}},"loc":{"start":{"line":49,"column":25},"end":{"line":49,"column":42}},"line":49},"3":{"name":"(anonymous_3)","decl":{"start":{"line":50,"column":23},"end":{"line":50,"column":24}},"loc":{"start":{"line":50,"column":29},"end":{"line":50,"column":50}},"line":50}},"branchMap":{},"s":{"0":6,"1":4,"2":6,"3":6,"4":6,"5":2,"6":6,"7":1,"8":0},"f":{"0":4,"1":2,"2":1,"3":0},"b":{},"_coverageSchema":"332fd63041d2c1bcb487cc26dd0d5f7d97098a6c","hash":"899334d6263bfeb289f1cd8e697288755aafe4c9"}
,"C:\\Users\\nicolas.manzato\\webUI-bootcamp\\WebUI-project\\app\\screens\\PostScreen.js": {"path":"C:\\Users\\nicolas.manzato\\webUI-bootcamp\\WebUI-project\\app\\screens\\PostScreen.js","statementMap":{"0":{"start":{"line":24,"column":4},"end":{"line":24,"column":17}},"1":{"start":{"line":26,"column":4},"end":{"line":28,"column":5}},"2":{"start":{"line":32,"column":4},"end":{"line":32,"column":50}},"3":{"start":{"line":36,"column":4},"end":{"line":47,"column":6}},"4":{"start":{"line":53,"column":4},"end":{"line":56,"column":5}},"5":{"start":{"line":59,"column":27},"end":{"line":61,"column":1}},"6":{"start":{"line":60,"column":27},"end":{"line":60,"column":46}},"7":{"start":{"line":65,"column":15},"end":{"line":77,"column":2}}},"fnMap":{"0":{"name":"(anonymous_0)","decl":{"start":{"line":23,"column":2},"end":{"line":23,"column":3}},"loc":{"start":{"line":23,"column":21},"end":{"line":29,"column":3}},"line":23},"1":{"name":"(anonymous_1)","decl":{"start":{"line":31,"column":22},"end":{"line":31,"column":23}},"loc":{"start":{"line":31,"column":28},"end":{"line":33,"column":3}},"line":31},"2":{"name":"(anonymous_2)","decl":{"start":{"line":35,"column":11},"end":{"line":35,"column":12}},"loc":{"start":{"line":35,"column":17},"end":{"line":48,"column":3}},"line":35},"3":{"name":"mapStateToProps","decl":{"start":{"line":52,"column":9},"end":{"line":52,"column":24}},"loc":{"start":{"line":52,"column":39},"end":{"line":57,"column":1}},"line":52},"4":{"name":"(anonymous_4)","decl":{"start":{"line":60,"column":19},"end":{"line":60,"column":20}},"loc":{"start":{"line":60,"column":27},"end":{"line":60,"column":46}},"line":60}},"branchMap":{"0":{"loc":{"start":{"line":38,"column":8},"end":{"line":41,"column":16}},"type":"binary-expr","locations":[{"start":{"line":38,"column":8},"end":{"line":38,"column":36}},{"start":{"line":39,"column":9},"end":{"line":41,"column":16}}],"line":38},"1":{"loc":{"start":{"line":43,"column":8},"end":{"line":44,"column":50}},"type":"binary-expr","locations":[{"start":{"line":43,"column":8},"end":{"line":43,"column":37}},{"start":{"line":44,"column":9},"end":{"line":44,"column":50}}],"line":43}},"s":{"0":2,"1":2,"2":2,"3":2,"4":1,"5":7,"6":0,"7":7},"f":{"0":2,"1":2,"2":2,"3":1,"4":0},"b":{"0":[2,1],"1":[2,1]},"_coverageSchema":"332fd63041d2c1bcb487cc26dd0d5f7d97098a6c","hash":"365531bac66784323b7d435f67ad5d184926c01d"}
,"C:\\Users\\nicolas.manzato\\webUI-bootcamp\\WebUI-project\\app\\screens\\SearchScreen.js": {"path":"C:\\Users\\nicolas.manzato\\webUI-bootcamp\\WebUI-project\\app\\screens\\SearchScreen.js","statementMap":{"0":{"start":{"line":22,"column":4},"end":{"line":22,"column":16}},"1":{"start":{"line":24,"column":4},"end":{"line":29,"column":6}},"2":{"start":{"line":33,"column":4},"end":{"line":33,"column":35}},"3":{"start":{"line":37,"column":4},"end":{"line":39,"column":6}},"4":{"start":{"line":43,"column":4},"end":{"line":46,"column":5}},"5":{"start":{"line":44,"column":6},"end":{"line":44,"column":51}},"6":{"start":{"line":45,"column":6},"end":{"line":45,"column":40}},"7":{"start":{"line":50,"column":4},"end":{"line":50,"column":33}},"8":{"start":{"line":51,"column":4},"end":{"line":51,"column":29}},"9":{"start":{"line":52,"column":4},"end":{"line":52,"column":35}},"10":{"start":{"line":53,"column":4},"end":{"line":53,"column":30}},"11":{"start":{"line":57,"column":4},"end":{"line":59,"column":5}},"12":{"start":{"line":58,"column":6},"end":{"line":58,"column":47}},"13":{"start":{"line":63,"column":4},"end":{"line":66,"column":5}},"14":{"start":{"line":64,"column":6},"end":{"line":64,"column":48}},"15":{"start":{"line":65,"column":6},"end":{"line":65,"column":40}},"16":{"start":{"line":70,"column":4},"end":{"line":70,"column":39}},"17":{"start":{"line":71,"column":4},"end":{"line":71,"column":45}},"18":{"start":{"line":75,"column":4},"end":{"line":77,"column":7}},"19":{"start":{"line":81,"column":4},"end":{"line":83,"column":7}},"20":{"start":{"line":88,"column":4},"end":{"line":130,"column":6}},"21":{"start":{"line":96,"column":35},"end":{"line":96,"column":73}},"22":{"start":{"line":112,"column":42},"end":{"line":112,"column":72}},"23":{"start":{"line":139,"column":15},"end":{"line":160,"column":2}},"24":{"start":{"line":162,"column":24},"end":{"line":173,"column":1}},"25":{"start":{"line":163,"column":4},"end":{"line":172,"column":5}},"26":{"start":{"line":175,"column":27},"end":{"line":181,"column":1}},"27":{"start":{"line":176,"column":27},"end":{"line":176,"column":46}},"28":{"start":{"line":177,"column":43},"end":{"line":177,"column":78}},"29":{"start":{"line":178,"column":31},"end":{"line":178,"column":54}},"30":{"start":{"line":179,"column":25},"end":{"line":179,"column":42}},"31":{"start":{"line":180,"column":21},"end":{"line":180,"column":34}}},"fnMap":{"0":{"name":"(anonymous_0)","decl":{"start":{"line":21,"column":2},"end":{"line":21,"column":3}},"loc":{"start":{"line":21,"column":21},"end":{"line":30,"column":3}},"line":21},"1":{"name":"(anonymous_1)","decl":{"start":{"line":32,"column":22},"end":{"line":32,"column":23}},"loc":{"start":{"line":32,"column":28},"end":{"line":34,"column":3}},"line":32},"2":{"name":"(anonymous_2)","decl":{"start":{"line":36,"column":21},"end":{"line":36,"column":22}},"loc":{"start":{"line":36,"column":34},"end":{"line":40,"column":3}},"line":36},"3":{"name":"(anonymous_3)","decl":{"start":{"line":42,"column":23},"end":{"line":42,"column":24}},"loc":{"start":{"line":42,"column":34},"end":{"line":47,"column":3}},"line":42},"4":{"name":"(anonymous_4)","decl":{"start":{"line":49,"column":28},"end":{"line":49,"column":29}},"loc":{"start":{"line":49,"column":34},"end":{"line":54,"column":3}},"line":49},"5":{"name":"(anonymous_5)","decl":{"start":{"line":56,"column":29},"end":{"line":56,"column":30}},"loc":{"start":{"line":56,"column":42},"end":{"line":60,"column":3}},"line":56},"6":{"name":"(anonymous_6)","decl":{"start":{"line":62,"column":39},"end":{"line":62,"column":40}},"loc":{"start":{"line":62,"column":45},"end":{"line":67,"column":3}},"line":62},"7":{"name":"(anonymous_7)","decl":{"start":{"line":69,"column":32},"end":{"line":69,"column":33}},"loc":{"start":{"line":69,"column":38},"end":{"line":72,"column":3}},"line":69},"8":{"name":"(anonymous_8)","decl":{"start":{"line":74,"column":27},"end":{"line":74,"column":28}},"loc":{"start":{"line":74,"column":38},"end":{"line":78,"column":3}},"line":74},"9":{"name":"(anonymous_9)","decl":{"start":{"line":80,"column":34},"end":{"line":80,"column":35}},"loc":{"start":{"line":80,"column":45},"end":{"line":84,"column":3}},"line":80},"10":{"name":"(anonymous_10)","decl":{"start":{"line":86,"column":11},"end":{"line":86,"column":12}},"loc":{"start":{"line":86,"column":17},"end":{"line":131,"column":3}},"line":86},"11":{"name":"(anonymous_11)","decl":{"start":{"line":96,"column":20},"end":{"line":96,"column":21}},"loc":{"start":{"line":96,"column":33},"end":{"line":96,"column":75}},"line":96},"12":{"name":"(anonymous_12)","decl":{"start":{"line":112,"column":29},"end":{"line":112,"column":30}},"loc":{"start":{"line":112,"column":40},"end":{"line":112,"column":74}},"line":112},"13":{"name":"(anonymous_13)","decl":{"start":{"line":162,"column":24},"end":{"line":162,"column":25}},"loc":{"start":{"line":162,"column":35},"end":{"line":173,"column":1}},"line":162},"14":{"name":"(anonymous_14)","decl":{"start":{"line":176,"column":21},"end":{"line":176,"column":22}},"loc":{"start":{"line":176,"column":27},"end":{"line":176,"column":46}},"line":176},"15":{"name":"(anonymous_15)","decl":{"start":{"line":177,"column":24},"end":{"line":177,"column":25}},"loc":{"start":{"line":177,"column":43},"end":{"line":177,"column":78}},"line":177},"16":{"name":"(anonymous_16)","decl":{"start":{"line":178,"column":25},"end":{"line":178,"column":26}},"loc":{"start":{"line":178,"column":31},"end":{"line":178,"column":54}},"line":178},"17":{"name":"(anonymous_17)","decl":{"start":{"line":179,"column":19},"end":{"line":179,"column":20}},"loc":{"start":{"line":179,"column":25},"end":{"line":179,"column":42}},"line":179},"18":{"name":"(anonymous_18)","decl":{"start":{"line":180,"column":15},"end":{"line":180,"column":16}},"loc":{"start":{"line":180,"column":21},"end":{"line":180,"column":34}},"line":180}},"branchMap":{"0":{"loc":{"start":{"line":43,"column":4},"end":{"line":46,"column":5}},"type":"if","locations":[{"start":{"line":43,"column":4},"end":{"line":46,"column":5}},{"start":{"line":43,"column":4},"end":{"line":46,"column":5}}],"line":43},"1":{"loc":{"start":{"line":57,"column":4},"end":{"line":59,"column":5}},"type":"if","locations":[{"start":{"line":57,"column":4},"end":{"line":59,"column":5}},{"start":{"line":57,"column":4},"end":{"line":59,"column":5}}],"line":57},"2":{"loc":{"start":{"line":63,"column":4},"end":{"line":66,"column":5}},"type":"if","locations":[{"start":{"line":63,"column":4},"end":{"line":66,"column":5}},{"start":{"line":63,"column":4},"end":{"line":66,"column":5}}],"line":63},"3":{"loc":{"start":{"line":97,"column":9},"end":{"line":100,"column":17}},"type":"binary-expr","locations":[{"start":{"line":97,"column":10},"end":{"line":97,"column":34}},{"start":{"line":97,"column":38},"end":{"line":97,"column":62}},{"start":{"line":98,"column":10},"end":{"line":100,"column":17}}],"line":97},"4":{"loc":{"start":{"line":102,"column":9},"end":{"line":116,"column":17}},"type":"binary-expr","locations":[{"start":{"line":102,"column":9},"end":{"line":102,"column":39}},{"start":{"line":102,"column":43},"end":{"line":102,"column":68}},{"start":{"line":103,"column":10},"end":{"line":116,"column":17}}],"line":102},"5":{"loc":{"start":{"line":104,"column":21},"end":{"line":104,"column":73}},"type":"binary-expr","locations":[{"start":{"line":104,"column":21},"end":{"line":104,"column":44}},{"start":{"line":104,"column":48},"end":{"line":104,"column":73}}],"line":104},"6":{"loc":{"start":{"line":118,"column":9},"end":{"line":127,"column":17}},"type":"binary-expr","locations":[{"start":{"line":118,"column":9},"end":{"line":118,"column":46}},{"start":{"line":119,"column":10},"end":{"line":127,"column":17}}],"line":118},"7":{"loc":{"start":{"line":120,"column":21},"end":{"line":120,"column":72}},"type":"binary-expr","locations":[{"start":{"line":120,"column":21},"end":{"line":120,"column":43}},{"start":{"line":120,"column":47},"end":{"line":120,"column":72}}],"line":120}},"s":{"0":3,"1":3,"2":3,"3":2,"4":1,"5":1,"6":1,"7":1,"8":1,"9":1,"10":1,"11":1,"12":1,"13":0,"14":0,"15":0,"16":0,"17":0,"18":0,"19":0,"20":6,"21":1,"22":1,"23":6,"24":6,"25":2,"26":6,"27":1,"28":0,"29":0,"30":0,"31":0},"f":{"0":3,"1":3,"2":2,"3":1,"4":1,"5":1,"6":0,"7":0,"8":0,"9":0,"10":6,"11":1,"12":1,"13":2,"14":1,"15":0,"16":0,"17":0,"18":0},"b":{"0":[1,0],"1":[1,0],"2":[0,0],"3":[6,5,1],"4":[6,6,5],"5":[5,5],"6":[6,0],"7":[0,0]},"_coverageSchema":"332fd63041d2c1bcb487cc26dd0d5f7d97098a6c","hash":"9cfefb3b03fad259b3781bc0f77f2c57cf36ba9d"}
,"C:\\Users\\nicolas.manzato\\webUI-bootcamp\\WebUI-project\\app\\screens\\UserProfileScreen.js": {"path":"C:\\Users\\nicolas.manzato\\webUI-bootcamp\\WebUI-project\\app\\screens\\UserProfileScreen.js","statementMap":{"0":{"start":{"line":22,"column":4},"end":{"line":22,"column":17}},"1":{"start":{"line":24,"column":4},"end":{"line":26,"column":5}},"2":{"start":{"line":30,"column":19},"end":{"line":30,"column":68}},"3":{"start":{"line":31,"column":4},"end":{"line":33,"column":7}},"4":{"start":{"line":35,"column":4},"end":{"line":35,"column":42}},"5":{"start":{"line":39,"column":4},"end":{"line":62,"column":6}},"6":{"start":{"line":68,"column":4},"end":{"line":74,"column":5}},"7":{"start":{"line":77,"column":27},"end":{"line":79,"column":1}},"8":{"start":{"line":78,"column":34},"end":{"line":78,"column":60}},"9":{"start":{"line":83,"column":15},"end":{"line":112,"column":2}}},"fnMap":{"0":{"name":"(anonymous_0)","decl":{"start":{"line":21,"column":2},"end":{"line":21,"column":3}},"loc":{"start":{"line":21,"column":21},"end":{"line":27,"column":3}},"line":21},"1":{"name":"(anonymous_1)","decl":{"start":{"line":29,"column":22},"end":{"line":29,"column":23}},"loc":{"start":{"line":29,"column":28},"end":{"line":36,"column":3}},"line":29},"2":{"name":"(anonymous_2)","decl":{"start":{"line":38,"column":11},"end":{"line":38,"column":12}},"loc":{"start":{"line":38,"column":17},"end":{"line":63,"column":3}},"line":38},"3":{"name":"(anonymous_3)","decl":{"start":{"line":55,"column":24},"end":{"line":55,"column":25}},"loc":{"start":{"line":55,"column":30},"end":{"line":55,"column":32}},"line":55},"4":{"name":"(anonymous_4)","decl":{"start":{"line":56,"column":27},"end":{"line":56,"column":28}},"loc":{"start":{"line":56,"column":33},"end":{"line":56,"column":35}},"line":56},"5":{"name":"mapStateToProps","decl":{"start":{"line":67,"column":9},"end":{"line":67,"column":24}},"loc":{"start":{"line":67,"column":39},"end":{"line":75,"column":1}},"line":67},"6":{"name":"(anonymous_6)","decl":{"start":{"line":78,"column":22},"end":{"line":78,"column":23}},"loc":{"start":{"line":78,"column":34},"end":{"line":78,"column":60}},"line":78}},"branchMap":{"0":{"loc":{"start":{"line":41,"column":8},"end":{"line":44,"column":16}},"type":"binary-expr","locations":[{"start":{"line":41,"column":9},"end":{"line":41,"column":40}},{"start":{"line":41,"column":44},"end":{"line":41,"column":79}},{"start":{"line":42,"column":9},"end":{"line":44,"column":16}}],"line":41},"1":{"loc":{"start":{"line":46,"column":8},"end":{"line":58,"column":15}},"type":"binary-expr","locations":[{"start":{"line":46,"column":8},"end":{"line":46,"column":40}},{"start":{"line":46,"column":44},"end":{"line":46,"column":80}},{"start":{"line":47,"column":9},"end":{"line":58,"column":15}}],"line":46}},"s":{"0":2,"1":2,"2":2,"3":2,"4":2,"5":4,"6":1,"7":6,"8":0,"9":6},"f":{"0":2,"1":2,"2":4,"3":0,"4":0,"5":1,"6":0},"b":{"0":[4,2,2],"1":[4,2,2]},"_coverageSchema":"332fd63041d2c1bcb487cc26dd0d5f7d97098a6c","hash":"0bd872a9879019e2a6918970a61c2bbf2b6f187d"}
,"C:\\Users\\nicolas.manzato\\webUI-bootcamp\\WebUI-project\\app\\store\\appReducer.js": {"path":"C:\\Users\\nicolas.manzato\\webUI-bootcamp\\WebUI-project\\app\\store\\appReducer.js","statementMap":{"0":{"start":{"line":10,"column":19},"end":{"line":16,"column":2}}},"fnMap":{},"branchMap":{},"s":{"0":6},"f":{},"b":{},"_coverageSchema":"332fd63041d2c1bcb487cc26dd0d5f7d97098a6c","hash":"23e4d44837e7ffbd15c6c62983ed2ea7191d0919"}
,"C:\\Users\\nicolas.manzato\\webUI-bootcamp\\WebUI-project\\app\\store\\appSagas.js": {"path":"C:\\Users\\nicolas.manzato\\webUI-bootcamp\\WebUI-project\\app\\store\\appSagas.js","statementMap":{"0":{"start":{"line":9,"column":2},"end":{"line":13,"column":4}}},"fnMap":{"0":{"name":"appSagas","decl":{"start":{"line":8,"column":25},"end":{"line":8,"column":33}},"loc":{"start":{"line":8,"column":36},"end":{"line":14,"column":1}},"line":8}},"branchMap":{},"s":{"0":6},"f":{"0":6},"b":{},"_coverageSchema":"332fd63041d2c1bcb487cc26dd0d5f7d97098a6c","hash":"c864fd5cfe495a4928db92c95f5aed684bbc4ca3"}
,"C:\\Users\\nicolas.manzato\\webUI-bootcamp\\WebUI-project\\app\\store\\configuration\\configurationActions.js": {"path":"C:\\Users\\nicolas.manzato\\webUI-bootcamp\\WebUI-project\\app\\store\\configuration\\configurationActions.js","statementMap":{"0":{"start":{"line":1,"column":43},"end":{"line":1,"column":72}},"1":{"start":{"line":2,"column":43},"end":{"line":2,"column":72}},"2":{"start":{"line":3,"column":54},"end":{"line":3,"column":94}},"3":{"start":{"line":4,"column":43},"end":{"line":4,"column":72}},"4":{"start":{"line":5,"column":44},"end":{"line":5,"column":74}},"5":{"start":{"line":8,"column":2},"end":{"line":8,"column":45}},"6":{"start":{"line":12,"column":2},"end":{"line":12,"column":45}},"7":{"start":{"line":16,"column":2},"end":{"line":16,"column":56}},"8":{"start":{"line":20,"column":2},"end":{"line":20,"column":45}},"9":{"start":{"line":24,"column":2},"end":{"line":24,"column":46}}},"fnMap":{"0":{"name":"configToggleVerifiedOnly","decl":{"start":{"line":7,"column":16},"end":{"line":7,"column":40}},"loc":{"start":{"line":7,"column":43},"end":{"line":9,"column":1}},"line":7},"1":{"name":"configToggleDoNotFollow","decl":{"start":{"line":11,"column":16},"end":{"line":11,"column":39}},"loc":{"start":{"line":11,"column":42},"end":{"line":13,"column":1}},"line":11},"2":{"name":"configToggleHaveDefaultInformation","decl":{"start":{"line":15,"column":16},"end":{"line":15,"column":50}},"loc":{"start":{"line":15,"column":53},"end":{"line":17,"column":1}},"line":15},"3":{"name":"configToggleContainsLink","decl":{"start":{"line":19,"column":16},"end":{"line":19,"column":40}},"loc":{"start":{"line":19,"column":43},"end":{"line":21,"column":1}},"line":19},"4":{"name":"configToggleTextTruncated","decl":{"start":{"line":23,"column":16},"end":{"line":23,"column":41}},"loc":{"start":{"line":23,"column":44},"end":{"line":25,"column":1}},"line":23}},"branchMap":{},"s":{"0":10,"1":10,"2":10,"3":10,"4":10,"5":3,"6":3,"7":3,"8":3,"9":3},"f":{"0":3,"1":3,"2":3,"3":3,"4":3},"b":{},"_coverageSchema":"332fd63041d2c1bcb487cc26dd0d5f7d97098a6c","hash":"5bcb02f4ae85d4d9ad4e03bddb5d6d7abe7a1252"}
,"C:\\Users\\nicolas.manzato\\webUI-bootcamp\\WebUI-project\\app\\store\\configuration\\configurationReducer.js": {"path":"C:\\Users\\nicolas.manzato\\webUI-bootcamp\\WebUI-project\\app\\store\\configuration\\configurationReducer.js","statementMap":{"0":{"start":{"line":11,"column":32},"end":{"line":17,"column":1}},"1":{"start":{"line":19,"column":29},"end":{"line":39,"column":1}},"2":{"start":{"line":20,"column":2},"end":{"line":38,"column":5}},"3":{"start":{"line":22,"column":6},"end":{"line":22,"column":90}},"4":{"start":{"line":23,"column":6},"end":{"line":23,"column":19}},"5":{"start":{"line":25,"column":6},"end":{"line":25,"column":88}},"6":{"start":{"line":26,"column":6},"end":{"line":26,"column":19}},"7":{"start":{"line":28,"column":6},"end":{"line":28,"column":110}},"8":{"start":{"line":29,"column":6},"end":{"line":29,"column":19}},"9":{"start":{"line":31,"column":6},"end":{"line":31,"column":90}},"10":{"start":{"line":32,"column":6},"end":{"line":32,"column":19}},"11":{"start":{"line":34,"column":6},"end":{"line":34,"column":92}},"12":{"start":{"line":35,"column":6},"end":{"line":35,"column":19}},"13":{"start":{"line":37,"column":6},"end":{"line":37,"column":19}}},"fnMap":{"0":{"name":"(anonymous_0)","decl":{"start":{"line":19,"column":29},"end":{"line":19,"column":30}},"loc":{"start":{"line":19,"column":69},"end":{"line":39,"column":1}},"line":19}},"branchMap":{"0":{"loc":{"start":{"line":19,"column":30},"end":{"line":19,"column":56}},"type":"default-arg","locations":[{"start":{"line":19,"column":38},"end":{"line":19,"column":56}}],"line":19},"1":{"loc":{"start":{"line":20,"column":2},"end":{"line":38,"column":5}},"type":"switch","locations":[{"start":{"line":21,"column":4},"end":{"line":23,"column":19}},{"start":{"line":24,"column":4},"end":{"line":26,"column":19}},{"start":{"line":27,"column":4},"end":{"line":29,"column":19}},{"start":{"line":30,"column":4},"end":{"line":32,"column":19}},{"start":{"line":33,"column":4},"end":{"line":35,"column":19}},{"start":{"line":36,"column":4},"end":{"line":37,"column":19}}],"line":20}},"s":{"0":9,"1":9,"2":31,"3":2,"4":2,"5":2,"6":2,"7":2,"8":2,"9":2,"10":2,"11":2,"12":2,"13":21},"f":{"0":31},"b":{"0":[19],"1":[2,2,2,2,2,21]},"_coverageSchema":"332fd63041d2c1bcb487cc26dd0d5f7d97098a6c","hash":"51cc12e1471fe6c906c5d6945a4cdcc2330e0461"}
,"C:\\Users\\nicolas.manzato\\webUI-bootcamp\\WebUI-project\\app\\store\\configuration\\configurationSelector.js": {"path":"C:\\Users\\nicolas.manzato\\webUI-bootcamp\\WebUI-project\\app\\store\\configuration\\configurationSelector.js","statementMap":{"0":{"start":{"line":1,"column":32},"end":{"line":3,"column":1}},"1":{"start":{"line":2,"column":2},"end":{"line":2,"column":36}}},"fnMap":{"0":{"name":"(anonymous_0)","decl":{"start":{"line":1,"column":32},"end":{"line":1,"column":33}},"loc":{"start":{"line":1,"column":41},"end":{"line":3,"column":1}},"line":1}},"branchMap":{},"s":{"0":9,"1":9},"f":{"0":9},"b":{},"_coverageSchema":"332fd63041d2c1bcb487cc26dd0d5f7d97098a6c","hash":"9b04cfb45c27dda884b4997cc10b52a45809c33e"}
,"C:\\Users\\nicolas.manzato\\webUI-bootcamp\\WebUI-project\\app\\store\\navigation\\navReducer.js": {"path":"C:\\Users\\nicolas.manzato\\webUI-bootcamp\\WebUI-project\\app\\store\\navigation\\navReducer.js","statementMap":{"0":{"start":{"line":6,"column":20},"end":{"line":6,"column":74}},"1":{"start":{"line":7,"column":28},"end":{"line":7,"column":79}},"2":{"start":{"line":8,"column":24},"end":{"line":10,"column":1}},"3":{"start":{"line":12,"column":19},"end":{"line":40,"column":1}},"4":{"start":{"line":14,"column":2},"end":{"line":36,"column":3}},"5":{"start":{"line":16,"column":6},"end":{"line":19,"column":8}},"6":{"start":{"line":20,"column":6},"end":{"line":20,"column":12}},"7":{"start":{"line":22,"column":6},"end":{"line":25,"column":8}},"8":{"start":{"line":26,"column":6},"end":{"line":26,"column":12}},"9":{"start":{"line":28,"column":6},"end":{"line":31,"column":8}},"10":{"start":{"line":32,"column":6},"end":{"line":32,"column":12}},"11":{"start":{"line":34,"column":6},"end":{"line":34,"column":72}},"12":{"start":{"line":35,"column":6},"end":{"line":35,"column":12}},"13":{"start":{"line":39,"column":2},"end":{"line":39,"column":28}}},"fnMap":{"0":{"name":"(anonymous_0)","decl":{"start":{"line":12,"column":19},"end":{"line":12,"column":20}},"loc":{"start":{"line":12,"column":56},"end":{"line":40,"column":1}},"line":12}},"branchMap":{"0":{"loc":{"start":{"line":12,"column":20},"end":{"line":12,"column":43}},"type":"default-arg","locations":[{"start":{"line":12,"column":28},"end":{"line":12,"column":43}}],"line":12},"1":{"loc":{"start":{"line":14,"column":2},"end":{"line":36,"column":3}},"type":"switch","locations":[{"start":{"line":15,"column":4},"end":{"line":20,"column":12}},{"start":{"line":21,"column":4},"end":{"line":26,"column":12}},{"start":{"line":27,"column":4},"end":{"line":32,"column":12}},{"start":{"line":33,"column":4},"end":{"line":35,"column":12}}],"line":14},"2":{"loc":{"start":{"line":39,"column":9},"end":{"line":39,"column":27}},"type":"binary-expr","locations":[{"start":{"line":39,"column":9},"end":{"line":39,"column":18}},{"start":{"line":39,"column":22},"end":{"line":39,"column":27}}],"line":39}},"s":{"0":6,"1":6,"2":6,"3":6,"4":25,"5":0,"6":0,"7":0,"8":0,"9":0,"10":0,"11":25,"12":25,"13":25},"f":{"0":25},"b":{"0":[18],"1":[0,0,0,25],"2":[25,0]},"_coverageSchema":"332fd63041d2c1bcb487cc26dd0d5f7d97098a6c","hash":"15bee127dcc452c1edaeb982071f5e55f7cfd449"}
,"C:\\Users\\nicolas.manzato\\webUI-bootcamp\\WebUI-project\\app\\store\\post\\postActions.js": {"path":"C:\\Users\\nicolas.manzato\\webUI-bootcamp\\WebUI-project\\app\\store\\post\\postActions.js","statementMap":{"0":{"start":{"line":1,"column":33},"end":{"line":1,"column":52}},"1":{"start":{"line":2,"column":33},"end":{"line":2,"column":52}},"2":{"start":{"line":3,"column":33},"end":{"line":3,"column":52}},"3":{"start":{"line":5,"column":38},"end":{"line":5,"column":62}},"4":{"start":{"line":6,"column":38},"end":{"line":6,"column":62}},"5":{"start":{"line":7,"column":38},"end":{"line":7,"column":62}},"6":{"start":{"line":9,"column":35},"end":{"line":9,"column":56}},"7":{"start":{"line":10,"column":35},"end":{"line":10,"column":56}},"8":{"start":{"line":11,"column":35},"end":{"line":11,"column":56}},"9":{"start":{"line":13,"column":40},"end":{"line":13,"column":66}},"10":{"start":{"line":14,"column":40},"end":{"line":14,"column":66}},"11":{"start":{"line":15,"column":40},"end":{"line":15,"column":66}},"12":{"start":{"line":17,"column":33},"end":{"line":17,"column":52}},"13":{"start":{"line":19,"column":33},"end":{"line":19,"column":52}},"14":{"start":{"line":20,"column":33},"end":{"line":20,"column":52}},"15":{"start":{"line":21,"column":33},"end":{"line":21,"column":52}},"16":{"start":{"line":23,"column":46},"end":{"line":23,"column":78}},"17":{"start":{"line":24,"column":46},"end":{"line":24,"column":78}},"18":{"start":{"line":25,"column":46},"end":{"line":25,"column":78}},"19":{"start":{"line":27,"column":31},"end":{"line":29,"column":1}},"20":{"start":{"line":28,"column":2},"end":{"line":28,"column":34}},"21":{"start":{"line":30,"column":31},"end":{"line":32,"column":1}},"22":{"start":{"line":31,"column":2},"end":{"line":31,"column":46}},"23":{"start":{"line":33,"column":31},"end":{"line":35,"column":1}},"24":{"start":{"line":34,"column":2},"end":{"line":34,"column":51}},"25":{"start":{"line":39,"column":35},"end":{"line":41,"column":1}},"26":{"start":{"line":40,"column":2},"end":{"line":40,"column":39}},"27":{"start":{"line":42,"column":35},"end":{"line":44,"column":1}},"28":{"start":{"line":43,"column":2},"end":{"line":43,"column":51}},"29":{"start":{"line":45,"column":35},"end":{"line":47,"column":1}},"30":{"start":{"line":46,"column":2},"end":{"line":46,"column":56}},"31":{"start":{"line":51,"column":36},"end":{"line":53,"column":1}},"32":{"start":{"line":52,"column":2},"end":{"line":52,"column":66}},"33":{"start":{"line":54,"column":36},"end":{"line":56,"column":1}},"34":{"start":{"line":55,"column":2},"end":{"line":55,"column":48}},"35":{"start":{"line":57,"column":36},"end":{"line":59,"column":1}},"36":{"start":{"line":58,"column":2},"end":{"line":58,"column":53}},"37":{"start":{"line":63,"column":37},"end":{"line":65,"column":1}},"38":{"start":{"line":64,"column":2},"end":{"line":64,"column":41}},"39":{"start":{"line":66,"column":37},"end":{"line":68,"column":1}},"40":{"start":{"line":67,"column":2},"end":{"line":67,"column":53}},"41":{"start":{"line":69,"column":37},"end":{"line":71,"column":1}},"42":{"start":{"line":70,"column":2},"end":{"line":70,"column":58}},"43":{"start":{"line":75,"column":31},"end":{"line":77,"column":1}},"44":{"start":{"line":76,"column":2},"end":{"line":76,"column":34}},"45":{"start":{"line":81,"column":31},"end":{"line":83,"column":1}},"46":{"start":{"line":82,"column":2},"end":{"line":82,"column":42}},"47":{"start":{"line":85,"column":31},"end":{"line":87,"column":1}},"48":{"start":{"line":86,"column":2},"end":{"line":86,"column":46}},"49":{"start":{"line":89,"column":31},"end":{"line":91,"column":1}},"50":{"start":{"line":90,"column":2},"end":{"line":90,"column":51}},"51":{"start":{"line":95,"column":42},"end":{"line":97,"column":1}},"52":{"start":{"line":96,"column":2},"end":{"line":96,"column":47}},"53":{"start":{"line":99,"column":42},"end":{"line":101,"column":1}},"54":{"start":{"line":100,"column":2},"end":{"line":100,"column":59}},"55":{"start":{"line":103,"column":42},"end":{"line":105,"column":1}},"56":{"start":{"line":104,"column":2},"end":{"line":104,"column":64}}},"fnMap":{"0":{"name":"(anonymous_0)","decl":{"start":{"line":27,"column":31},"end":{"line":27,"column":32}},"loc":{"start":{"line":27,"column":37},"end":{"line":29,"column":1}},"line":27},"1":{"name":"(anonymous_1)","decl":{"start":{"line":30,"column":31},"end":{"line":30,"column":32}},"loc":{"start":{"line":30,"column":41},"end":{"line":32,"column":1}},"line":30},"2":{"name":"(anonymous_2)","decl":{"start":{"line":33,"column":31},"end":{"line":33,"column":32}},"loc":{"start":{"line":33,"column":39},"end":{"line":35,"column":1}},"line":33},"3":{"name":"(anonymous_3)","decl":{"start":{"line":39,"column":35},"end":{"line":39,"column":36}},"loc":{"start":{"line":39,"column":41},"end":{"line":41,"column":1}},"line":39},"4":{"name":"(anonymous_4)","decl":{"start":{"line":42,"column":35},"end":{"line":42,"column":36}},"loc":{"start":{"line":42,"column":45},"end":{"line":44,"column":1}},"line":42},"5":{"name":"(anonymous_5)","decl":{"start":{"line":45,"column":35},"end":{"line":45,"column":36}},"loc":{"start":{"line":45,"column":43},"end":{"line":47,"column":1}},"line":45},"6":{"name":"(anonymous_6)","decl":{"start":{"line":51,"column":36},"end":{"line":51,"column":37}},"loc":{"start":{"line":51,"column":55},"end":{"line":53,"column":1}},"line":51},"7":{"name":"(anonymous_7)","decl":{"start":{"line":54,"column":36},"end":{"line":54,"column":37}},"loc":{"start":{"line":54,"column":46},"end":{"line":56,"column":1}},"line":54},"8":{"name":"(anonymous_8)","decl":{"start":{"line":57,"column":36},"end":{"line":57,"column":37}},"loc":{"start":{"line":57,"column":44},"end":{"line":59,"column":1}},"line":57},"9":{"name":"(anonymous_9)","decl":{"start":{"line":63,"column":37},"end":{"line":63,"column":38}},"loc":{"start":{"line":63,"column":43},"end":{"line":65,"column":1}},"line":63},"10":{"name":"(anonymous_10)","decl":{"start":{"line":66,"column":37},"end":{"line":66,"column":38}},"loc":{"start":{"line":66,"column":47},"end":{"line":68,"column":1}},"line":66},"11":{"name":"(anonymous_11)","decl":{"start":{"line":69,"column":37},"end":{"line":69,"column":38}},"loc":{"start":{"line":69,"column":45},"end":{"line":71,"column":1}},"line":69},"12":{"name":"(anonymous_12)","decl":{"start":{"line":75,"column":31},"end":{"line":75,"column":32}},"loc":{"start":{"line":75,"column":37},"end":{"line":77,"column":1}},"line":75},"13":{"name":"(anonymous_13)","decl":{"start":{"line":81,"column":31},"end":{"line":81,"column":32}},"loc":{"start":{"line":81,"column":39},"end":{"line":83,"column":1}},"line":81},"14":{"name":"(anonymous_14)","decl":{"start":{"line":85,"column":31},"end":{"line":85,"column":32}},"loc":{"start":{"line":85,"column":41},"end":{"line":87,"column":1}},"line":85},"15":{"name":"(anonymous_15)","decl":{"start":{"line":89,"column":31},"end":{"line":89,"column":32}},"loc":{"start":{"line":89,"column":39},"end":{"line":91,"column":1}},"line":89},"16":{"name":"(anonymous_16)","decl":{"start":{"line":95,"column":42},"end":{"line":95,"column":43}},"loc":{"start":{"line":95,"column":48},"end":{"line":97,"column":1}},"line":95},"17":{"name":"(anonymous_17)","decl":{"start":{"line":99,"column":42},"end":{"line":99,"column":43}},"loc":{"start":{"line":99,"column":52},"end":{"line":101,"column":1}},"line":99},"18":{"name":"(anonymous_18)","decl":{"start":{"line":103,"column":42},"end":{"line":103,"column":43}},"loc":{"start":{"line":103,"column":50},"end":{"line":105,"column":1}},"line":103}},"branchMap":{},"s":{"0":10,"1":10,"2":10,"3":10,"4":10,"5":10,"6":10,"7":10,"8":10,"9":10,"10":10,"11":10,"12":10,"13":10,"14":10,"15":10,"16":10,"17":10,"18":10,"19":10,"20":2,"21":10,"22":2,"23":10,"24":2,"25":10,"26":1,"27":10,"28":2,"29":10,"30":2,"31":10,"32":1,"33":10,"34":2,"35":10,"36":2,"37":10,"38":1,"39":10,"40":2,"41":10,"42":2,"43":10,"44":1,"45":10,"46":1,"47":10,"48":2,"49":10,"50":2,"51":10,"52":1,"53":10,"54":2,"55":10,"56":2},"f":{"0":2,"1":2,"2":2,"3":1,"4":2,"5":2,"6":1,"7":2,"8":2,"9":1,"10":2,"11":2,"12":1,"13":1,"14":2,"15":2,"16":1,"17":2,"18":2},"b":{},"_coverageSchema":"332fd63041d2c1bcb487cc26dd0d5f7d97098a6c","hash":"07ae04ab5435ab0f90b47fdaa620696adf311d2b"}
,"C:\\Users\\nicolas.manzato\\webUI-bootcamp\\WebUI-project\\app\\store\\post\\postReducer.js": {"path":"C:\\Users\\nicolas.manzato\\webUI-bootcamp\\WebUI-project\\app\\store\\post\\postReducer.js","statementMap":{"0":{"start":{"line":23,"column":23},"end":{"line":44,"column":1}},"1":{"start":{"line":46,"column":20},"end":{"line":116,"column":1}},"2":{"start":{"line":47,"column":2},"end":{"line":115,"column":3}},"3":{"start":{"line":50,"column":6},"end":{"line":50,"column":82}},"4":{"start":{"line":51,"column":6},"end":{"line":51,"column":19}},"5":{"start":{"line":53,"column":6},"end":{"line":53,"column":90}},"6":{"start":{"line":54,"column":6},"end":{"line":54,"column":19}},"7":{"start":{"line":56,"column":6},"end":{"line":56,"column":129}},"8":{"start":{"line":57,"column":6},"end":{"line":57,"column":19}},"9":{"start":{"line":60,"column":6},"end":{"line":60,"column":86}},"10":{"start":{"line":61,"column":6},"end":{"line":61,"column":19}},"11":{"start":{"line":63,"column":6},"end":{"line":63,"column":119}},"12":{"start":{"line":64,"column":6},"end":{"line":64,"column":19}},"13":{"start":{"line":66,"column":6},"end":{"line":66,"column":117}},"14":{"start":{"line":67,"column":6},"end":{"line":67,"column":19}},"15":{"start":{"line":70,"column":6},"end":{"line":70,"column":150}},"16":{"start":{"line":71,"column":6},"end":{"line":71,"column":19}},"17":{"start":{"line":73,"column":6},"end":{"line":73,"column":94}},"18":{"start":{"line":74,"column":6},"end":{"line":74,"column":19}},"19":{"start":{"line":76,"column":6},"end":{"line":76,"column":117}},"20":{"start":{"line":77,"column":6},"end":{"line":77,"column":19}},"21":{"start":{"line":80,"column":6},"end":{"line":80,"column":90}},"22":{"start":{"line":81,"column":6},"end":{"line":81,"column":19}},"23":{"start":{"line":83,"column":6},"end":{"line":83,"column":122}},"24":{"start":{"line":84,"column":6},"end":{"line":84,"column":19}},"25":{"start":{"line":86,"column":6},"end":{"line":86,"column":121}},"26":{"start":{"line":87,"column":6},"end":{"line":87,"column":19}},"27":{"start":{"line":90,"column":6},"end":{"line":90,"column":163}},"28":{"start":{"line":91,"column":6},"end":{"line":91,"column":19}},"29":{"start":{"line":94,"column":6},"end":{"line":94,"column":108}},"30":{"start":{"line":95,"column":6},"end":{"line":95,"column":19}},"31":{"start":{"line":97,"column":6},"end":{"line":97,"column":90}},"32":{"start":{"line":98,"column":6},"end":{"line":98,"column":19}},"33":{"start":{"line":100,"column":6},"end":{"line":100,"column":133}},"34":{"start":{"line":101,"column":6},"end":{"line":101,"column":19}},"35":{"start":{"line":104,"column":6},"end":{"line":104,"column":92}},"36":{"start":{"line":105,"column":6},"end":{"line":105,"column":19}},"37":{"start":{"line":107,"column":6},"end":{"line":107,"column":104}},"38":{"start":{"line":108,"column":6},"end":{"line":108,"column":19}},"39":{"start":{"line":110,"column":6},"end":{"line":110,"column":124}},"40":{"start":{"line":111,"column":6},"end":{"line":111,"column":19}},"41":{"start":{"line":114,"column":6},"end":{"line":114,"column":19}}},"fnMap":{"0":{"name":"(anonymous_0)","decl":{"start":{"line":46,"column":20},"end":{"line":46,"column":21}},"loc":{"start":{"line":46,"column":51},"end":{"line":116,"column":1}},"line":46}},"branchMap":{"0":{"loc":{"start":{"line":46,"column":21},"end":{"line":46,"column":38}},"type":"default-arg","locations":[{"start":{"line":46,"column":29},"end":{"line":46,"column":38}}],"line":46},"1":{"loc":{"start":{"line":47,"column":2},"end":{"line":115,"column":3}},"type":"switch","locations":[{"start":{"line":49,"column":4},"end":{"line":51,"column":19}},{"start":{"line":52,"column":4},"end":{"line":54,"column":19}},{"start":{"line":55,"column":4},"end":{"line":57,"column":19}},{"start":{"line":59,"column":4},"end":{"line":61,"column":19}},{"start":{"line":62,"column":4},"end":{"line":64,"column":19}},{"start":{"line":65,"column":4},"end":{"line":67,"column":19}},{"start":{"line":69,"column":4},"end":{"line":71,"column":19}},{"start":{"line":72,"column":4},"end":{"line":74,"column":19}},{"start":{"line":75,"column":4},"end":{"line":77,"column":19}},{"start":{"line":79,"column":4},"end":{"line":81,"column":19}},{"start":{"line":82,"column":4},"end":{"line":84,"column":19}},{"start":{"line":85,"column":4},"end":{"line":87,"column":19}},{"start":{"line":89,"column":4},"end":{"line":91,"column":19}},{"start":{"line":93,"column":4},"end":{"line":95,"column":19}},{"start":{"line":96,"column":4},"end":{"line":98,"column":19}},{"start":{"line":99,"column":4},"end":{"line":101,"column":19}},{"start":{"line":103,"column":4},"end":{"line":105,"column":19}},{"start":{"line":106,"column":4},"end":{"line":108,"column":19}},{"start":{"line":109,"column":4},"end":{"line":111,"column":19}},{"start":{"line":113,"column":4},"end":{"line":114,"column":19}}],"line":47}},"s":{"0":8,"1":8,"2":45,"3":2,"4":2,"5":1,"6":1,"7":0,"8":0,"9":1,"10":1,"11":1,"12":1,"13":2,"14":2,"15":1,"16":1,"17":1,"18":1,"19":1,"20":1,"21":1,"22":1,"23":1,"24":1,"25":1,"26":1,"27":1,"28":1,"29":1,"30":1,"31":1,"32":1,"33":1,"34":1,"35":1,"36":1,"37":1,"38":1,"39":1,"40":1,"41":25},"f":{"0":45},"b":{"0":[19],"1":[2,1,0,1,1,2,1,1,1,1,1,1,1,1,1,1,1,1,1,25]},"_coverageSchema":"332fd63041d2c1bcb487cc26dd0d5f7d97098a6c","hash":"825dbe07d3039d495419a7df88f8a5db90ee3b96"}
,"C:\\Users\\nicolas.manzato\\webUI-bootcamp\\WebUI-project\\app\\store\\post\\postSagas.js": {"path":"C:\\Users\\nicolas.manzato\\webUI-bootcamp\\WebUI-project\\app\\store\\post\\postSagas.js","statementMap":{"0":{"start":{"line":35,"column":24},"end":{"line":35,"column":43}},"1":{"start":{"line":36,"column":29},"end":{"line":36,"column":31}},"2":{"start":{"line":37,"column":27},"end":{"line":37,"column":29}},"3":{"start":{"line":41,"column":14},"end":{"line":41,"column":58}},"4":{"start":{"line":43,"column":2},"end":{"line":50,"column":3}},"5":{"start":{"line":44,"column":21},"end":{"line":44,"column":43}},"6":{"start":{"line":45,"column":17},"end":{"line":45,"column":47}},"7":{"start":{"line":46,"column":4},"end":{"line":46,"column":37}},"8":{"start":{"line":48,"column":4},"end":{"line":48,"column":20}},"9":{"start":{"line":49,"column":4},"end":{"line":49,"column":35}},"10":{"start":{"line":54,"column":2},"end":{"line":54,"column":52}},"11":{"start":{"line":58,"column":2},"end":{"line":68,"column":3}},"12":{"start":{"line":60,"column":18},"end":{"line":60,"column":45}},"13":{"start":{"line":61,"column":14},"end":{"line":61,"column":82}},"14":{"start":{"line":62,"column":21},"end":{"line":62,"column":43}},"15":{"start":{"line":63,"column":17},"end":{"line":63,"column":47}},"16":{"start":{"line":64,"column":4},"end":{"line":64,"column":50}},"17":{"start":{"line":66,"column":4},"end":{"line":66,"column":20}},"18":{"start":{"line":67,"column":4},"end":{"line":67,"column":39}},"19":{"start":{"line":72,"column":2},"end":{"line":72,"column":67}},"20":{"start":{"line":76,"column":2},"end":{"line":85,"column":3}},"21":{"start":{"line":77,"column":26},"end":{"line":77,"column":56}},"22":{"start":{"line":78,"column":16},"end":{"line":78,"column":83}},"23":{"start":{"line":79,"column":21},"end":{"line":79,"column":42}},"24":{"start":{"line":80,"column":17},"end":{"line":80,"column":47}},"25":{"start":{"line":81,"column":4},"end":{"line":81,"column":66}},"26":{"start":{"line":83,"column":4},"end":{"line":83,"column":20}},"27":{"start":{"line":84,"column":4},"end":{"line":84,"column":40}},"28":{"start":{"line":89,"column":2},"end":{"line":89,"column":54}},"29":{"start":{"line":93,"column":2},"end":{"line":104,"column":3}},"30":{"start":{"line":94,"column":26},"end":{"line":94,"column":56}},"31":{"start":{"line":95,"column":18},"end":{"line":95,"column":53}},"32":{"start":{"line":96,"column":16},"end":{"line":96,"column":99}},"33":{"start":{"line":98,"column":21},"end":{"line":98,"column":42}},"34":{"start":{"line":99,"column":17},"end":{"line":99,"column":47}},"35":{"start":{"line":100,"column":4},"end":{"line":100,"column":61}},"36":{"start":{"line":102,"column":4},"end":{"line":102,"column":20}},"37":{"start":{"line":103,"column":4},"end":{"line":103,"column":41}},"38":{"start":{"line":108,"column":2},"end":{"line":108,"column":61}},"39":{"start":{"line":112,"column":2},"end":{"line":121,"column":3}},"40":{"start":{"line":113,"column":15},"end":{"line":113,"column":42}},"41":{"start":{"line":114,"column":16},"end":{"line":114,"column":50}},"42":{"start":{"line":115,"column":21},"end":{"line":115,"column":42}},"43":{"start":{"line":116,"column":17},"end":{"line":116,"column":47}},"44":{"start":{"line":117,"column":4},"end":{"line":117,"column":37}},"45":{"start":{"line":119,"column":4},"end":{"line":119,"column":20}},"46":{"start":{"line":120,"column":4},"end":{"line":120,"column":35}},"47":{"start":{"line":125,"column":2},"end":{"line":125,"column":48}},"48":{"start":{"line":129,"column":2},"end":{"line":138,"column":3}},"49":{"start":{"line":130,"column":15},"end":{"line":130,"column":45}},"50":{"start":{"line":131,"column":16},"end":{"line":131,"column":64}},"51":{"start":{"line":132,"column":21},"end":{"line":132,"column":42}},"52":{"start":{"line":133,"column":17},"end":{"line":133,"column":47}},"53":{"start":{"line":134,"column":4},"end":{"line":134,"column":48}},"54":{"start":{"line":136,"column":4},"end":{"line":136,"column":20}},"55":{"start":{"line":137,"column":4},"end":{"line":137,"column":46}},"56":{"start":{"line":142,"column":2},"end":{"line":142,"column":76}},"57":{"start":{"line":146,"column":2},"end":{"line":146,"column":42}},"58":{"start":{"line":150,"column":2},"end":{"line":150,"column":62}},"59":{"start":{"line":154,"column":2},"end":{"line":162,"column":4}},"60":{"start":{"line":165,"column":35},"end":{"line":167,"column":1}},"61":{"start":{"line":166,"column":2},"end":{"line":166,"column":54}}},"fnMap":{"0":{"name":"loadTimeline","decl":{"start":{"line":39,"column":17},"end":{"line":39,"column":29}},"loc":{"start":{"line":39,"column":32},"end":{"line":51,"column":1}},"line":39},"1":{"name":"watchLoadTimeline","decl":{"start":{"line":53,"column":10},"end":{"line":53,"column":27}},"loc":{"start":{"line":53,"column":30},"end":{"line":55,"column":1}},"line":53},"2":{"name":"infiniteScrollTimeline","decl":{"start":{"line":57,"column":17},"end":{"line":57,"column":39}},"loc":{"start":{"line":57,"column":42},"end":{"line":69,"column":1}},"line":57},"3":{"name":"watchInfiniteScrollTimeline","decl":{"start":{"line":71,"column":10},"end":{"line":71,"column":37}},"loc":{"start":{"line":71,"column":40},"end":{"line":73,"column":1}},"line":71},"4":{"name":"searchForPost","decl":{"start":{"line":75,"column":17},"end":{"line":75,"column":30}},"loc":{"start":{"line":75,"column":33},"end":{"line":86,"column":1}},"line":75},"5":{"name":"watchSearchForPost","decl":{"start":{"line":88,"column":10},"end":{"line":88,"column":28}},"loc":{"start":{"line":88,"column":31},"end":{"line":90,"column":1}},"line":88},"6":{"name":"searchMorePost","decl":{"start":{"line":92,"column":17},"end":{"line":92,"column":31}},"loc":{"start":{"line":92,"column":34},"end":{"line":105,"column":1}},"line":92},"7":{"name
[...]
,"C:\\Users\\nicolas.manzato\\webUI-bootcamp\\WebUI-project\\app\\store\\post\\postSelector.js": {"path":"C:\\Users\\nicolas.manzato\\webUI-bootcamp\\WebUI-project\\app\\store\\post\\postSelector.js","statementMap":{"0":{"start":{"line":4,"column":29},"end":{"line":8,"column":1}},"1":{"start":{"line":5,"column":21},"end":{"line":5,"column":49}},"2":{"start":{"line":6,"column":2},"end":{"line":6,"column":85}},"3":{"start":{"line":6,"column":41},"end":{"line":6,"column":85}},"4":{"start":{"line":7,"column":2},"end":{"line":7,"column":12}},"5":{"start":{"line":10,"column":29},"end":{"line":12,"column":1}},"6":{"start":{"line":11,"column":2},"end":{"line":11,"column":38}},"7":{"start":{"line":14,"column":32},"end":{"line":16,"column":1}},"8":{"start":{"line":15,"column":2},"end":{"line":15,"column":41}},"9":{"start":{"line":18,"column":37},"end":{"line":21,"column":1}},"10":{"start":{"line":19,"column":21},"end":{"line":19,"column":49}},"11":{"start":{"line":20,"column":2},"end":{"line":20,"column":46}},"12":{"start":{"line":23,"column":29},"end":{"line":25,"column":1}},"13":{"start":{"line":24,"column":2},"end":{"line":24,"column":38}},"14":{"start":{"line":27,"column":34},"end":{"line":42,"column":1}},"15":{"start":{"line":29,"column":24},"end":{"line":29,"column":47}},"16":{"start":{"line":30,"column":16},"end":{"line":30,"column":36}},"17":{"start":{"line":31,"column":2},"end":{"line":41,"column":5}},"18":{"start":{"line":33,"column":4},"end":{"line":33,"column":82}},"19":{"start":{"line":33,"column":67},"end":{"line":33,"column":80}},"20":{"start":{"line":34,"column":4},"end":{"line":34,"column":82}},"21":{"start":{"line":34,"column":67},"end":{"line":34,"column":80}},"22":{"start":{"line":35,"column":4},"end":{"line":35,"column":98}},"23":{"start":{"line":35,"column":83},"end":{"line":35,"column":96}},"24":{"start":{"line":36,"column":4},"end":{"line":36,"column":78}},"25":{"start":{"line":36,"column":63},"end":{"line":36,"column":76}},"26":{"start":{"line":37,"column":4},"end":{"line":37,"column":91}},"27":{"start":{"line":37,"column":76},"end":{"line":37,"column":89}},"28":{"start":{"line":39,"column":4},"end":{"line":39,"column":16}}},"fnMap":{"0":{"name":"(anonymous_0)","decl":{"start":{"line":4,"column":29},"end":{"line":4,"column":30}},"loc":{"start":{"line":4,"column":38},"end":{"line":8,"column":1}},"line":4},"1":{"name":"(anonymous_1)","decl":{"start":{"line":10,"column":29},"end":{"line":10,"column":30}},"loc":{"start":{"line":10,"column":38},"end":{"line":12,"column":1}},"line":10},"2":{"name":"(anonymous_2)","decl":{"start":{"line":14,"column":32},"end":{"line":14,"column":33}},"loc":{"start":{"line":14,"column":41},"end":{"line":16,"column":1}},"line":14},"3":{"name":"(anonymous_3)","decl":{"start":{"line":18,"column":37},"end":{"line":18,"column":38}},"loc":{"start":{"line":18,"column":46},"end":{"line":21,"column":1}},"line":18},"4":{"name":"(anonymous_4)","decl":{"start":{"line":23,"column":29},"end":{"line":23,"column":30}},"loc":{"start":{"line":23,"column":38},"end":{"line":25,"column":1}},"line":23},"5":{"name":"(anonymous_5)","decl":{"start":{"line":27,"column":34},"end":{"line":27,"column":35}},"loc":{"start":{"line":27,"column":45},"end":{"line":42,"column":1}},"line":27},"6":{"name":"(anonymous_6)","decl":{"start":{"line":31,"column":22},"end":{"line":31,"column":23}},"loc":{"start":{"line":31,"column":32},"end":{"line":41,"column":3}},"line":31}},"branchMap":{"0":{"loc":{"start":{"line":6,"column":2},"end":{"line":6,"column":85}},"type":"if","locations":[{"start":{"line":6,"column":2},"end":{"line":6,"column":85}},{"start":{"line":6,"column":2},"end":{"line":6,"column":85}}],"line":6},"1":{"loc":{"start":{"line":33,"column":4},"end":{"line":33,"column":82}},"type":"if","locations":[{"start":{"line":33,"column":4},"end":{"line":33,"column":82}},{"start":{"line":33,"column":4},"end":{"line":33,"column":82}}],"line":33},"2":{"loc":{"start":{"line":33,"column":8},"end":{"line":33,"column":63}},"type":"binary-expr","locations":[{"start":{"line":33,"column":8},"end":{"line":33,"column":40}},{"start":{"line":33,"column":44},"end":{"line":33,"column":63}}],"line":33},"3":{"loc":{"start":{"line":34,"column":4},"end":{"line":34,"column":82}},"type":"if","locations":[{"start":{"line":34,"column":4},"end":{"line":34,"column":82}},{"start":{"line":34,"column":4},"end":{"line":34,"column":82}}],"line":34},"4":{"loc":{"start":{"line":34,"column":8},"end":{"line":34,"column":63}},"type":"binary-expr","locations":[{"start":{"line":34,"column":8},"end":{"line":34,"column":39}},{"start":{"line":34,"column":43},"end":{"line":34,"column":63}}],"line":34},"5":{"loc":{"start":{"line":35,"column":4},"end":{"line":35,"column":98}},"type":"if","locations":[{"start":{"line":35,"column":4},"end":{"line":35,"column":98}},{"start":{"line":35,"column":4},"end":{"line":35,"column":98}}],"line":35},"6":{"loc":{"start":{"line":35,"column":8},"end":{"line":35,"column":79}},"type":"binary-expr","locations":[{"start":{"line":35,"column":8},"end":{"line":35,"column":50}},{"start":{"line":35,"column":54},"end":{"line":35,"column":79}}],"line":35},"7":{"loc":{"start":{"line":36,"column":4},"end":{"line":36,"column":78}},"type":"if","locations":[{"start":{"line":36,"column":4},"end":{"line":36,"column":78}},{"start":{"line":36,"column":4},"end":{"line":36,"column":78}}],"line":36},"8":{"loc":{"start":{"line":36,"column":8},"end":{"line":36,"column":59}},"type":"binary-expr","locations":[{"start":{"line":36,"column":8},"end":{"line":36,"column":41}},{"start":{"line":36,"column":45},"end":{"line":36,"column":59}}],"line":36},"9":{"loc":{"start":{"line":37,"column":4},"end":{"line":37,"column":91}},"type":"if","locations":[{"start":{"line":37,"column":4},"end":{"line":37,"column":91}},{"start":{"line":37,"column":4},"end":{"line":37,"column":91}}],"line":37},"10":{"loc":{"start":{"line":37,"column":8},"end":{"line":37,"column":73}},"type":"binary-expr","locations":[{"start":{"line":37,"column":8},"end":{"line":37,"column":40}},{"start":{"line":37,"column":44},"end":{"line":37,"column":73}}],"line":37}},"s":{"0":8,"1":1,"2":1,"3":1,"4":0,"5":8,"6":9,"7":8,"8":1,"9":8,"10":1,"11":1,"12":8,"13":1,"14":8,"15":8,"16":8,"17":8,"18":36,"19":2,"20":34,"21":2,"22":32,"23":2,"24":30,"25":2,"26":28,"27":4,"28":24},"f":{"0":1,"1":9,"2":1,"3":1,"4":1,"5":8,"6":36},"b":{"0":[1,0],"1":[2,34],"2":[36,6],"3":[2,32],"4":[34,6],"5":[2,30],"6":[32,6],"7":[2,28],"8":[30,6],"9":[4,24],"10":[28,6]},"_coverageSchema":"332fd63041d2c1bcb487cc26dd0d5f7d97098a6c","hash":"62f3889104d87bf61a53fcd6c7216bdf5de5c166"}
,"C:\\Users\\nicolas.manzato\\webUI-bootcamp\\WebUI-project\\app\\store\\post\\mock\\postMock.js": {"path":"C:\\Users\\nicolas.manzato\\webUI-bootcamp\\WebUI-project\\app\\store\\post\\mock\\postMock.js","statementMap":{},"fnMap":{},"branchMap":{},"s":{},"f":{},"b":{},"_coverageSchema":"332fd63041d2c1bcb487cc26dd0d5f7d97098a6c","hash":"3261bebb219c9983946284d255eaa2ca1c4232e9"}
,"C:\\Users\\nicolas.manzato\\webUI-bootcamp\\WebUI-project\\app\\store\\post\\mock\\postMock2.js": {"path":"C:\\Users\\nicolas.manzato\\webUI-bootcamp\\WebUI-project\\app\\store\\post\\mock\\postMock2.js","statementMap":{},"fnMap":{},"branchMap":{},"s":{},"f":{},"b":{},"_coverageSchema":"332fd63041d2c1bcb487cc26dd0d5f7d97098a6c","hash":"16f25765dee43806eb56d033ccac5dbf076c3dad"}
,"C:\\Users\\nicolas.manzato\\webUI-bootcamp\\WebUI-project\\app\\store\\post\\mock\\postMock3.js": {"path":"C:\\Users\\nicolas.manzato\\webUI-bootcamp\\WebUI-project\\app\\store\\post\\mock\\postMock3.js","statementMap":{},"fnMap":{},"branchMap":{},"s":{},"f":{},"b":{},"_coverageSchema":"332fd63041d2c1bcb487cc26dd0d5f7d97098a6c","hash":"b1b268e734812b9befcfc685c44b749400549c9b"}
,"C:\\Users\\nicolas.manzato\\webUI-bootcamp\\WebUI-project\\app\\store\\trend\\trendActions.js": {"path":"C:\\Users\\nicolas.manzato\\webUI-bootcamp\\WebUI-project\\app\\store\\trend\\trendActions.js","statementMap":{"0":{"start":{"line":1,"column":35},"end":{"line":1,"column":56}},"1":{"start":{"line":2,"column":35},"end":{"line":2,"column":56}},"2":{"start":{"line":3,"column":35},"end":{"line":3,"column":56}},"3":{"start":{"line":4,"column":28},"end":{"line":4,"column":42}},"4":{"start":{"line":7,"column":2},"end":{"line":7,"column":38}},"5":{"start":{"line":11,"column":2},"end":{"line":11,"column":50}},"6":{"start":{"line":15,"column":2},"end":{"line":15,"column":53}},"7":{"start":{"line":19,"column":2},"end":{"line":19,"column":29}}},"fnMap":{"0":{"name":"requestTrendsLoad","decl":{"start":{"line":6,"column":16},"end":{"line":6,"column":33}},"loc":{"start":{"line":6,"column":36},"end":{"line":8,"column":1}},"line":6},"1":{"name":"successTrendsLoad","decl":{"start":{"line":10,"column":16},"end":{"line":10,"column":33}},"loc":{"start":{"line":10,"column":40},"end":{"line":12,"column":1}},"line":10},"2":{"name":"failureTrendsLoad","decl":{"start":{"line":14,"column":16},"end":{"line":14,"column":33}},"loc":{"start":{"line":14,"column":38},"end":{"line":16,"column":1}},"line":14},"3":{"name":"resetTrends","decl":{"start":{"line":18,"column":16},"end":{"line":18,"column":27}},"loc":{"start":{"line":18,"column":30},"end":{"line":20,"column":1}},"line":18}},"branchMap":{},"s":{"0":9,"1":9,"2":9,"3":9,"4":3,"5":3,"6":3,"7":2},"f":{"0":3,"1":3,"2":3,"3":2},"b":{},"_coverageSchema":"332fd63041d2c1bcb487cc26dd0d5f7d97098a6c","hash":"681e1f702f538009855c632a8085623a5b8e51ec"}
,"C:\\Users\\nicolas.manzato\\webUI-bootcamp\\WebUI-project\\app\\store\\trend\\trendReducer.js": {"path":"C:\\Users\\nicolas.manzato\\webUI-bootcamp\\WebUI-project\\app\\store\\trend\\trendReducer.js","statementMap":{"0":{"start":{"line":8,"column":24},"end":{"line":14,"column":1}},"1":{"start":{"line":16,"column":21},"end":{"line":33,"column":1}},"2":{"start":{"line":17,"column":2},"end":{"line":32,"column":5}},"3":{"start":{"line":19,"column":6},"end":{"line":19,"column":82}},"4":{"start":{"line":20,"column":6},"end":{"line":20,"column":19}},"5":{"start":{"line":22,"column":6},"end":{"line":22,"column":86}},"6":{"start":{"line":23,"column":6},"end":{"line":23,"column":19}},"7":{"start":{"line":25,"column":6},"end":{"line":25,"column":92}},"8":{"start":{"line":26,"column":6},"end":{"line":26,"column":19}},"9":{"start":{"line":28,"column":6},"end":{"line":28,"column":75}},"10":{"start":{"line":29,"column":6},"end":{"line":29,"column":19}},"11":{"start":{"line":31,"column":6},"end":{"line":31,"column":19}}},"fnMap":{"0":{"name":"(anonymous_0)","decl":{"start":{"line":16,"column":21},"end":{"line":16,"column":22}},"loc":{"start":{"line":16,"column":53},"end":{"line":33,"column":1}},"line":16}},"branchMap":{"0":{"loc":{"start":{"line":16,"column":22},"end":{"line":16,"column":40}},"type":"default-arg","locations":[{"start":{"line":16,"column":30},"end":{"line":16,"column":40}}],"line":16},"1":{"loc":{"start":{"line":17,"column":2},"end":{"line":32,"column":5}},"type":"switch","locations":[{"start":{"line":18,"column":4},"end":{"line":20,"column":19}},{"start":{"line":21,"column":4},"end":{"line":23,"column":19}},{"start":{"line":24,"column":4},"end":{"line":26,"column":19}},{"start":{"line":27,"column":4},"end":{"line":29,"column":19}},{"start":{"line":30,"column":4},"end":{"line":31,"column":19}}],"line":17}},"s":{"0":8,"1":8,"2":30,"3":2,"4":2,"5":1,"6":1,"7":1,"8":1,"9":1,"10":1,"11":25},"f":{"0":30},"b":{"0":[19],"1":[2,1,1,1,25]},"_coverageSchema":"332fd63041d2c1bcb487cc26dd0d5f7d97098a6c","hash":"ec84d610aa9f5e065384f1705c68af6360e57032"}
,"C:\\Users\\nicolas.manzato\\webUI-bootcamp\\WebUI-project\\app\\store\\trend\\trendSagas.js": {"path":"C:\\Users\\nicolas.manzato\\webUI-bootcamp\\WebUI-project\\app\\store\\trend\\trendSagas.js","statementMap":{"0":{"start":{"line":10,"column":24},"end":{"line":10,"column":43}},"1":{"start":{"line":14,"column":14},"end":{"line":14,"column":53}},"2":{"start":{"line":15,"column":2},"end":{"line":22,"column":3}},"3":{"start":{"line":16,"column":21},"end":{"line":16,"column":43}},"4":{"start":{"line":17,"column":17},"end":{"line":17,"column":47}},"5":{"start":{"line":18,"column":4},"end":{"line":18,"column":49}},"6":{"start":{"line":20,"column":4},"end":{"line":20,"column":37}},"7":{"start":{"line":21,"column":4},"end":{"line":21,"column":20}},"8":{"start":{"line":26,"column":2},"end":{"line":26,"column":52}},"9":{"start":{"line":30,"column":2},"end":{"line":32,"column":4}}},"fnMap":{"0":{"name":"loadTrends","decl":{"start":{"line":13,"column":17},"end":{"line":13,"column":27}},"loc":{"start":{"line":13,"column":29},"end":{"line":23,"column":1}},"line":13},"1":{"name":"watchLoadTrends","decl":{"start":{"line":25,"column":10},"end":{"line":25,"column":25}},"loc":{"start":{"line":25,"column":28},"end":{"line":27,"column":1}},"line":25},"2":{"name":"trendSagas","decl":{"start":{"line":29,"column":25},"end":{"line":29,"column":35}},"loc":{"start":{"line":29,"column":38},"end":{"line":33,"column":1}},"line":29}},"branchMap":{},"s":{"0":7,"1":3,"2":3,"3":3,"4":2,"5":1,"6":1,"7":0,"8":6,"9":6},"f":{"0":3,"1":6,"2":6},"b":{},"_coverageSchema":"332fd63041d2c1bcb487cc26dd0d5f7d97098a6c","hash":"1e947875a403bcc579947fa53b57ffb19bef70b9"}
,"C:\\Users\\nicolas.manzato\\webUI-bootcamp\\WebUI-project\\app\\store\\trend\\mock\\trendMock.js": {"path":"C:\\Users\\nicolas.manzato\\webUI-bootcamp\\WebUI-project\\app\\store\\trend\\mock\\trendMock.js","statementMap":{},"fnMap":{},"branchMap":{},"s":{},"f":{},"b":{},"_coverageSchema":"332fd63041d2c1bcb487cc26dd0d5f7d97098a6c","hash":"387b24a07f361503461a14c7412c92a87dcf1f25"}
,"C:\\Users\\nicolas.manzato\\webUI-bootcamp\\WebUI-project\\app\\store\\user\\userActions.js": {"path":"C:\\Users\\nicolas.manzato\\webUI-bootcamp\\WebUI-project\\app\\store\\user\\userActions.js","statementMap":{"0":{"start":{"line":1,"column":36},"end":{"line":1,"column":58}},"1":{"start":{"line":2,"column":36},"end":{"line":2,"column":58}},"2":{"start":{"line":3,"column":36},"end":{"line":3,"column":58}},"3":{"start":{"line":5,"column":34},"end":{"line":7,"column":1}},"4":{"start":{"line":6,"column":2},"end":{"line":6,"column":53}},"5":{"start":{"line":9,"column":34},"end":{"line":11,"column":1}},"6":{"start":{"line":10,"column":2},"end":{"line":10,"column":49}},"7":{"start":{"line":13,"column":34},"end":{"line":15,"column":1}},"8":{"start":{"line":14,"column":2},"end":{"line":14,"column":54}}},"fnMap":{"0":{"name":"(anonymous_0)","decl":{"start":{"line":5,"column":34},"end":{"line":5,"column":35}},"loc":{"start":{"line":5,"column":46},"end":{"line":7,"column":1}},"line":5},"1":{"name":"(anonymous_1)","decl":{"start":{"line":9,"column":34},"end":{"line":9,"column":35}},"loc":{"start":{"line":9,"column":44},"end":{"line":11,"column":1}},"line":9},"2":{"name":"(anonymous_2)","decl":{"start":{"line":13,"column":34},"end":{"line":13,"column":35}},"loc":{"start":{"line":13,"column":42},"end":{"line":15,"column":1}},"line":13}},"branchMap":{},"s":{"0":10,"1":10,"2":10,"3":10,"4":1,"5":10,"6":2,"7":10,"8":2},"f":{"0":1,"1":2,"2":2},"b":{},"_coverageSchema":"332fd63041d2c1bcb487cc26dd0d5f7d97098a6c","hash":"b8ed59d6aede80254707c36e044e19caa3e0bd2f"}
,"C:\\Users\\nicolas.manzato\\webUI-bootcamp\\WebUI-project\\app\\store\\user\\userReducer.js": {"path":"C:\\Users\\nicolas.manzato\\webUI-bootcamp\\WebUI-project\\app\\store\\user\\userReducer.js","statementMap":{"0":{"start":{"line":7,"column":23},"end":{"line":14,"column":1}},"1":{"start":{"line":16,"column":21},"end":{"line":30,"column":1}},"2":{"start":{"line":17,"column":2},"end":{"line":29,"column":3}},"3":{"start":{"line":19,"column":6},"end":{"line":19,"column":92}},"4":{"start":{"line":20,"column":6},"end":{"line":20,"column":19}},"5":{"start":{"line":22,"column":6},"end":{"line":22,"column":89}},"6":{"start":{"line":23,"column":6},"end":{"line":23,"column":19}},"7":{"start":{"line":25,"column":6},"end":{"line":25,"column":92}},"8":{"start":{"line":26,"column":6},"end":{"line":26,"column":19}},"9":{"start":{"line":28,"column":6},"end":{"line":28,"column":19}}},"fnMap":{"0":{"name":"(anonymous_0)","decl":{"start":{"line":16,"column":21},"end":{"line":16,"column":22}},"loc":{"start":{"line":16,"column":52},"end":{"line":30,"column":1}},"line":16}},"branchMap":{"0":{"loc":{"start":{"line":16,"column":22},"end":{"line":16,"column":39}},"type":"default-arg","locations":[{"start":{"line":16,"column":30},"end":{"line":16,"column":39}}],"line":16},"1":{"loc":{"start":{"line":17,"column":2},"end":{"line":29,"column":3}},"type":"switch","locations":[{"start":{"line":18,"column":4},"end":{"line":20,"column":19}},{"start":{"line":21,"column":4},"end":{"line":23,"column":19}},{"start":{"line":24,"column":4},"end":{"line":26,"column":19}},{"start":{"line":27,"column":4},"end":{"line":28,"column":19}}],"line":17}},"s":{"0":8,"1":8,"2":29,"3":1,"4":1,"5":1,"6":1,"7":1,"8":1,"9":26},"f":{"0":29},"b":{"0":[19],"1":[1,1,1,26]},"_coverageSchema":"332fd63041d2c1bcb487cc26dd0d5f7d97098a6c","hash":"dc3353a01a2760f90be05a10d8383bf8c53403fd"}
,"C:\\Users\\nicolas.manzato\\webUI-bootcamp\\WebUI-project\\app\\store\\user\\userSagas.js": {"path":"C:\\Users\\nicolas.manzato\\webUI-bootcamp\\WebUI-project\\app\\store\\user\\userSagas.js","statementMap":{"0":{"start":{"line":11,"column":24},"end":{"line":11,"column":43}},"1":{"start":{"line":14,"column":17},"end":{"line":14,"column":47}},"2":{"start":{"line":15,"column":14},"end":{"line":15,"column":52}},"3":{"start":{"line":16,"column":2},"end":{"line":23,"column":3}},"4":{"start":{"line":17,"column":21},"end":{"line":17,"column":43}},"5":{"start":{"line":18,"column":17},"end":{"line":18,"column":47}},"6":{"start":{"line":19,"column":4},"end":{"line":19,"column":40}},"7":{"start":{"line":21,"column":4},"end":{"line":21,"column":38}},"8":{"start":{"line":27,"column":2},"end":{"line":27,"column":58}},"9":{"start":{"line":31,"column":2},"end":{"line":33,"column":4}}},"fnMap":{"0":{"name":"loadUserProfile","decl":{"start":{"line":13,"column":17},"end":{"line":13,"column":32}},"loc":{"start":{"line":13,"column":34},"end":{"line":24,"column":1}},"line":13},"1":{"name":"watchUserProfile","decl":{"start":{"line":26,"column":10},"end":{"line":26,"column":26}},"loc":{"start":{"line":26,"column":29},"end":{"line":28,"column":1}},"line":26},"2":{"name":"userSagas","decl":{"start":{"line":30,"column":25},"end":{"line":30,"column":34}},"loc":{"start":{"line":30,"column":37},"end":{"line":34,"column":1}},"line":30}},"branchMap":{},"s":{"0":7,"1":2,"2":2,"3":2,"4":2,"5":1,"6":1,"7":1,"8":6,"9":6},"f":{"0":2,"1":6,"2":6},"b":{},"_coverageSchema":"332fd63041d2c1bcb487cc26dd0d5f7d97098a6c","hash":"e90f268f2ce00f7a1bfcaf0276cfb7be7b06b3f5"}
,"C:\\Users\\nicolas.manzato\\webUI-bootcamp\\WebUI-project\\app\\store\\user\\userSelector.js": {"path":"C:\\Users\\nicolas.manzato\\webUI-bootcamp\\WebUI-project\\app\\store\\user\\userSelector.js","statementMap":{"0":{"start":{"line":1,"column":32},"end":{"line":3,"column":1}},"1":{"start":{"line":2,"column":2},"end":{"line":2,"column":34}}},"fnMap":{"0":{"name":"(anonymous_0)","decl":{"start":{"line":1,"column":32},"end":{"line":1,"column":33}},"loc":{"start":{"line":1,"column":41},"end":{"line":3,"column":1}},"line":1}},"branchMap":{},"s":{"0":10,"1":1},"f":{"0":1},"b":{},"_coverageSchema":"332fd63041d2c1bcb487cc26dd0d5f7d97098a6c","hash":"46d02caec3a7557e480a6c89569adac467fcb339"}
,"C:\\Users\\nicolas.manzato\\webUI-bootcamp\\WebUI-project\\app\\store\\user\\mock\\userProfileMock.js": {"path":"C:\\Users\\nicolas.manzato\\webUI-bootcamp\\WebUI-project\\app\\store\\user\\mock\\userProfileMock.js","statementMap":{},"fnMap":{},"branchMap":{},"s":{},"f":{},"b":{},"_coverageSchema":"332fd63041d2c1bcb487cc26dd0d5f7d97098a6c","hash":"33f50a4258659fff6b663be51098e93a29e90b82"}
}
