TN:
SF:C:\Users\nicolas.manzato\webUI-bootcamp\WebUI-project\App.js
FN:10,(anonymous_0)
FNF:1
FNH:0
FNDA:0,(anonymous_0)
DA:11,0
LF:1
LH:0
BRF:0
BRH:0
end_of_record
TN:
SF:C:\Users\nicolas.manzato\webUI-bootcamp\WebUI-project\ReactotronConfig.js
FNF:0
FNH:0
DA:5,6
LF:1
LH:1
BRF:0
BRH:0
end_of_record
TN:
SF:C:\Users\nicolas.manzato\webUI-bootcamp\WebUI-project\jest.setup.js
FN:13,(anonymous_0)
FN:14,(anonymous_1)
FNF:2
FNH:0
FNDA:0,(anonymous_0)
FNDA:0,(anonymous_1)
DA:3,30
DA:5,30
DA:10,30
DA:16,30
DA:17,30
LF:5
LH:5
BRF:0
BRH:0
end_of_record
TN:
SF:C:\Users\nicolas.manzato\webUI-bootcamp\WebUI-project\app\store.js
FNF:0
FNH:0
DA:7,6
DA:10,6
DA:12,6
DA:14,6
LF:4
LH:4
BRF:0
BRH:0
end_of_record
TN:
SF:C:\Users\nicolas.manzato\webUI-bootcamp\WebUI-project\app\components\AppNavigator.js
FN:22,(anonymous_0)
FN:34,(anonymous_1)
FN:50,(anonymous_2)
FN:68,(anonymous_3)
FN:69,(anonymous_4)
FN:117,(anonymous_5)
FNF:6
FNH:0
FNDA:0,(anonymous_0)
FNDA:0,(anonymous_1)
FNDA:0,(anonymous_2)
FNDA:0,(anonymous_3)
FNDA:0,(anonymous_4)
FNDA:0,(anonymous_5)
DA:20,6
DA:22,0
DA:25,6
DA:34,6
DA:35,0
DA:36,0
DA:37,0
DA:39,0
DA:44,6
DA:50,6
DA:51,0
DA:52,0
DA:53,0
DA:56,0
DA:61,6
DA:68,0
DA:70,0
DA:72,0
DA:74,0
DA:75,0
DA:78,0
DA:79,0
DA:82,0
DA:85,0
DA:115,6
DA:117,6
DA:121,6
LF:27
LH:9
BRDA:36,0,0,0
BRDA:36,0,1,0
BRDA:52,1,0,0
BRDA:52,1,1,0
BRDA:72,2,0,0
BRDA:72,2,1,0
BRDA:72,2,2,0
BRDA:85,3,0,0
BRDA:85,3,1,0
BRDA:92,4,0,6
BRDA:92,4,1,0
BRDA:102,5,0,6
BRDA:102,5,1,0
BRF:13
BRH:2
end_of_record
TN:
SF:C:\Users\nicolas.manzato\webUI-bootcamp\WebUI-project\app\components\animation\fade.js
FN:6,(anonymous_0)
FN:13,(anonymous_1)
FN:17,(anonymous_2)
FN:21,(anonymous_3)
FN:30,(anonymous_4)
FN:37,(anonymous_5)
FNF:6
FNH:0
FNDA:0,(anonymous_0)
FNDA:0,(anonymous_1)
FNDA:0,(anonymous_2)
FNDA:0,(anonymous_3)
FNDA:0,(anonymous_4)
FNDA:0,(anonymous_5)
DA:7,0
DA:9,0
DA:10,0
DA:14,0
DA:18,0
DA:22,0
DA:23,0
DA:31,0
DA:32,0
DA:33,0
DA:39,0
DA:40,0
DA:51,0
DA:53,0
LF:14
LH:0
BRDA:14,0,0,0
BRDA:14,0,1,0
BRDA:18,1,0,0
BRDA:18,1,1,0
BRDA:25,2,0,0
BRDA:25,2,1,0
BRDA:31,3,0,0
BRDA:31,3,1,0
BRDA:32,4,0,0
BRDA:32,4,1,0
BRF:10
BRH:0
end_of_record
TN:
SF:C:\Users\nicolas.manzato\webUI-bootcamp\WebUI-project\app\components\configuration\ConfigItem.js
FN:7,(anonymous_0)
FN:17,(anonymous_1)
FN:25,(anonymous_2)
FNF:3
FNH:2
FNDA:1,(anonymous_0)
FNDA:0,(anonymous_1)
FNDA:1,(anonymous_2)
DA:8,1
DA:10,1
DA:14,1
DA:18,0
DA:22,0
DA:26,1
DA:45,8
LF:7
LH:5
BRF:0
BRH:0
end_of_record
TN:
SF:C:\Users\nicolas.manzato\webUI-bootcamp\WebUI-project\app\components\configuration\ConfigList.js
FN:9,(anonymous_0)
FNF:1
FNH:1
FNDA:1,(anonymous_0)
DA:9,7
DA:11,1
DA:30,7
LF:3
LH:3
BRF:0
BRH:0
end_of_record
TN:
SF:C:\Users\nicolas.manzato\webUI-bootcamp\WebUI-project\app\components\post\post.js
FN:15,(anonymous_0)
FN:19,(anonymous_1)
FN:22,(anonymous_2)
FN:34,(anonymous_3)
FN:38,(anonymous_4)
FNF:5
FNH:4
FNDA:4,(anonymous_0)
FNDA:4,(anonymous_1)
FNDA:1,(anonymous_2)
FNDA:0,(anonymous_3)
FNDA:4,(anonymous_4)
DA:16,4
DA:21,4
DA:22,1
DA:23,1
DA:35,0
DA:39,4
DA:90,10
LF:7
LH:6
BRDA:21,0,0,1
BRDA:21,0,1,3
BRDA:40,1,0,0
BRDA:40,1,1,4
BRDA:56,2,0,4
BRDA:56,2,1,3
BRF:6
BRH:5
end_of_record
TN:
SF:C:\Users\nicolas.manzato\webUI-bootcamp\WebUI-project\app\components\post\postDetail.js
FN:13,(anonymous_0)
FN:19,(anonymous_1)
FN:95,(anonymous_2)
FNF:3
FNH:3
FNDA:1,(anonymous_0)
FNDA:1,(anonymous_1)
FNDA:1,(anonymous_2)
DA:13,7
DA:15,1
DA:18,1
DA:19,1
DA:20,1
DA:31,1
DA:33,1
DA:95,7
DA:97,1
DA:105,7
LF:10
LH:10
BRDA:18,0,0,1
BRDA:18,0,1,0
BRDA:46,1,0,1
BRDA:46,1,1,0
BRF:4
BRH:2
end_of_record
TN:
SF:C:\Users\nicolas.manzato\webUI-bootcamp\WebUI-project\app\components\post\postList.js
FN:13,(anonymous_0)
FN:15,(anonymous_1)
FN:19,(anonymous_2)
FN:33,(anonymous_3)
FNF:4
FNH:3
FNDA:3,(anonymous_0)
FNDA:0,(anonymous_1)
FNDA:6,(anonymous_2)
FNDA:6,(anonymous_3)
DA:13,8
DA:15,3
DA:16,0
DA:19,3
DA:20,6
DA:25,3
DA:33,6
LF:7
LH:6
BRF:0
BRH:0
end_of_record
TN:
SF:C:\Users\nicolas.manzato\webUI-bootcamp\WebUI-project\app\components\post\postListElement.js
FN:15,(anonymous_0)
FN:20,(anonymous_1)
FN:24,(anonymous_2)
FNF:3
FNH:2
FNDA:4,(anonymous_0)
FNDA:0,(anonymous_1)
FNDA:7,(anonymous_2)
DA:16,4
DA:17,4
DA:21,0
DA:25,7
DA:26,7
LF:5
LH:4
BRF:0
BRH:0
end_of_record
TN:
SF:C:\Users\nicolas.manzato\webUI-bootcamp\WebUI-project\app\components\search\searchForm.js
FN:13,(anonymous_0)
FN:22,(anonymous_1)
FN:36,(anonymous_2)
FN:43,(anonymous_3)
FN:63,(anonymous_4)
FNF:5
FNH:2
FNDA:1,(anonymous_0)
FNDA:0,(anonymous_1)
FNDA:0,(anonymous_2)
FNDA:1,(anonymous_3)
FNDA:0,(anonymous_4)
DA:10,7
DA:14,1
DA:16,1
DA:19,1
DA:23,0
DA:24,0
DA:25,0
DA:26,0
DA:27,0
DA:37,0
DA:38,0
DA:45,1
DA:56,1
DA:63,0
DA:82,7
LF:15
LH:7
BRDA:23,0,0,0
BRDA:23,0,1,0
BRDA:25,1,0,0
BRDA:25,1,1,0
BRDA:66,2,0,1
BRDA:66,2,1,1
BRF:6
BRH:2
end_of_record
TN:
SF:C:\Users\nicolas.manzato\webUI-bootcamp\WebUI-project\app\components\timeline\timeline.js
FN:17,(anonymous_0)
FN:23,(anonymous_1)
FN:27,(anonymous_2)
FNF:3
FNH:2
FNDA:1,(anonymous_0)
FNDA:0,(anonymous_1)
FNDA:1,(anonymous_2)
DA:18,1
DA:20,1
DA:24,0
DA:28,1
DA:29,0
DA:35,1
DA:52,7
LF:7
LH:5
BRDA:28,0,0,0
BRDA:28,0,1,1
BRF:2
BRH:1
end_of_record
TN:
SF:C:\Users\nicolas.manzato\webUI-bootcamp\WebUI-project\app\components\trends\trendList.js
FN:14,(anonymous_0)
FN:19,(anonymous_1)
FN:25,(anonymous_2)
FNF:3
FNH:2
FNDA:1,(anonymous_0)
FNDA:3,(anonymous_1)
FNDA:0,(anonymous_2)
DA:16,1
DA:18,1
DA:19,1
DA:20,3
DA:22,3
DA:25,0
DA:41,1
DA:51,8
LF:8
LH:7
BRDA:18,0,0,1
BRDA:18,0,1,0
BRDA:20,1,0,3
BRDA:20,1,1,0
BRF:4
BRH:2
end_of_record
TN:
SF:C:\Users\nicolas.manzato\webUI-bootcamp\WebUI-project\app\components\trends\trends.js
FN:16,(anonymous_0)
FNF:1
FNH:1
FNDA:1,(anonymous_0)
DA:17,1
DA:32,7
LF:2
LH:2
BRF:0
BRH:0
end_of_record
TN:
SF:C:\Users\nicolas.manzato\webUI-bootcamp\WebUI-project\app\components\user\userProfile.js
FN:12,(anonymous_0)
FNF:1
FNH:1
FNDA:3,(anonymous_0)
DA:12,7
DA:13,3
DA:34,7
LF:3
LH:3
BRF:0
BRH:0
end_of_record
TN:
SF:C:\Users\nicolas.manzato\webUI-bootcamp\WebUI-project\app\config\routes.js
FNF:0
FNH:0
DA:7,6
DA:13,6
LF:2
LH:2
BRF:0
BRH:0
end_of_record
TN:
SF:C:\Users\nicolas.manzato\webUI-bootcamp\WebUI-project\app\screens\ConfigScreen.js
FN:17,(anonymous_0)
FN:50,mapStateToProps
FN:61,(anonymous_2)
FN:62,(anonymous_3)
FN:63,(anonymous_4)
FN:64,(anonymous_5)
FN:65,(anonymous_6)
FNF:7
FNH:0
FNDA:0,(anonymous_0)
FNDA:0,mapStateToProps
FNDA:0,(anonymous_2)
FNDA:0,(anonymous_3)
FNDA:0,(anonymous_4)
FNDA:0,(anonymous_5)
FNDA:0,(anonymous_6)
DA:17,6
DA:18,0
DA:35,6
DA:39,6
DA:43,6
DA:51,0
DA:60,6
DA:61,0
DA:62,0
DA:63,0
DA:64,0
DA:65,0
LF:12
LH:5
BRF:0
BRH:0
end_of_record
TN:
SF:C:\Users\nicolas.manzato\webUI-bootcamp\WebUI-project\app\screens\HomeScreen.js
FN:10,(anonymous_0)
FN:40,mapStateToProps
FN:49,(anonymous_2)
FN:50,(anonymous_3)
FNF:4
FNH:0
FNDA:0,(anonymous_0)
FNDA:0,mapStateToProps
FNDA:0,(anonymous_2)
FNDA:0,(anonymous_3)
DA:10,6
DA:11,0
DA:25,6
DA:29,6
DA:33,6
DA:41,0
DA:48,6
DA:49,0
DA:50,0
LF:9
LH:5
BRF:0
BRH:0
end_of_record
TN:
SF:C:\Users\nicolas.manzato\webUI-bootcamp\WebUI-project\app\screens\PostScreen.js
FN:26,(anonymous_0)
FN:34,(anonymous_1)
FN:38,(anonymous_2)
FN:55,mapStateToProps
FN:63,(anonymous_4)
FNF:5
FNH:0
FNDA:0,(anonymous_0)
FNDA:0,(anonymous_1)
FNDA:0,(anonymous_2)
FNDA:0,mapStateToProps
FNDA:0,(anonymous_4)
DA:27,0
DA:29,0
DA:35,0
DA:39,0
DA:56,0
DA:62,7
DA:63,0
DA:68,7
LF:8
LH:2
BRDA:41,0,0,0
BRDA:41,0,1,0
BRDA:46,1,0,0
BRDA:46,1,1,0
BRF:4
BRH:0
end_of_record
TN:
SF:C:\Users\nicolas.manzato\webUI-bootcamp\WebUI-project\app\screens\SearchScreen.js
FN:21,(anonymous_0)
FN:32,(anonymous_1)
FN:36,(anonymous_2)
FN:42,(anonymous_3)
FN:49,(anonymous_4)
FN:56,(anonymous_5)
FN:62,(anonymous_6)
FN:69,(anonymous_7)
FN:74,(anonymous_8)
FN:80,(anonymous_9)
FN:86,(anonymous_10)
FN:96,(anonymous_11)
FN:107,(anonymous_12)
FN:148,(anonymous_13)
FN:162,(anonymous_14)
FN:163,(anonymous_15)
FN:164,(anonymous_16)
FN:165,(anonymous_17)
FN:166,(anonymous_18)
FNF:19
FNH:0
FNDA:0,(anonymous_0)
FNDA:0,(anonymous_1)
FNDA:0,(anonymous_2)
FNDA:0,(anonymous_3)
FNDA:0,(anonymous_4)
FNDA:0,(anonymous_5)
FNDA:0,(anonymous_6)
FNDA:0,(anonymous_7)
FNDA:0,(anonymous_8)
FNDA:0,(anonymous_9)
FNDA:0,(anonymous_10)
FNDA:0,(anonymous_11)
FNDA:0,(anonymous_12)
FNDA:0,(anonymous_13)
FNDA:0,(anonymous_14)
FNDA:0,(anonymous_15)
FNDA:0,(anonymous_16)
FNDA:0,(anonymous_17)
FNDA:0,(anonymous_18)
DA:22,0
DA:24,0
DA:33,0
DA:37,0
DA:43,0
DA:44,0
DA:45,0
DA:50,0
DA:51,0
DA:52,0
DA:53,0
DA:57,0
DA:58,0
DA:63,0
DA:64,0
DA:65,0
DA:70,0
DA:71,0
DA:75,0
DA:81,0
DA:88,0
DA:96,0
DA:107,0
DA:135,6
DA:148,6
DA:149,0
DA:161,6
DA:162,0
DA:163,0
DA:164,0
DA:165,0
DA:166,0
LF:32
LH:3
BRDA:43,0,0,0
BRDA:43,0,1,0
BRDA:57,1,0,0
BRDA:57,1,1,0
BRDA:63,2,0,0
BRDA:63,2,1,0
BRDA:97,3,0,0
BRDA:97,3,1,0
BRDA:97,3,2,0
BRDA:102,4,0,0
BRDA:102,4,1,0
BRDA:102,4,2,0
BRDA:104,5,0,0
BRDA:104,5,1,0
BRDA:113,6,0,0
BRDA:113,6,1,0
BRDA:115,7,0,0
BRDA:115,7,1,0
BRF:18
BRH:0
end_of_record
TN:
SF:C:\Users\nicolas.manzato\webUI-bootcamp\WebUI-project\app\screens\UserProfileScreen.js
FN:21,(anonymous_0)
FN:29,(anonymous_1)
FN:38,(anonymous_2)
FN:55,(anonymous_3)
FN:56,(anonymous_4)
FN:67,mapStateToProps
FN:78,(anonymous_6)
FNF:7
FNH:3
FNDA:1,(anonymous_0)
FNDA:1,(anonymous_1)
FNDA:2,(anonymous_2)
FNDA:0,(anonymous_3)
FNDA:0,(anonymous_4)
FNDA:0,mapStateToProps
FNDA:0,(anonymous_6)
DA:22,1
DA:24,1
DA:30,1
DA:31,1
DA:35,1
DA:39,2
DA:68,0
DA:77,6
DA:78,0
DA:83,6
LF:10
LH:8
BRDA:41,0,0,2
BRDA:41,0,1,2
BRDA:41,0,2,0
BRDA:46,1,0,2
BRDA:46,1,1,2
BRDA:46,1,2,2
BRF:6
BRH:5
end_of_record
TN:
SF:C:\Users\nicolas.manzato\webUI-bootcamp\WebUI-project\app\store\appReducer.js
FNF:0
FNH:0
DA:10,6
LF:1
LH:1
BRF:0
BRH:0
end_of_record
TN:
SF:C:\Users\nicolas.manzato\webUI-bootcamp\WebUI-project\app\store\appSagas.js
FN:8,appSagas
FNF:1
FNH:1
FNDA:6,appSagas
DA:9,6
LF:1
LH:1
BRF:0
BRH:0
end_of_record
TN:
SF:C:\Users\nicolas.manzato\webUI-bootcamp\WebUI-project\app\store\configuration\configurationActions.js
FN:7,configToggleVerifiedOnly
FN:11,configToggleDoNotFollow
FN:15,configToggleHaveDefaultInformation
FN:19,configToggleContainsLink
FN:23,configToggleTextTruncated
FNF:5
FNH:5
FNDA:2,configToggleVerifiedOnly
FNDA:2,configToggleDoNotFollow
FNDA:2,configToggleHaveDefaultInformation
FNDA:2,configToggleContainsLink
FNDA:2,configToggleTextTruncated
DA:1,10
DA:2,10
DA:3,10
DA:4,10
DA:5,10
DA:8,2
DA:12,2
DA:16,2
DA:20,2
DA:24,2
LF:10
LH:10
BRF:0
BRH:0
end_of_record
TN:
SF:C:\Users\nicolas.manzato\webUI-bootcamp\WebUI-project\app\store\configuration\configurationReducer.js
FN:19,(anonymous_0)
FNF:1
FNH:1
FNDA:24,(anonymous_0)
DA:11,9
DA:19,9
DA:20,24
DA:22,1
DA:23,1
DA:25,1
DA:26,1
DA:28,1
DA:29,1
DA:31,1
DA:32,1
DA:34,1
DA:35,1
DA:37,19
LF:14
LH:14
BRDA:19,0,0,19
BRDA:20,1,0,1
BRDA:20,1,1,1
BRDA:20,1,2,1
BRDA:20,1,3,1
BRDA:20,1,4,1
BRDA:20,1,5,19
BRF:7
BRH:7
end_of_record
TN:
SF:C:\Users\nicolas.manzato\webUI-bootcamp\WebUI-project\app\store\configuration\configurationSelector.js
FN:1,(anonymous_0)
FNF:1
FNH:1
FNDA:7,(anonymous_0)
DA:1,9
DA:2,7
LF:2
LH:2
BRF:0
BRH:0
end_of_record
TN:
SF:C:\Users\nicolas.manzato\webUI-bootcamp\WebUI-project\app\store\navigation\navReducer.js
FN:12,(anonymous_0)
FNF:1
FNH:1
FNDA:18,(anonymous_0)
DA:6,6
DA:7,6
DA:8,6
DA:12,6
DA:14,18
DA:16,0
DA:20,0
DA:22,0
DA:26,0
DA:28,0
DA:32,0
DA:34,18
DA:35,18
DA:39,18
LF:14
LH:8
BRDA:12,0,0,18
BRDA:14,1,0,0
BRDA:14,1,1,0
BRDA:14,1,2,0
BRDA:14,1,3,18
BRDA:39,2,0,18
BRDA:39,2,1,0
BRF:7
BRH:3
end_of_record
TN:
SF:C:\Users\nicolas.manzato\webUI-bootcamp\WebUI-project\app\store\post\postActions.js
FN:27,(anonymous_0)
FN:30,(anonymous_1)
FN:33,(anonymous_2)
FN:39,(anonymous_3)
FN:42,(anonymous_4)
FN:45,(anonymous_5)
FN:51,(anonymous_6)
FN:54,(anonymous_7)
FN:57,(anonymous_8)
FN:63,(anonymous_9)
FN:66,(anonymous_10)
FN:69,(anonymous_11)
FN:75,(anonymous_12)
FN:81,(anonymous_13)
FN:85,(anonymous_14)
FN:89,(anonymous_15)
FN:95,(anonymous_16)
FN:99,(anonymous_17)
FN:103,(anonymous_18)
FNF:19
FNH:19
FNDA:1,(anonymous_0)
FNDA:2,(anonymous_1)
FNDA:1,(anonymous_2)
FNDA:1,(anonymous_3)
FNDA:2,(anonymous_4)
FNDA:1,(anonymous_5)
FNDA:1,(anonymous_6)
FNDA:2,(anonymous_7)
FNDA:1,(anonymous_8)
FNDA:1,(anonymous_9)
FNDA:2,(anonymous_10)
FNDA:1,(anonymous_11)
FNDA:1,(anonymous_12)
FNDA:1,(anonymous_13)
FNDA:2,(anonymous_14)
FNDA:1,(anonymous_15)
FNDA:1,(anonymous_16)
FNDA:2,(anonymous_17)
FNDA:1,(anonymous_18)
DA:1,10
DA:2,10
DA:3,10
DA:5,10
DA:6,10
DA:7,10
DA:9,10
DA:10,10
DA:11,10
DA:13,10
DA:14,10
DA:15,10
DA:17,10
DA:19,10
DA:20,10
DA:21,10
DA:23,10
DA:24,10
DA:25,10
DA:27,10
DA:28,1
DA:30,10
DA:31,2
DA:33,10
DA:34,1
DA:39,10
DA:40,1
DA:42,10
DA:43,2
DA:45,10
DA:46,1
DA:51,10
DA:52,1
DA:54,10
DA:55,2
DA:57,10
DA:58,1
DA:63,10
DA:64,1
DA:66,10
DA:67,2
DA:69,10
DA:70,1
DA:75,10
DA:76,1
DA:81,10
DA:82,1
DA:85,10
DA:86,2
DA:89,10
DA:90,1
DA:95,10
DA:96,1
DA:99,10
DA:100,2
DA:103,10
DA:104,1
LF:57
LH:57
BRF:0
BRH:0
end_of_record
TN:
SF:C:\Users\nicolas.manzato\webUI-bootcamp\WebUI-project\app\store\post\postReducer.js
FN:46,(anonymous_0)
FNF:1
FNH:1
FNDA:38,(anonymous_0)
DA:23,8
DA:46,8
DA:47,38
DA:50,1
DA:51,1
DA:53,1
DA:54,1
DA:56,0
DA:57,0
DA:60,1
DA:61,1
DA:63,1
DA:64,1
DA:66,2
DA:67,2
DA:70,1
DA:71,1
DA:73,1
DA:74,1
DA:76,1
DA:77,1
DA:80,1
DA:81,1
DA:83,1
DA:84,1
DA:86,1
DA:87,1
DA:90,1
DA:91,1
DA:94,1
DA:95,1
DA:97,1
DA:98,1
DA:100,1
DA:101,1
DA:104,1
DA:105,1
DA:107,1
DA:108,1
DA:110,1
DA:111,1
DA:114,19
LF:42
LH:40
BRDA:46,0,0,19
BRDA:47,1,0,1
BRDA:47,1,1,1
BRDA:47,1,2,0
BRDA:47,1,3,1
BRDA:47,1,4,1
BRDA:47,1,5,2
BRDA:47,1,6,1
BRDA:47,1,7,1
BRDA:47,1,8,1
BRDA:47,1,9,1
BRDA:47,1,10,1
BRDA:47,1,11,1
BRDA:47,1,12,1
BRDA:47,1,13,1
BRDA:47,1,14,1
BRDA:47,1,15,1
BRDA:47,1,16,1
BRDA:47,1,17,1
BRDA:47,1,18,1
BRDA:47,1,19,19
BRF:21
BRH:20
end_of_record
TN:
SF:C:\Users\nicolas.manzato\webUI-bootcamp\WebUI-project\app\store\post\postSagas.js
FN:39,loadTimeline
FN:53,watchLoadTimeline
FN:57,infiniteScrollTimeline
FN:71,watchInfiniteScrollTimeline
FN:75,searchForPost
FN:89,watchSearchForPost
FN:93,searchMorePost
FN:108,watchSearchMorePost
FN:112,showPost
FN:125,watchShowPost
FN:129,loadUserProfileTimeline
FN:142,watchLoadUserProfileTimeline
FN:146,onUserProfileLoaded
FN:150,watchUserProfileLoaded
FN:154,postSagas
FN:166,(anonymous_15)
FNF:16
FNH:15
FNDA:1,loadTimeline
FNDA:6,watchLoadTimeline
FNDA:1,infiniteScrollTimeline
FNDA:6,watchInfiniteScrollTimeline
FNDA:1,searchForPost
FNDA:6,watchSearchForPost
FNDA:1,searchMorePost
FNDA:6,watchSearchMorePost
FNDA:1,showPost
FNDA:6,watchShowPost
FNDA:1,loadUserProfileTimeline
FNDA:6,watchLoadUserProfileTimeline
FNDA:0,onUserProfileLoaded
FNDA:6,watchUserProfileLoaded
FNDA:6,postSagas
FNDA:2,(anonymous_15)
DA:35,7
DA:36,7
DA:37,7
DA:41,1
DA:43,1
DA:44,1
DA:45,1
DA:46,1
DA:48,0
DA:49,0
DA:54,6
DA:58,1
DA:60,1
DA:61,1
DA:62,1
DA:63,1
DA:64,1
DA:66,0
DA:67,0
DA:72,6
DA:76,1
DA:78,1
DA:79,1
DA:80,1
DA:81,1
DA:82,1
DA:84,0
DA:85,0
DA:90,6
DA:94,1
DA:95,1
DA:96,1
DA:97,1
DA:99,1
DA:100,1
DA:101,1
DA:103,0
DA:104,0
DA:109,6
DA:113,1
DA:114,1
DA:115,1
DA:116,1
DA:117,1
DA:118,1
DA:120,0
DA:121,0
DA:126,6
DA:130,1
DA:131,1
DA:132,1
DA:133,1
DA:134,1
DA:135,1
DA:137,0
DA:138,0
DA:143,6
DA:147,0
DA:151,6
DA:155,6
DA:166,7
DA:167,2
LF:62
LH:49
BRF:0
BRH:0
end_of_record
TN:
SF:C:\Users\nicolas.manzato\webUI-bootcamp\WebUI-project\app\store\post\postSelector.js
FN:4,(anonymous_0)
FN:9,(anonymous_1)
FN:13,(anonymous_2)
FN:17,(anonymous_3)
FN:22,(anonymous_4)
FN:26,(anonymous_5)
FN:30,(anonymous_6)
FNF:7
FNH:7
FNDA:1,(anonymous_0)
FNDA:7,(anonymous_1)
FNDA:1,(anonymous_2)
FNDA:1,(anonymous_3)
FNDA:1,(anonymous_4)
FNDA:6,(anonymous_5)
FNDA:36,(anonymous_6)
DA:4,8
DA:5,1
DA:6,1
DA:9,8
DA:10,7
DA:13,8
DA:14,1
DA:17,8
DA:18,1
DA:19,1
DA:22,8
DA:23,1
DA:26,8
DA:28,6
DA:29,6
DA:30,6
DA:32,36
DA:33,34
DA:34,32
DA:35,30
DA:36,28
DA:38,24
LF:22
LH:22
BRDA:32,0,0,2
BRDA:32,0,1,34
BRDA:32,1,0,36
BRDA:32,1,1,6
BRDA:33,2,0,2
BRDA:33,2,1,32
BRDA:33,3,0,34
BRDA:33,3,1,6
BRDA:34,4,0,2
BRDA:34,4,1,30
BRDA:34,5,0,32
BRDA:34,5,1,6
BRDA:35,6,0,2
BRDA:35,6,1,28
BRDA:35,7,0,30
BRDA:35,7,1,6
BRDA:36,8,0,4
BRDA:36,8,1,24
BRDA:36,9,0,28
BRDA:36,9,1,6
BRF:20
BRH:20
end_of_record
TN:
SF:C:\Users\nicolas.manzato\webUI-bootcamp\WebUI-project\app\store\post\mock\postMock.js
FNF:0
FNH:0
LF:0
LH:0
BRF:0
BRH:0
end_of_record
TN:
SF:C:\Users\nicolas.manzato\webUI-bootcamp\WebUI-project\app\store\post\mock\postMock2.js
FNF:0
FNH:0
LF:0
LH:0
BRF:0
BRH:0
end_of_record
TN:
SF:C:\Users\nicolas.manzato\webUI-bootcamp\WebUI-project\app\store\post\mock\postMock3.js
FNF:0
FNH:0
LF:0
LH:0
BRF:0
BRH:0
end_of_record
TN:
SF:C:\Users\nicolas.manzato\webUI-bootcamp\WebUI-project\app\store\trend\trendActions.js
FN:6,requestTrendsLoad
FN:10,successTrendsLoad
FN:14,failureTrendsLoad
FN:18,resetTrends
FNF:4
FNH:4
FNDA:2,requestTrendsLoad
FNDA:3,successTrendsLoad
FNDA:2,failureTrendsLoad
FNDA:2,resetTrends
DA:1,9
DA:2,9
DA:3,9
DA:4,9
DA:7,2
DA:11,3
DA:15,2
DA:19,2
LF:8
LH:8
BRF:0
BRH:0
end_of_record
TN:
SF:C:\Users\nicolas.manzato\webUI-bootcamp\WebUI-project\app\store\trend\trendReducer.js
FN:16,(anonymous_0)
FNF:1
FNH:1
FNDA:23,(anonymous_0)
DA:8,8
DA:16,8
DA:17,23
DA:19,1
DA:20,1
DA:22,1
DA:23,1
DA:25,1
DA:26,1
DA:28,1
DA:29,1
DA:31,19
LF:12
LH:12
BRDA:16,0,0,19
BRDA:17,1,0,1
BRDA:17,1,1,1
BRDA:17,1,2,1
BRDA:17,1,3,1
BRDA:17,1,4,19
BRF:6
BRH:6
end_of_record
TN:
SF:C:\Users\nicolas.manzato\webUI-bootcamp\WebUI-project\app\store\trend\trendSagas.js
FN:13,loadTrends
FN:25,watchLoadTrends
FN:29,trendSagas
FNF:3
FNH:3
FNDA:1,loadTrends
FNDA:6,watchLoadTrends
FNDA:6,trendSagas
DA:10,7
DA:14,1
DA:15,1
DA:16,1
DA:17,1
DA:18,1
DA:20,0
DA:21,0
DA:26,6
DA:30,6
LF:10
LH:8
BRF:0
BRH:0
end_of_record
TN:
SF:C:\Users\nicolas.manzato\webUI-bootcamp\WebUI-project\app\store\trend\mock\trendMock.js
FNF:0
FNH:0
LF:0
LH:0
BRF:0
BRH:0
end_of_record
TN:
SF:C:\Users\nicolas.manzato\webUI-bootcamp\WebUI-project\app\store\user\userActions.js
FN:5,(anonymous_0)
FN:9,(anonymous_1)
FN:13,(anonymous_2)
FNF:3
FNH:3
FNDA:1,(anonymous_0)
FNDA:2,(anonymous_1)
FNDA:1,(anonymous_2)
DA:1,10
DA:2,10
DA:3,10
DA:5,10
DA:6,1
DA:9,10
DA:10,2
DA:13,10
DA:14,1
LF:9
LH:9
BRF:0
BRH:0
end_of_record
TN:
SF:C:\Users\nicolas.manzato\webUI-bootcamp\WebUI-project\app\store\user\userReducer.js
FN:16,(anonymous_0)
FNF:1
FNH:1
FNDA:22,(anonymous_0)
DA:7,8
DA:16,8
DA:17,22
DA:19,1
DA:20,1
DA:22,1
DA:23,1
DA:25,1
DA:26,1
DA:28,19
LF:10
LH:10
BRDA:16,0,0,19
BRDA:17,1,0,1
BRDA:17,1,1,1
BRDA:17,1,2,1
BRDA:17,1,3,19
BRF:5
BRH:5
end_of_record
TN:
SF:C:\Users\nicolas.manzato\webUI-bootcamp\WebUI-project\app\store\user\userSagas.js
FN:13,loadUserProfile
FN:26,watchUserProfile
FN:30,userSagas
FNF:3
FNH:3
FNDA:1,loadUserProfile
FNDA:6,watchUserProfile
FNDA:6,userSagas
DA:11,7
DA:14,1
DA:15,1
DA:16,1
DA:17,1
DA:18,1
DA:19,1
DA:21,0
DA:27,6
DA:31,6
LF:10
LH:9
BRF:0
BRH:0
end_of_record
TN:
SF:C:\Users\nicolas.manzato\webUI-bootcamp\WebUI-project\app\store\user\userSelector.js
FN:1,(anonymous_0)
FNF:1
FNH:1
FNDA:1,(anonymous_0)
DA:1,10
DA:2,1
LF:2
LH:2
BRF:0
BRH:0
end_of_record
TN:
SF:C:\Users\nicolas.manzato\webUI-bootcamp\WebUI-project\app\store\user\mock\userProfileMock.js
FNF:0
FNH:0
LF:0
LH:0
BRF:0
BRH:0
end_of_record
