TN:
SF:C:\Users\nicolas.manzato\webUI-bootcamp\WebUI-project\App.js
FN:10,(anonymous_0)
FNF:1
FNH:0
FNDA:0,(anonymous_0)
DA:11,0
LF:1
LH:0
BRF:0
BRH:0
end_of_record
TN:
SF:C:\Users\nicolas.manzato\webUI-bootcamp\WebUI-project\ReactotronConfig.js
FNF:0
FNH:0
DA:5,6
LF:1
LH:1
BRF:0
BRH:0
end_of_record
TN:
SF:C:\Users\nicolas.manzato\webUI-bootcamp\WebUI-project\jest.setup.js
FN:18,(anonymous_0)
FN:19,(anonymous_1)
FNF:2
FNH:2
FNDA:2,(anonymous_0)
FNDA:2,(anonymous_1)
DA:3,31
DA:5,31
DA:10,31
DA:15,31
DA:21,31
DA:22,31
LF:6
LH:6
BRF:0
BRH:0
end_of_record
TN:
SF:C:\Users\nicolas.manzato\webUI-bootcamp\WebUI-project\setup-tests.js
FN:14,copyProps
FN:40,(anonymous_1)
FNF:2
FNH:2
FNDA:31,copyProps
FNDA:691,(anonymous_1)
DA:9,31
DA:11,31
DA:12,31
DA:15,31
DA:21,31
DA:22,31
DA:23,31
DA:26,31
DA:32,31
DA:39,31
DA:40,31
DA:41,691
DA:42,691
DA:45,0
LF:14
LH:13
BRDA:41,0,0,691
BRDA:41,0,1,0
BRF:2
BRH:1
end_of_record
TN:
SF:C:\Users\nicolas.manzato\webUI-bootcamp\WebUI-project\app\store.js
FNF:0
FNH:0
DA:7,6
DA:10,6
DA:12,6
DA:14,6
LF:4
LH:4
BRF:0
BRH:0
end_of_record
TN:
SF:C:\Users\nicolas.manzato\webUI-bootcamp\WebUI-project\app\components\AppNavigator.js
FN:22,(anonymous_0)
FN:34,(anonymous_1)
FN:50,(anonymous_2)
FN:68,(anonymous_3)
FN:69,(anonymous_4)
FN:117,(anonymous_5)
FNF:6
FNH:0
FNDA:0,(anonymous_0)
FNDA:0,(anonymous_1)
FNDA:0,(anonymous_2)
FNDA:0,(anonymous_3)
FNDA:0,(anonymous_4)
FNDA:0,(anonymous_5)
DA:20,6
DA:22,0
DA:25,6
DA:34,6
DA:35,0
DA:36,0
DA:37,0
DA:39,0
DA:44,6
DA:50,6
DA:51,0
DA:52,0
DA:53,0
DA:56,0
DA:61,6
DA:68,0
DA:70,0
DA:72,0
DA:74,0
DA:75,0
DA:78,0
DA:79,0
DA:82,0
DA:85,0
DA:115,6
DA:117,6
DA:121,6
LF:27
LH:9
BRDA:36,0,0,0
BRDA:36,0,1,0
BRDA:52,1,0,0
BRDA:52,1,1,0
BRDA:72,2,0,0
BRDA:72,2,1,0
BRDA:72,2,2,0
BRDA:85,3,0,0
BRDA:85,3,1,0
BRDA:92,4,0,6
BRDA:92,4,1,0
BRDA:102,5,0,6
BRDA:102,5,1,0
BRF:13
BRH:2
end_of_record
TN:
SF:C:\Users\nicolas.manzato\webUI-bootcamp\WebUI-project\app\components\animation\fade.js
FN:6,(anonymous_0)
FN:13,(anonymous_1)
FN:17,(anonymous_2)
FN:21,(anonymous_3)
FN:30,(anonymous_4)
FN:37,(anonymous_5)
FNF:6
FNH:6
FNDA:3,(anonymous_0)
FNDA:3,(anonymous_1)
FNDA:2,(anonymous_2)
FNDA:3,(anonymous_3)
FNDA:1,(anonymous_4)
FNDA:5,(anonymous_5)
DA:7,3
DA:9,3
DA:10,3
DA:14,3
DA:18,2
DA:22,3
DA:23,3
DA:31,1
DA:32,0
DA:33,0
DA:39,5
DA:40,5
DA:51,5
DA:53,5
LF:14
LH:12
BRDA:14,0,0,3
BRDA:14,0,1,0
BRDA:18,1,0,0
BRDA:18,1,1,2
BRDA:25,2,0,3
BRDA:25,2,1,0
BRDA:31,3,0,0
BRDA:31,3,1,1
BRDA:32,4,0,0
BRDA:32,4,1,0
BRF:10
BRH:4
end_of_record
TN:
SF:C:\Users\nicolas.manzato\webUI-bootcamp\WebUI-project\app\components\configuration\ConfigItem.js
FN:7,(anonymous_0)
FN:17,(anonymous_1)
FN:25,(anonymous_2)
FNF:3
FNH:3
FNDA:17,(anonymous_0)
FNDA:1,(anonymous_1)
FNDA:43,(anonymous_2)
DA:8,17
DA:10,17
DA:14,17
DA:18,1
DA:22,1
DA:26,43
DA:45,9
LF:7
LH:7
BRF:0
BRH:0
end_of_record
TN:
SF:C:\Users\nicolas.manzato\webUI-bootcamp\WebUI-project\app\components\configuration\ConfigList.js
FN:9,(anonymous_0)
FNF:1
FNH:1
FNDA:9,(anonymous_0)
DA:9,7
DA:11,9
DA:30,7
LF:3
LH:3
BRF:0
BRH:0
end_of_record
TN:
SF:C:\Users\nicolas.manzato\webUI-bootcamp\WebUI-project\app\components\post\post.js
FN:16,(anonymous_0)
FN:20,(anonymous_1)
FN:23,(anonymous_2)
FN:37,(anonymous_3)
FN:44,(anonymous_4)
FNF:5
FNH:5
FNDA:8,(anonymous_0)
FNDA:11,(anonymous_1)
FNDA:2,(anonymous_2)
FNDA:11,(anonymous_3)
FNDA:1,(anonymous_4)
DA:17,8
DA:22,11
DA:23,2
DA:24,2
DA:34,11
DA:38,11
DA:44,1
DA:79,10
LF:8
LH:8
BRDA:22,0,0,2
BRDA:22,0,1,9
BRDA:55,1,0,11
BRDA:55,1,1,9
BRF:4
BRH:4
end_of_record
TN:
SF:C:\Users\nicolas.manzato\webUI-bootcamp\WebUI-project\app\components\post\postDetail.js
FN:14,(anonymous_0)
FN:20,(anonymous_1)
FN:89,(anonymous_2)
FNF:3
FNH:3
FNDA:3,(anonymous_0)
FNDA:1,(anonymous_1)
FNDA:3,(anonymous_2)
DA:14,7
DA:16,3
DA:19,3
DA:20,1
DA:21,1
DA:32,3
DA:34,3
DA:89,7
DA:91,3
DA:99,7
LF:10
LH:10
BRDA:19,0,0,1
BRDA:19,0,1,2
BRDA:47,1,0,3
BRDA:47,1,1,2
BRF:4
BRH:4
end_of_record
TN:
SF:C:\Users\nicolas.manzato\webUI-bootcamp\WebUI-project\app\components\post\postList.js
FN:13,(anonymous_0)
FN:15,(anonymous_1)
FN:19,(anonymous_2)
FN:23,(anonymous_3)
FN:37,(anonymous_4)
FNF:5
FNH:3
FNDA:6,(anonymous_0)
FNDA:0,(anonymous_1)
FNDA:0,(anonymous_2)
FNDA:8,(anonymous_3)
FNDA:8,(anonymous_4)
DA:13,8
DA:15,6
DA:16,0
DA:19,6
DA:20,0
DA:23,6
DA:24,8
DA:29,6
DA:37,8
LF:9
LH:7
BRF:0
BRH:0
end_of_record
TN:
SF:C:\Users\nicolas.manzato\webUI-bootcamp\WebUI-project\app\components\post\postListElement.js
FN:15,(anonymous_0)
FN:20,(anonymous_1)
FN:24,(anonymous_2)
FNF:3
FNH:3
FNDA:7,(anonymous_0)
FNDA:1,(anonymous_1)
FNDA:10,(anonymous_2)
DA:16,7
DA:17,7
DA:21,1
DA:25,10
DA:26,10
LF:5
LH:5
BRF:0
BRH:0
end_of_record
TN:
SF:C:\Users\nicolas.manzato\webUI-bootcamp\WebUI-project\app\components\post\socialInteraction.js
FN:11,(anonymous_0)
FNF:1
FNH:1
FNDA:12,(anonymous_0)
DA:11,12
DA:12,12
DA:32,12
LF:3
LH:3
BRF:0
BRH:0
end_of_record
TN:
SF:C:\Users\nicolas.manzato\webUI-bootcamp\WebUI-project\app\components\search\searchForm.js
FN:13,(anonymous_0)
FN:22,(anonymous_1)
FN:36,(anonymous_2)
FN:43,(anonymous_3)
FN:63,(anonymous_4)
FNF:5
FNH:5
FNDA:4,(anonymous_0)
FNDA:1,(anonymous_1)
FNDA:1,(anonymous_2)
FNDA:9,(anonymous_3)
FNDA:1,(anonymous_4)
DA:10,7
DA:14,4
DA:16,4
DA:19,4
DA:23,1
DA:24,1
DA:25,1
DA:26,1
DA:27,1
DA:37,1
DA:38,1
DA:45,9
DA:56,9
DA:63,1
DA:82,7
LF:15
LH:15
BRDA:23,0,0,1
BRDA:23,0,1,0
BRDA:25,1,0,1
BRDA:25,1,1,0
BRDA:66,2,0,9
BRDA:66,2,1,3
BRF:6
BRH:4
end_of_record
TN:
SF:C:\Users\nicolas.manzato\webUI-bootcamp\WebUI-project\app\components\timeline\timeline.js
FN:17,(anonymous_0)
FN:23,(anonymous_1)
FN:27,(anonymous_2)
FNF:3
FNH:3
FNDA:5,(anonymous_0)
FNDA:5,(anonymous_1)
FNDA:6,(anonymous_2)
DA:18,5
DA:20,5
DA:24,5
DA:28,6
DA:29,2
DA:35,4
DA:52,7
LF:7
LH:7
BRDA:28,0,0,2
BRDA:28,0,1,4
BRF:2
BRH:2
end_of_record
TN:
SF:C:\Users\nicolas.manzato\webUI-bootcamp\WebUI-project\app\components\trends\trend.js
FN:10,(anonymous_0)
FN:18,(anonymous_1)
FNF:2
FNH:2
FNDA:20,(anonymous_0)
FNDA:2,(anonymous_1)
DA:10,8
DA:12,20
DA:15,20
DA:18,2
DA:36,8
LF:5
LH:5
BRDA:12,0,0,0
BRDA:12,0,1,20
BRF:2
BRH:1
end_of_record
TN:
SF:C:\Users\nicolas.manzato\webUI-bootcamp\WebUI-project\app\components\trends\trendList.js
FN:15,(anonymous_0)
FN:20,(anonymous_1)
FNF:2
FNH:2
FNDA:6,(anonymous_0)
FNDA:19,(anonymous_1)
DA:17,6
DA:19,6
DA:20,5
DA:21,19
DA:27,6
DA:37,7
LF:6
LH:6
BRDA:19,0,0,5
BRDA:19,0,1,1
BRF:2
BRH:2
end_of_record
TN:
SF:C:\Users\nicolas.manzato\webUI-bootcamp\WebUI-project\app\components\user\userProfile.js
FN:12,(anonymous_0)
FNF:1
FNH:1
FNDA:3,(anonymous_0)
DA:12,7
DA:13,3
DA:34,7
LF:3
LH:3
BRF:0
BRH:0
end_of_record
TN:
SF:C:\Users\nicolas.manzato\webUI-bootcamp\WebUI-project\app\config\routes.js
FNF:0
FNH:0
DA:7,6
DA:13,6
LF:2
LH:2
BRF:0
BRH:0
end_of_record
TN:
SF:C:\Users\nicolas.manzato\webUI-bootcamp\WebUI-project\app\screens\ConfigScreen.js
FN:17,(anonymous_0)
FN:50,mapStateToProps
FN:61,(anonymous_2)
FN:62,(anonymous_3)
FN:63,(anonymous_4)
FN:64,(anonymous_5)
FN:65,(anonymous_6)
FNF:7
FNH:7
FNDA:2,(anonymous_0)
FNDA:12,mapStateToProps
FNDA:1,(anonymous_2)
FNDA:1,(anonymous_3)
FNDA:1,(anonymous_4)
FNDA:1,(anonymous_5)
FNDA:1,(anonymous_6)
DA:17,6
DA:18,2
DA:35,6
DA:39,6
DA:43,6
DA:51,12
DA:60,6
DA:61,1
DA:62,1
DA:63,1
DA:64,1
DA:65,1
LF:12
LH:12
BRF:0
BRH:0
end_of_record
TN:
SF:C:\Users\nicolas.manzato\webUI-bootcamp\WebUI-project\app\screens\HomeScreen.js
FN:10,(anonymous_0)
FN:40,mapStateToProps
FN:49,(anonymous_2)
FN:50,(anonymous_3)
FNF:4
FNH:3
FNDA:4,(anonymous_0)
FNDA:2,mapStateToProps
FNDA:1,(anonymous_2)
FNDA:0,(anonymous_3)
DA:10,6
DA:11,4
DA:25,6
DA:29,6
DA:33,6
DA:41,2
DA:48,6
DA:49,1
DA:50,0
LF:9
LH:8
BRF:0
BRH:0
end_of_record
TN:
SF:C:\Users\nicolas.manzato\webUI-bootcamp\WebUI-project\app\screens\PostScreen.js
FN:23,(anonymous_0)
FN:31,(anonymous_1)
FN:35,(anonymous_2)
FN:52,mapStateToProps
FN:60,(anonymous_4)
FNF:5
FNH:4
FNDA:2,(anonymous_0)
FNDA:2,(anonymous_1)
FNDA:2,(anonymous_2)
FNDA:1,mapStateToProps
FNDA:0,(anonymous_4)
DA:24,2
DA:26,2
DA:32,2
DA:36,2
DA:53,1
DA:59,7
DA:60,0
DA:65,7
LF:8
LH:7
BRDA:38,0,0,2
BRDA:38,0,1,1
BRDA:43,1,0,2
BRDA:43,1,1,1
BRF:4
BRH:4
end_of_record
TN:
SF:C:\Users\nicolas.manzato\webUI-bootcamp\WebUI-project\app\screens\SearchScreen.js
FN:21,(anonymous_0)
FN:32,(anonymous_1)
FN:36,(anonymous_2)
FN:42,(anonymous_3)
FN:49,(anonymous_4)
FN:56,(anonymous_5)
FN:62,(anonymous_6)
FN:69,(anonymous_7)
FN:74,(anonymous_8)
FN:80,(anonymous_9)
FN:86,(anonymous_10)
FN:96,(anonymous_11)
FN:112,(anonymous_12)
FN:162,(anonymous_13)
FN:176,(anonymous_14)
FN:177,(anonymous_15)
FN:178,(anonymous_16)
FN:179,(anonymous_17)
FN:180,(anonymous_18)
FNF:19
FNH:11
FNDA:3,(anonymous_0)
FNDA:3,(anonymous_1)
FNDA:2,(anonymous_2)
FNDA:1,(anonymous_3)
FNDA:1,(anonymous_4)
FNDA:1,(anonymous_5)
FNDA:0,(anonymous_6)
FNDA:0,(anonymous_7)
FNDA:0,(anonymous_8)
FNDA:0,(anonymous_9)
FNDA:6,(anonymous_10)
FNDA:1,(anonymous_11)
FNDA:1,(anonymous_12)
FNDA:2,(anonymous_13)
FNDA:1,(anonymous_14)
FNDA:0,(anonymous_15)
FNDA:0,(anonymous_16)
FNDA:0,(anonymous_17)
FNDA:0,(anonymous_18)
DA:22,3
DA:24,3
DA:33,3
DA:37,2
DA:43,1
DA:44,1
DA:45,1
DA:50,1
DA:51,1
DA:52,1
DA:53,1
DA:57,1
DA:58,1
DA:63,0
DA:64,0
DA:65,0
DA:70,0
DA:71,0
DA:75,0
DA:81,0
DA:88,6
DA:96,1
DA:112,1
DA:139,6
DA:162,6
DA:163,2
DA:175,6
DA:176,1
DA:177,0
DA:178,0
DA:179,0
DA:180,0
LF:32
LH:21
BRDA:43,0,0,1
BRDA:43,0,1,0
BRDA:57,1,0,1
BRDA:57,1,1,0
BRDA:63,2,0,0
BRDA:63,2,1,0
BRDA:97,3,0,6
BRDA:97,3,1,5
BRDA:97,3,2,1
BRDA:102,4,0,6
BRDA:102,4,1,6
BRDA:102,4,2,5
BRDA:104,5,0,5
BRDA:104,5,1,5
BRDA:118,6,0,6
BRDA:118,6,1,0
BRDA:120,7,0,0
BRDA:120,7,1,0
BRF:18
BRH:11
end_of_record
TN:
SF:C:\Users\nicolas.manzato\webUI-bootcamp\WebUI-project\app\screens\UserProfileScreen.js
FN:21,(anonymous_0)
FN:29,(anonymous_1)
FN:38,(anonymous_2)
FN:55,(anonymous_3)
FN:56,(anonymous_4)
FN:67,mapStateToProps
FN:78,(anonymous_6)
FNF:7
FNH:4
FNDA:2,(anonymous_0)
FNDA:2,(anonymous_1)
FNDA:4,(anonymous_2)
FNDA:0,(anonymous_3)
FNDA:0,(anonymous_4)
FNDA:1,mapStateToProps
FNDA:0,(anonymous_6)
DA:22,2
DA:24,2
DA:30,2
DA:31,2
DA:35,2
DA:39,4
DA:68,1
DA:77,6
DA:78,0
DA:83,6
LF:10
LH:9
BRDA:41,0,0,4
BRDA:41,0,1,2
BRDA:41,0,2,2
BRDA:46,1,0,4
BRDA:46,1,1,2
BRDA:46,1,2,2
BRF:6
BRH:6
end_of_record
TN:
SF:C:\Users\nicolas.manzato\webUI-bootcamp\WebUI-project\app\store\appReducer.js
FNF:0
FNH:0
DA:10,6
LF:1
LH:1
BRF:0
BRH:0
end_of_record
TN:
SF:C:\Users\nicolas.manzato\webUI-bootcamp\WebUI-project\app\store\appSagas.js
FN:8,appSagas
FNF:1
FNH:1
FNDA:6,appSagas
DA:9,6
LF:1
LH:1
BRF:0
BRH:0
end_of_record
TN:
SF:C:\Users\nicolas.manzato\webUI-bootcamp\WebUI-project\app\store\configuration\configurationActions.js
FN:7,configToggleVerifiedOnly
FN:11,configToggleDoNotFollow
FN:15,configToggleHaveDefaultInformation
FN:19,configToggleContainsLink
FN:23,configToggleTextTruncated
FNF:5
FNH:5
FNDA:3,configToggleVerifiedOnly
FNDA:3,configToggleDoNotFollow
FNDA:3,configToggleHaveDefaultInformation
FNDA:3,configToggleContainsLink
FNDA:3,configToggleTextTruncated
DA:1,10
DA:2,10
DA:3,10
DA:4,10
DA:5,10
DA:8,3
DA:12,3
DA:16,3
DA:20,3
DA:24,3
LF:10
LH:10
BRF:0
BRH:0
end_of_record
TN:
SF:C:\Users\nicolas.manzato\webUI-bootcamp\WebUI-project\app\store\configuration\configurationReducer.js
FN:19,(anonymous_0)
FNF:1
FNH:1
FNDA:31,(anonymous_0)
DA:11,9
DA:19,9
DA:20,31
DA:22,2
DA:23,2
DA:25,2
DA:26,2
DA:28,2
DA:29,2
DA:31,2
DA:32,2
DA:34,2
DA:35,2
DA:37,21
LF:14
LH:14
BRDA:19,0,0,19
BRDA:20,1,0,2
BRDA:20,1,1,2
BRDA:20,1,2,2
BRDA:20,1,3,2
BRDA:20,1,4,2
BRDA:20,1,5,21
BRF:7
BRH:7
end_of_record
TN:
SF:C:\Users\nicolas.manzato\webUI-bootcamp\WebUI-project\app\store\configuration\configurationSelector.js
FN:1,(anonymous_0)
FNF:1
FNH:1
FNDA:9,(anonymous_0)
DA:1,9
DA:2,9
LF:2
LH:2
BRF:0
BRH:0
end_of_record
TN:
SF:C:\Users\nicolas.manzato\webUI-bootcamp\WebUI-project\app\store\navigation\navReducer.js
FN:12,(anonymous_0)
FNF:1
FNH:1
FNDA:25,(anonymous_0)
DA:6,6
DA:7,6
DA:8,6
DA:12,6
DA:14,25
DA:16,0
DA:20,0
DA:22,0
DA:26,0
DA:28,0
DA:32,0
DA:34,25
DA:35,25
DA:39,25
LF:14
LH:8
BRDA:12,0,0,18
BRDA:14,1,0,0
BRDA:14,1,1,0
BRDA:14,1,2,0
BRDA:14,1,3,25
BRDA:39,2,0,25
BRDA:39,2,1,0
BRF:7
BRH:3
end_of_record
TN:
SF:C:\Users\nicolas.manzato\webUI-bootcamp\WebUI-project\app\store\post\postActions.js
FN:27,(anonymous_0)
FN:30,(anonymous_1)
FN:33,(anonymous_2)
FN:39,(anonymous_3)
FN:42,(anonymous_4)
FN:45,(anonymous_5)
FN:51,(anonymous_6)
FN:54,(anonymous_7)
FN:57,(anonymous_8)
FN:63,(anonymous_9)
FN:66,(anonymous_10)
FN:69,(anonymous_11)
FN:75,(anonymous_12)
FN:81,(anonymous_13)
FN:85,(anonymous_14)
FN:89,(anonymous_15)
FN:95,(anonymous_16)
FN:99,(anonymous_17)
FN:103,(anonymous_18)
FNF:19
FNH:19
FNDA:2,(anonymous_0)
FNDA:2,(anonymous_1)
FNDA:2,(anonymous_2)
FNDA:1,(anonymous_3)
FNDA:2,(anonymous_4)
FNDA:2,(anonymous_5)
FNDA:1,(anonymous_6)
FNDA:2,(anonymous_7)
FNDA:2,(anonymous_8)
FNDA:1,(anonymous_9)
FNDA:2,(anonymous_10)
FNDA:2,(anonymous_11)
FNDA:1,(anonymous_12)
FNDA:1,(anonymous_13)
FNDA:2,(anonymous_14)
FNDA:2,(anonymous_15)
FNDA:1,(anonymous_16)
FNDA:2,(anonymous_17)
FNDA:2,(anonymous_18)
DA:1,10
DA:2,10
DA:3,10
DA:5,10
DA:6,10
DA:7,10
DA:9,10
DA:10,10
DA:11,10
DA:13,10
DA:14,10
DA:15,10
DA:17,10
DA:19,10
DA:20,10
DA:21,10
DA:23,10
DA:24,10
DA:25,10
DA:27,10
DA:28,2
DA:30,10
DA:31,2
DA:33,10
DA:34,2
DA:39,10
DA:40,1
DA:42,10
DA:43,2
DA:45,10
DA:46,2
DA:51,10
DA:52,1
DA:54,10
DA:55,2
DA:57,10
DA:58,2
DA:63,10
DA:64,1
DA:66,10
DA:67,2
DA:69,10
DA:70,2
DA:75,10
DA:76,1
DA:81,10
DA:82,1
DA:85,10
DA:86,2
DA:89,10
DA:90,2
DA:95,10
DA:96,1
DA:99,10
DA:100,2
DA:103,10
DA:104,2
LF:57
LH:57
BRF:0
BRH:0
end_of_record
TN:
SF:C:\Users\nicolas.manzato\webUI-bootcamp\WebUI-project\app\store\post\postReducer.js
FN:46,(anonymous_0)
FNF:1
FNH:1
FNDA:45,(anonymous_0)
DA:23,8
DA:46,8
DA:47,45
DA:50,2
DA:51,2
DA:53,1
DA:54,1
DA:56,0
DA:57,0
DA:60,1
DA:61,1
DA:63,1
DA:64,1
DA:66,2
DA:67,2
DA:70,1
DA:71,1
DA:73,1
DA:74,1
DA:76,1
DA:77,1
DA:80,1
DA:81,1
DA:83,1
DA:84,1
DA:86,1
DA:87,1
DA:90,1
DA:91,1
DA:94,1
DA:95,1
DA:97,1
DA:98,1
DA:100,1
DA:101,1
DA:104,1
DA:105,1
DA:107,1
DA:108,1
DA:110,1
DA:111,1
DA:114,25
LF:42
LH:40
BRDA:46,0,0,19
BRDA:47,1,0,2
BRDA:47,1,1,1
BRDA:47,1,2,0
BRDA:47,1,3,1
BRDA:47,1,4,1
BRDA:47,1,5,2
BRDA:47,1,6,1
BRDA:47,1,7,1
BRDA:47,1,8,1
BRDA:47,1,9,1
BRDA:47,1,10,1
BRDA:47,1,11,1
BRDA:47,1,12,1
BRDA:47,1,13,1
BRDA:47,1,14,1
BRDA:47,1,15,1
BRDA:47,1,16,1
BRDA:47,1,17,1
BRDA:47,1,18,1
BRDA:47,1,19,25
BRF:21
BRH:20
end_of_record
TN:
SF:C:\Users\nicolas.manzato\webUI-bootcamp\WebUI-project\app\store\post\postSagas.js
FN:39,loadTimeline
FN:53,watchLoadTimeline
FN:57,infiniteScrollTimeline
FN:71,watchInfiniteScrollTimeline
FN:75,searchForPost
FN:88,watchSearchForPost
FN:92,searchMorePost
FN:107,watchSearchMorePost
FN:111,showPost
FN:124,watchShowPost
FN:128,loadUserProfileTimeline
FN:141,watchLoadUserProfileTimeline
FN:145,onUserProfileLoaded
FN:149,watchUserProfileLoaded
FN:153,postSagas
FN:165,(anonymous_15)
FNF:16
FNH:15
FNDA:3,loadTimeline
FNDA:6,watchLoadTimeline
FNDA:2,infiniteScrollTimeline
FNDA:6,watchInfiniteScrollTimeline
FNDA:2,searchForPost
FNDA:6,watchSearchForPost
FNDA:2,searchMorePost
FNDA:6,watchSearchMorePost
FNDA:2,showPost
FNDA:6,watchShowPost
FNDA:2,loadUserProfileTimeline
FNDA:6,watchLoadUserProfileTimeline
FNDA:0,onUserProfileLoaded
FNDA:6,watchUserProfileLoaded
FNDA:6,postSagas
FNDA:5,(anonymous_15)
DA:35,7
DA:36,7
DA:37,7
DA:41,3
DA:43,3
DA:44,3
DA:45,1
DA:46,1
DA:48,1
DA:49,1
DA:54,6
DA:58,2
DA:60,2
DA:61,1
DA:62,1
DA:63,1
DA:64,1
DA:66,1
DA:67,1
DA:72,6
DA:76,2
DA:77,2
DA:78,1
DA:79,1
DA:80,1
DA:81,1
DA:83,1
DA:84,1
DA:89,6
DA:93,2
DA:94,2
DA:95,1
DA:96,1
DA:98,1
DA:99,1
DA:100,1
DA:102,1
DA:103,1
DA:108,6
DA:112,2
DA:113,2
DA:114,1
DA:115,1
DA:116,1
DA:117,1
DA:119,1
DA:120,1
DA:125,6
DA:129,2
DA:130,2
DA:131,1
DA:132,1
DA:133,1
DA:134,1
DA:136,1
DA:137,1
DA:142,6
DA:146,0
DA:150,6
DA:154,6
DA:165,7
DA:166,5
LF:62
LH:61
BRF:0
BRH:0
end_of_record
TN:
SF:C:\Users\nicolas.manzato\webUI-bootcamp\WebUI-project\app\store\post\postSelector.js
FN:4,(anonymous_0)
FN:10,(anonymous_1)
FN:14,(anonymous_2)
FN:18,(anonymous_3)
FN:23,(anonymous_4)
FN:27,(anonymous_5)
FN:31,(anonymous_6)
FNF:7
FNH:7
FNDA:1,(anonymous_0)
FNDA:9,(anonymous_1)
FNDA:1,(anonymous_2)
FNDA:1,(anonymous_3)
FNDA:1,(anonymous_4)
FNDA:8,(anonymous_5)
FNDA:36,(anonymous_6)
DA:4,8
DA:5,1
DA:6,1
DA:7,0
DA:10,8
DA:11,9
DA:14,8
DA:15,1
DA:18,8
DA:19,1
DA:20,1
DA:23,8
DA:24,1
DA:27,8
DA:29,8
DA:30,8
DA:31,8
DA:33,36
DA:34,34
DA:35,32
DA:36,30
DA:37,28
DA:39,24
LF:23
LH:22
BRDA:6,0,0,1
BRDA:6,0,1,0
BRDA:33,1,0,2
BRDA:33,1,1,34
BRDA:33,2,0,36
BRDA:33,2,1,6
BRDA:34,3,0,2
BRDA:34,3,1,32
BRDA:34,4,0,34
BRDA:34,4,1,6
BRDA:35,5,0,2
BRDA:35,5,1,30
BRDA:35,6,0,32
BRDA:35,6,1,6
BRDA:36,7,0,2
BRDA:36,7,1,28
BRDA:36,8,0,30
BRDA:36,8,1,6
BRDA:37,9,0,4
BRDA:37,9,1,24
BRDA:37,10,0,28
BRDA:37,10,1,6
BRF:22
BRH:21
end_of_record
TN:
SF:C:\Users\nicolas.manzato\webUI-bootcamp\WebUI-project\app\store\post\mock\postMock.js
FNF:0
FNH:0
LF:0
LH:0
BRF:0
BRH:0
end_of_record
TN:
SF:C:\Users\nicolas.manzato\webUI-bootcamp\WebUI-project\app\store\post\mock\postMock2.js
FNF:0
FNH:0
LF:0
LH:0
BRF:0
BRH:0
end_of_record
TN:
SF:C:\Users\nicolas.manzato\webUI-bootcamp\WebUI-project\app\store\post\mock\postMock3.js
FNF:0
FNH:0
LF:0
LH:0
BRF:0
BRH:0
end_of_record
TN:
SF:C:\Users\nicolas.manzato\webUI-bootcamp\WebUI-project\app\store\trend\trendActions.js
FN:6,requestTrendsLoad
FN:10,successTrendsLoad
FN:14,failureTrendsLoad
FN:18,resetTrends
FNF:4
FNH:4
FNDA:3,requestTrendsLoad
FNDA:3,successTrendsLoad
FNDA:3,failureTrendsLoad
FNDA:2,resetTrends
DA:1,9
DA:2,9
DA:3,9
DA:4,9
DA:7,3
DA:11,3
DA:15,3
DA:19,2
LF:8
LH:8
BRF:0
BRH:0
end_of_record
TN:
SF:C:\Users\nicolas.manzato\webUI-bootcamp\WebUI-project\app\store\trend\trendReducer.js
FN:16,(anonymous_0)
FNF:1
FNH:1
FNDA:30,(anonymous_0)
DA:8,8
DA:16,8
DA:17,30
DA:19,2
DA:20,2
DA:22,1
DA:23,1
DA:25,1
DA:26,1
DA:28,1
DA:29,1
DA:31,25
LF:12
LH:12
BRDA:16,0,0,19
BRDA:17,1,0,2
BRDA:17,1,1,1
BRDA:17,1,2,1
BRDA:17,1,3,1
BRDA:17,1,4,25
BRF:6
BRH:6
end_of_record
TN:
SF:C:\Users\nicolas.manzato\webUI-bootcamp\WebUI-project\app\store\trend\trendSagas.js
FN:13,loadTrends
FN:25,watchLoadTrends
FN:29,trendSagas
FNF:3
FNH:3
FNDA:3,loadTrends
FNDA:6,watchLoadTrends
FNDA:6,trendSagas
DA:10,7
DA:14,3
DA:15,3
DA:16,3
DA:17,2
DA:18,1
DA:20,1
DA:21,0
DA:26,6
DA:30,6
LF:10
LH:9
BRF:0
BRH:0
end_of_record
TN:
SF:C:\Users\nicolas.manzato\webUI-bootcamp\WebUI-project\app\store\trend\mock\trendMock.js
FNF:0
FNH:0
LF:0
LH:0
BRF:0
BRH:0
end_of_record
TN:
SF:C:\Users\nicolas.manzato\webUI-bootcamp\WebUI-project\app\store\user\userActions.js
FN:5,(anonymous_0)
FN:9,(anonymous_1)
FN:13,(anonymous_2)
FNF:3
FNH:3
FNDA:1,(anonymous_0)
FNDA:2,(anonymous_1)
FNDA:2,(anonymous_2)
DA:1,10
DA:2,10
DA:3,10
DA:5,10
DA:6,1
DA:9,10
DA:10,2
DA:13,10
DA:14,2
LF:9
LH:9
BRF:0
BRH:0
end_of_record
TN:
SF:C:\Users\nicolas.manzato\webUI-bootcamp\WebUI-project\app\store\user\userReducer.js
FN:16,(anonymous_0)
FNF:1
FNH:1
FNDA:29,(anonymous_0)
DA:7,8
DA:16,8
DA:17,29
DA:19,1
DA:20,1
DA:22,1
DA:23,1
DA:25,1
DA:26,1
DA:28,26
LF:10
LH:10
BRDA:16,0,0,19
BRDA:17,1,0,1
BRDA:17,1,1,1
BRDA:17,1,2,1
BRDA:17,1,3,26
BRF:5
BRH:5
end_of_record
TN:
SF:C:\Users\nicolas.manzato\webUI-bootcamp\WebUI-project\app\store\user\userSagas.js
FN:13,loadUserProfile
FN:26,watchUserProfile
FN:30,userSagas
FNF:3
FNH:3
FNDA:2,loadUserProfile
FNDA:6,watchUserProfile
FNDA:6,userSagas
DA:11,7
DA:14,2
DA:15,2
DA:16,2
DA:17,2
DA:18,1
DA:19,1
DA:21,1
DA:27,6
DA:31,6
LF:10
LH:10
BRF:0
BRH:0
end_of_record
TN:
SF:C:\Users\nicolas.manzato\webUI-bootcamp\WebUI-project\app\store\user\userSelector.js
FN:1,(anonymous_0)
FNF:1
FNH:1
FNDA:1,(anonymous_0)
DA:1,10
DA:2,1
LF:2
LH:2
BRF:0
BRH:0
end_of_record
TN:
SF:C:\Users\nicolas.manzato\webUI-bootcamp\WebUI-project\app\store\user\mock\userProfileMock.js
FNF:0
FNH:0
LF:0
LH:0
BRF:0
BRH:0
end_of_record
